   1              		.cpu cortex-m4
   2              		.eabi_attribute 27, 1
   3              		.eabi_attribute 28, 1
   4              		.eabi_attribute 20, 1
   5              		.eabi_attribute 21, 1
   6              		.eabi_attribute 23, 3
   7              		.eabi_attribute 24, 1
   8              		.eabi_attribute 25, 1
   9              		.eabi_attribute 26, 1
  10              		.eabi_attribute 30, 1
  11              		.eabi_attribute 34, 1
  12              		.eabi_attribute 18, 4
  13              		.file	"system_stm32l4xx.c"
  14              		.text
  15              	.Ltext0:
  16              		.cfi_sections	.debug_frame
  17              		.section	.text.SystemInit,"ax",%progbits
  18              		.align	1
  19              		.global	SystemInit
  20              		.syntax unified
  21              		.thumb
  22              		.thumb_func
  23              		.fpu fpv4-sp-d16
  25              	SystemInit:
  26              	.LFB132:
  27              		.file 1 "../system/src/cmsis/stm32l4xx/system_stm32l4xx.c"
   1:../system/src/cmsis/stm32l4xx/system_stm32l4xx.c **** /**
   2:../system/src/cmsis/stm32l4xx/system_stm32l4xx.c ****   ******************************************************************************
   3:../system/src/cmsis/stm32l4xx/system_stm32l4xx.c ****   * @file    system_stm32l4xx.c
   4:../system/src/cmsis/stm32l4xx/system_stm32l4xx.c ****   * @author  MCD Application Team
   5:../system/src/cmsis/stm32l4xx/system_stm32l4xx.c ****   * @brief   CMSIS Cortex-M4 Device Peripheral Access Layer System Source File
   6:../system/src/cmsis/stm32l4xx/system_stm32l4xx.c ****   *
   7:../system/src/cmsis/stm32l4xx/system_stm32l4xx.c ****   *   This file provides two functions and one global variable to be called from
   8:../system/src/cmsis/stm32l4xx/system_stm32l4xx.c ****   *   user application:
   9:../system/src/cmsis/stm32l4xx/system_stm32l4xx.c ****   *      - SystemInit(): This function is called at startup just after reset and
  10:../system/src/cmsis/stm32l4xx/system_stm32l4xx.c ****   *                      before branch to main program. This call is made inside
  11:../system/src/cmsis/stm32l4xx/system_stm32l4xx.c ****   *                      the "startup_stm32l4xx.s" file.
  12:../system/src/cmsis/stm32l4xx/system_stm32l4xx.c ****   *
  13:../system/src/cmsis/stm32l4xx/system_stm32l4xx.c ****   *      - SystemCoreClock variable: Contains the core clock (HCLK), it can be used
  14:../system/src/cmsis/stm32l4xx/system_stm32l4xx.c ****   *                                  by the user application to setup the SysTick
  15:../system/src/cmsis/stm32l4xx/system_stm32l4xx.c ****   *                                  timer or configure other parameters.
  16:../system/src/cmsis/stm32l4xx/system_stm32l4xx.c ****   *
  17:../system/src/cmsis/stm32l4xx/system_stm32l4xx.c ****   *      - SystemCoreClockUpdate(): Updates the variable SystemCoreClock and must
  18:../system/src/cmsis/stm32l4xx/system_stm32l4xx.c ****   *                                 be called whenever the core clock is changed
  19:../system/src/cmsis/stm32l4xx/system_stm32l4xx.c ****   *                                 during program execution.
  20:../system/src/cmsis/stm32l4xx/system_stm32l4xx.c ****   *
  21:../system/src/cmsis/stm32l4xx/system_stm32l4xx.c ****   *   After each device reset the MSI (4 MHz) is used as system clock source.
  22:../system/src/cmsis/stm32l4xx/system_stm32l4xx.c ****   *   Then SystemInit() function is called, in "startup_stm32l4xx.s" file, to
  23:../system/src/cmsis/stm32l4xx/system_stm32l4xx.c ****   *   configure the system clock before to branch to main program.
  24:../system/src/cmsis/stm32l4xx/system_stm32l4xx.c ****   *
  25:../system/src/cmsis/stm32l4xx/system_stm32l4xx.c ****   *   This file configures the system clock as follows:
  26:../system/src/cmsis/stm32l4xx/system_stm32l4xx.c ****   *=============================================================================
  27:../system/src/cmsis/stm32l4xx/system_stm32l4xx.c ****   *-----------------------------------------------------------------------------
  28:../system/src/cmsis/stm32l4xx/system_stm32l4xx.c ****   *        System Clock source                    | MSI
  29:../system/src/cmsis/stm32l4xx/system_stm32l4xx.c ****   *-----------------------------------------------------------------------------
  30:../system/src/cmsis/stm32l4xx/system_stm32l4xx.c ****   *        SYSCLK(Hz)                             | 4000000
  31:../system/src/cmsis/stm32l4xx/system_stm32l4xx.c ****   *-----------------------------------------------------------------------------
  32:../system/src/cmsis/stm32l4xx/system_stm32l4xx.c ****   *        HCLK(Hz)                               | 4000000
  33:../system/src/cmsis/stm32l4xx/system_stm32l4xx.c ****   *-----------------------------------------------------------------------------
  34:../system/src/cmsis/stm32l4xx/system_stm32l4xx.c ****   *        AHB Prescaler                          | 1
  35:../system/src/cmsis/stm32l4xx/system_stm32l4xx.c ****   *-----------------------------------------------------------------------------
  36:../system/src/cmsis/stm32l4xx/system_stm32l4xx.c ****   *        APB1 Prescaler                         | 1
  37:../system/src/cmsis/stm32l4xx/system_stm32l4xx.c ****   *-----------------------------------------------------------------------------
  38:../system/src/cmsis/stm32l4xx/system_stm32l4xx.c ****   *        APB2 Prescaler                         | 1
  39:../system/src/cmsis/stm32l4xx/system_stm32l4xx.c ****   *-----------------------------------------------------------------------------
  40:../system/src/cmsis/stm32l4xx/system_stm32l4xx.c ****   *        PLL_M                                  | 1
  41:../system/src/cmsis/stm32l4xx/system_stm32l4xx.c ****   *-----------------------------------------------------------------------------
  42:../system/src/cmsis/stm32l4xx/system_stm32l4xx.c ****   *        PLL_N                                  | 8
  43:../system/src/cmsis/stm32l4xx/system_stm32l4xx.c ****   *-----------------------------------------------------------------------------
  44:../system/src/cmsis/stm32l4xx/system_stm32l4xx.c ****   *        PLL_P                                  | 7
  45:../system/src/cmsis/stm32l4xx/system_stm32l4xx.c ****   *-----------------------------------------------------------------------------
  46:../system/src/cmsis/stm32l4xx/system_stm32l4xx.c ****   *        PLL_Q                                  | 2
  47:../system/src/cmsis/stm32l4xx/system_stm32l4xx.c ****   *-----------------------------------------------------------------------------
  48:../system/src/cmsis/stm32l4xx/system_stm32l4xx.c ****   *        PLL_R                                  | 2
  49:../system/src/cmsis/stm32l4xx/system_stm32l4xx.c ****   *-----------------------------------------------------------------------------
  50:../system/src/cmsis/stm32l4xx/system_stm32l4xx.c ****   *        PLLSAI1_P                              | NA
  51:../system/src/cmsis/stm32l4xx/system_stm32l4xx.c ****   *-----------------------------------------------------------------------------
  52:../system/src/cmsis/stm32l4xx/system_stm32l4xx.c ****   *        PLLSAI1_Q                              | NA
  53:../system/src/cmsis/stm32l4xx/system_stm32l4xx.c ****   *-----------------------------------------------------------------------------
  54:../system/src/cmsis/stm32l4xx/system_stm32l4xx.c ****   *        PLLSAI1_R                              | NA
  55:../system/src/cmsis/stm32l4xx/system_stm32l4xx.c ****   *-----------------------------------------------------------------------------
  56:../system/src/cmsis/stm32l4xx/system_stm32l4xx.c ****   *        PLLSAI2_P                              | NA
  57:../system/src/cmsis/stm32l4xx/system_stm32l4xx.c ****   *-----------------------------------------------------------------------------
  58:../system/src/cmsis/stm32l4xx/system_stm32l4xx.c ****   *        PLLSAI2_Q                              | NA
  59:../system/src/cmsis/stm32l4xx/system_stm32l4xx.c ****   *-----------------------------------------------------------------------------
  60:../system/src/cmsis/stm32l4xx/system_stm32l4xx.c ****   *        PLLSAI2_R                              | NA
  61:../system/src/cmsis/stm32l4xx/system_stm32l4xx.c ****   *-----------------------------------------------------------------------------
  62:../system/src/cmsis/stm32l4xx/system_stm32l4xx.c ****   *        Require 48MHz for USB OTG FS,          | Disabled
  63:../system/src/cmsis/stm32l4xx/system_stm32l4xx.c ****   *        SDIO and RNG clock                     |
  64:../system/src/cmsis/stm32l4xx/system_stm32l4xx.c ****   *-----------------------------------------------------------------------------
  65:../system/src/cmsis/stm32l4xx/system_stm32l4xx.c ****   *=============================================================================
  66:../system/src/cmsis/stm32l4xx/system_stm32l4xx.c ****   ******************************************************************************
  67:../system/src/cmsis/stm32l4xx/system_stm32l4xx.c ****   * @attention
  68:../system/src/cmsis/stm32l4xx/system_stm32l4xx.c ****   *
  69:../system/src/cmsis/stm32l4xx/system_stm32l4xx.c ****   * <h2><center>&copy; Copyright (c) 2017 STMicroelectronics.
  70:../system/src/cmsis/stm32l4xx/system_stm32l4xx.c ****   * All rights reserved.</center></h2>
  71:../system/src/cmsis/stm32l4xx/system_stm32l4xx.c ****   *
  72:../system/src/cmsis/stm32l4xx/system_stm32l4xx.c ****   * This software component is licensed by ST under Apache License, Version 2.0,
  73:../system/src/cmsis/stm32l4xx/system_stm32l4xx.c ****   * the "License"; You may not use this file except in compliance with the
  74:../system/src/cmsis/stm32l4xx/system_stm32l4xx.c ****   * License. You may obtain a copy of the License at:
  75:../system/src/cmsis/stm32l4xx/system_stm32l4xx.c ****   *                        opensource.org/licenses/Apache-2.0
  76:../system/src/cmsis/stm32l4xx/system_stm32l4xx.c ****   *
  77:../system/src/cmsis/stm32l4xx/system_stm32l4xx.c ****   ******************************************************************************
  78:../system/src/cmsis/stm32l4xx/system_stm32l4xx.c ****   */
  79:../system/src/cmsis/stm32l4xx/system_stm32l4xx.c **** 
  80:../system/src/cmsis/stm32l4xx/system_stm32l4xx.c **** /** @addtogroup CMSIS
  81:../system/src/cmsis/stm32l4xx/system_stm32l4xx.c ****   * @{
  82:../system/src/cmsis/stm32l4xx/system_stm32l4xx.c ****   */
  83:../system/src/cmsis/stm32l4xx/system_stm32l4xx.c **** 
  84:../system/src/cmsis/stm32l4xx/system_stm32l4xx.c **** /** @addtogroup stm32l4xx_system
  85:../system/src/cmsis/stm32l4xx/system_stm32l4xx.c ****   * @{
  86:../system/src/cmsis/stm32l4xx/system_stm32l4xx.c ****   */
  87:../system/src/cmsis/stm32l4xx/system_stm32l4xx.c **** 
  88:../system/src/cmsis/stm32l4xx/system_stm32l4xx.c **** /** @addtogroup STM32L4xx_System_Private_Includes
  89:../system/src/cmsis/stm32l4xx/system_stm32l4xx.c ****   * @{
  90:../system/src/cmsis/stm32l4xx/system_stm32l4xx.c ****   */
  91:../system/src/cmsis/stm32l4xx/system_stm32l4xx.c **** 
  92:../system/src/cmsis/stm32l4xx/system_stm32l4xx.c **** #include "stm32l4xx.h"
  93:../system/src/cmsis/stm32l4xx/system_stm32l4xx.c **** 
  94:../system/src/cmsis/stm32l4xx/system_stm32l4xx.c **** /**
  95:../system/src/cmsis/stm32l4xx/system_stm32l4xx.c ****   * @}
  96:../system/src/cmsis/stm32l4xx/system_stm32l4xx.c ****   */
  97:../system/src/cmsis/stm32l4xx/system_stm32l4xx.c **** 
  98:../system/src/cmsis/stm32l4xx/system_stm32l4xx.c **** /** @addtogroup STM32L4xx_System_Private_TypesDefinitions
  99:../system/src/cmsis/stm32l4xx/system_stm32l4xx.c ****   * @{
 100:../system/src/cmsis/stm32l4xx/system_stm32l4xx.c ****   */
 101:../system/src/cmsis/stm32l4xx/system_stm32l4xx.c **** 
 102:../system/src/cmsis/stm32l4xx/system_stm32l4xx.c **** /**
 103:../system/src/cmsis/stm32l4xx/system_stm32l4xx.c ****   * @}
 104:../system/src/cmsis/stm32l4xx/system_stm32l4xx.c ****   */
 105:../system/src/cmsis/stm32l4xx/system_stm32l4xx.c **** 
 106:../system/src/cmsis/stm32l4xx/system_stm32l4xx.c **** /** @addtogroup STM32L4xx_System_Private_Defines
 107:../system/src/cmsis/stm32l4xx/system_stm32l4xx.c ****   * @{
 108:../system/src/cmsis/stm32l4xx/system_stm32l4xx.c ****   */
 109:../system/src/cmsis/stm32l4xx/system_stm32l4xx.c **** 
 110:../system/src/cmsis/stm32l4xx/system_stm32l4xx.c **** #if !defined  (HSE_VALUE)
 111:../system/src/cmsis/stm32l4xx/system_stm32l4xx.c ****   #define HSE_VALUE    8000000U  /*!< Value of the External oscillator in Hz */
 112:../system/src/cmsis/stm32l4xx/system_stm32l4xx.c **** #endif /* HSE_VALUE */
 113:../system/src/cmsis/stm32l4xx/system_stm32l4xx.c **** 
 114:../system/src/cmsis/stm32l4xx/system_stm32l4xx.c **** #if !defined  (MSI_VALUE)
 115:../system/src/cmsis/stm32l4xx/system_stm32l4xx.c ****   #define MSI_VALUE    4000000U  /*!< Value of the Internal oscillator in Hz*/
 116:../system/src/cmsis/stm32l4xx/system_stm32l4xx.c **** #endif /* MSI_VALUE */
 117:../system/src/cmsis/stm32l4xx/system_stm32l4xx.c **** 
 118:../system/src/cmsis/stm32l4xx/system_stm32l4xx.c **** #if !defined  (HSI_VALUE)
 119:../system/src/cmsis/stm32l4xx/system_stm32l4xx.c ****   #define HSI_VALUE    16000000U /*!< Value of the Internal oscillator in Hz*/
 120:../system/src/cmsis/stm32l4xx/system_stm32l4xx.c **** #endif /* HSI_VALUE */
 121:../system/src/cmsis/stm32l4xx/system_stm32l4xx.c **** 
 122:../system/src/cmsis/stm32l4xx/system_stm32l4xx.c **** /* Note: Following vector table addresses must be defined in line with linker
 123:../system/src/cmsis/stm32l4xx/system_stm32l4xx.c ****          configuration. */
 124:../system/src/cmsis/stm32l4xx/system_stm32l4xx.c **** /*!< Uncomment the following line if you need to relocate the vector table
 125:../system/src/cmsis/stm32l4xx/system_stm32l4xx.c ****      anywhere in Flash or Sram, else the vector table is kept at the automatic
 126:../system/src/cmsis/stm32l4xx/system_stm32l4xx.c ****      remap of boot address selected */
 127:../system/src/cmsis/stm32l4xx/system_stm32l4xx.c **** /* #define USER_VECT_TAB_ADDRESS */
 128:../system/src/cmsis/stm32l4xx/system_stm32l4xx.c **** 
 129:../system/src/cmsis/stm32l4xx/system_stm32l4xx.c **** #if defined(USER_VECT_TAB_ADDRESS)
 130:../system/src/cmsis/stm32l4xx/system_stm32l4xx.c **** /*!< Uncomment the following line if you need to relocate your vector Table
 131:../system/src/cmsis/stm32l4xx/system_stm32l4xx.c ****      in Sram else user remap will be done in Flash. */
 132:../system/src/cmsis/stm32l4xx/system_stm32l4xx.c **** /* #define VECT_TAB_SRAM */
 133:../system/src/cmsis/stm32l4xx/system_stm32l4xx.c **** 
 134:../system/src/cmsis/stm32l4xx/system_stm32l4xx.c **** #if defined(VECT_TAB_SRAM)
 135:../system/src/cmsis/stm32l4xx/system_stm32l4xx.c **** #define VECT_TAB_BASE_ADDRESS   SRAM1_BASE      /*!< Vector Table base address field.
 136:../system/src/cmsis/stm32l4xx/system_stm32l4xx.c ****                                                      This value must be a multiple of 0x200. */
 137:../system/src/cmsis/stm32l4xx/system_stm32l4xx.c **** #define VECT_TAB_OFFSET         0x00000000U     /*!< Vector Table base offset field.
 138:../system/src/cmsis/stm32l4xx/system_stm32l4xx.c ****                                                      This value must be a multiple of 0x200. */
 139:../system/src/cmsis/stm32l4xx/system_stm32l4xx.c **** #else
 140:../system/src/cmsis/stm32l4xx/system_stm32l4xx.c **** #define VECT_TAB_BASE_ADDRESS   FLASH_BASE      /*!< Vector Table base address field.
 141:../system/src/cmsis/stm32l4xx/system_stm32l4xx.c ****                                                      This value must be a multiple of 0x200. */
 142:../system/src/cmsis/stm32l4xx/system_stm32l4xx.c **** #define VECT_TAB_OFFSET         0x00000000U     /*!< Vector Table base offset field.
 143:../system/src/cmsis/stm32l4xx/system_stm32l4xx.c ****                                                      This value must be a multiple of 0x200. */
 144:../system/src/cmsis/stm32l4xx/system_stm32l4xx.c **** #endif /* VECT_TAB_SRAM */
 145:../system/src/cmsis/stm32l4xx/system_stm32l4xx.c **** #endif /* USER_VECT_TAB_ADDRESS */
 146:../system/src/cmsis/stm32l4xx/system_stm32l4xx.c **** 
 147:../system/src/cmsis/stm32l4xx/system_stm32l4xx.c **** /******************************************************************************/
 148:../system/src/cmsis/stm32l4xx/system_stm32l4xx.c **** /**
 149:../system/src/cmsis/stm32l4xx/system_stm32l4xx.c ****   * @}
 150:../system/src/cmsis/stm32l4xx/system_stm32l4xx.c ****   */
 151:../system/src/cmsis/stm32l4xx/system_stm32l4xx.c **** 
 152:../system/src/cmsis/stm32l4xx/system_stm32l4xx.c **** /** @addtogroup STM32L4xx_System_Private_Macros
 153:../system/src/cmsis/stm32l4xx/system_stm32l4xx.c ****   * @{
 154:../system/src/cmsis/stm32l4xx/system_stm32l4xx.c ****   */
 155:../system/src/cmsis/stm32l4xx/system_stm32l4xx.c **** 
 156:../system/src/cmsis/stm32l4xx/system_stm32l4xx.c **** /**
 157:../system/src/cmsis/stm32l4xx/system_stm32l4xx.c ****   * @}
 158:../system/src/cmsis/stm32l4xx/system_stm32l4xx.c ****   */
 159:../system/src/cmsis/stm32l4xx/system_stm32l4xx.c **** 
 160:../system/src/cmsis/stm32l4xx/system_stm32l4xx.c **** /** @addtogroup STM32L4xx_System_Private_Variables
 161:../system/src/cmsis/stm32l4xx/system_stm32l4xx.c ****   * @{
 162:../system/src/cmsis/stm32l4xx/system_stm32l4xx.c ****   */
 163:../system/src/cmsis/stm32l4xx/system_stm32l4xx.c ****   /* The SystemCoreClock variable is updated in three ways:
 164:../system/src/cmsis/stm32l4xx/system_stm32l4xx.c ****       1) by calling CMSIS function SystemCoreClockUpdate()
 165:../system/src/cmsis/stm32l4xx/system_stm32l4xx.c ****       2) by calling HAL API function HAL_RCC_GetHCLKFreq()
 166:../system/src/cmsis/stm32l4xx/system_stm32l4xx.c ****       3) each time HAL_RCC_ClockConfig() is called to configure the system clock frequency
 167:../system/src/cmsis/stm32l4xx/system_stm32l4xx.c ****          Note: If you use this function to configure the system clock; then there
 168:../system/src/cmsis/stm32l4xx/system_stm32l4xx.c ****                is no need to call the 2 first functions listed above, since SystemCoreClock
 169:../system/src/cmsis/stm32l4xx/system_stm32l4xx.c ****                variable is updated automatically.
 170:../system/src/cmsis/stm32l4xx/system_stm32l4xx.c ****   */
 171:../system/src/cmsis/stm32l4xx/system_stm32l4xx.c ****   uint32_t SystemCoreClock = 4000000U;
 172:../system/src/cmsis/stm32l4xx/system_stm32l4xx.c **** 
 173:../system/src/cmsis/stm32l4xx/system_stm32l4xx.c ****   const uint8_t  AHBPrescTable[16] = {0U, 0U, 0U, 0U, 0U, 0U, 0U, 0U, 1U, 2U, 3U, 4U, 6U, 7U, 8U, 9
 174:../system/src/cmsis/stm32l4xx/system_stm32l4xx.c ****   const uint8_t  APBPrescTable[8] =  {0U, 0U, 0U, 0U, 1U, 2U, 3U, 4U};
 175:../system/src/cmsis/stm32l4xx/system_stm32l4xx.c ****   const uint32_t MSIRangeTable[12] = {100000U,   200000U,   400000U,   800000U,  1000000U,  2000000
 176:../system/src/cmsis/stm32l4xx/system_stm32l4xx.c ****                                       4000000U, 8000000U, 16000000U, 24000000U, 32000000U, 48000000
 177:../system/src/cmsis/stm32l4xx/system_stm32l4xx.c **** /**
 178:../system/src/cmsis/stm32l4xx/system_stm32l4xx.c ****   * @}
 179:../system/src/cmsis/stm32l4xx/system_stm32l4xx.c ****   */
 180:../system/src/cmsis/stm32l4xx/system_stm32l4xx.c **** 
 181:../system/src/cmsis/stm32l4xx/system_stm32l4xx.c **** /** @addtogroup STM32L4xx_System_Private_FunctionPrototypes
 182:../system/src/cmsis/stm32l4xx/system_stm32l4xx.c ****   * @{
 183:../system/src/cmsis/stm32l4xx/system_stm32l4xx.c ****   */
 184:../system/src/cmsis/stm32l4xx/system_stm32l4xx.c **** 
 185:../system/src/cmsis/stm32l4xx/system_stm32l4xx.c **** /**
 186:../system/src/cmsis/stm32l4xx/system_stm32l4xx.c ****   * @}
 187:../system/src/cmsis/stm32l4xx/system_stm32l4xx.c ****   */
 188:../system/src/cmsis/stm32l4xx/system_stm32l4xx.c **** 
 189:../system/src/cmsis/stm32l4xx/system_stm32l4xx.c **** /** @addtogroup STM32L4xx_System_Private_Functions
 190:../system/src/cmsis/stm32l4xx/system_stm32l4xx.c ****   * @{
 191:../system/src/cmsis/stm32l4xx/system_stm32l4xx.c ****   */
 192:../system/src/cmsis/stm32l4xx/system_stm32l4xx.c **** 
 193:../system/src/cmsis/stm32l4xx/system_stm32l4xx.c **** /**
 194:../system/src/cmsis/stm32l4xx/system_stm32l4xx.c ****   * @brief  Setup the microcontroller system.
 195:../system/src/cmsis/stm32l4xx/system_stm32l4xx.c ****   * @retval None
 196:../system/src/cmsis/stm32l4xx/system_stm32l4xx.c ****   */
 197:../system/src/cmsis/stm32l4xx/system_stm32l4xx.c **** 
 198:../system/src/cmsis/stm32l4xx/system_stm32l4xx.c **** void SystemInit(void)
 199:../system/src/cmsis/stm32l4xx/system_stm32l4xx.c **** {
  28              		.loc 1 199 0
  29              		.cfi_startproc
  30              		@ args = 0, pretend = 0, frame = 0
  31              		@ frame_needed = 0, uses_anonymous_args = 0
  32              		@ link register save eliminated.
 200:../system/src/cmsis/stm32l4xx/system_stm32l4xx.c **** #if defined(USER_VECT_TAB_ADDRESS)
 201:../system/src/cmsis/stm32l4xx/system_stm32l4xx.c ****   /* Configure the Vector Table location -------------------------------------*/
 202:../system/src/cmsis/stm32l4xx/system_stm32l4xx.c ****   SCB->VTOR = VECT_TAB_BASE_ADDRESS | VECT_TAB_OFFSET;
 203:../system/src/cmsis/stm32l4xx/system_stm32l4xx.c **** #endif
 204:../system/src/cmsis/stm32l4xx/system_stm32l4xx.c **** 
 205:../system/src/cmsis/stm32l4xx/system_stm32l4xx.c ****   /* FPU settings ------------------------------------------------------------*/
 206:../system/src/cmsis/stm32l4xx/system_stm32l4xx.c **** #if (__FPU_PRESENT == 1) && (__FPU_USED == 1)
 207:../system/src/cmsis/stm32l4xx/system_stm32l4xx.c ****   SCB->CPACR |= ((3UL << 20U)|(3UL << 22U));  /* set CP10 and CP11 Full Access */
  33              		.loc 1 207 0
  34 0000 0E4A     		ldr	r2, .L2
  35 0002 D2F88830 		ldr	r3, [r2, #136]
  36 0006 43F47003 		orr	r3, r3, #15728640
  37 000a C2F88830 		str	r3, [r2, #136]
 208:../system/src/cmsis/stm32l4xx/system_stm32l4xx.c **** #endif
 209:../system/src/cmsis/stm32l4xx/system_stm32l4xx.c **** 
 210:../system/src/cmsis/stm32l4xx/system_stm32l4xx.c ****   /* Reset the RCC clock configuration to the default reset state ------------*/
 211:../system/src/cmsis/stm32l4xx/system_stm32l4xx.c ****   /* Set MSION bit */
 212:../system/src/cmsis/stm32l4xx/system_stm32l4xx.c ****   RCC->CR |= RCC_CR_MSION;
  38              		.loc 1 212 0
  39 000e 0C4B     		ldr	r3, .L2+4
  40 0010 1A68     		ldr	r2, [r3]
  41 0012 42F00102 		orr	r2, r2, #1
  42 0016 1A60     		str	r2, [r3]
 213:../system/src/cmsis/stm32l4xx/system_stm32l4xx.c **** 
 214:../system/src/cmsis/stm32l4xx/system_stm32l4xx.c ****   /* Reset CFGR register */
 215:../system/src/cmsis/stm32l4xx/system_stm32l4xx.c ****   RCC->CFGR = 0x00000000U;
  43              		.loc 1 215 0
  44 0018 0021     		movs	r1, #0
  45 001a 9960     		str	r1, [r3, #8]
 216:../system/src/cmsis/stm32l4xx/system_stm32l4xx.c **** 
 217:../system/src/cmsis/stm32l4xx/system_stm32l4xx.c ****   /* Reset HSEON, CSSON , HSION, and PLLON bits */
 218:../system/src/cmsis/stm32l4xx/system_stm32l4xx.c ****   RCC->CR &= 0xEAF6FFFFU;
  46              		.loc 1 218 0
  47 001c 1A68     		ldr	r2, [r3]
  48 001e 22F0A852 		bic	r2, r2, #352321536
  49 0022 22F41022 		bic	r2, r2, #589824
  50 0026 1A60     		str	r2, [r3]
 219:../system/src/cmsis/stm32l4xx/system_stm32l4xx.c **** 
 220:../system/src/cmsis/stm32l4xx/system_stm32l4xx.c ****   /* Reset PLLCFGR register */
 221:../system/src/cmsis/stm32l4xx/system_stm32l4xx.c ****   RCC->PLLCFGR = 0x00001000U;
  51              		.loc 1 221 0
  52 0028 4FF48052 		mov	r2, #4096
  53 002c DA60     		str	r2, [r3, #12]
 222:../system/src/cmsis/stm32l4xx/system_stm32l4xx.c **** 
 223:../system/src/cmsis/stm32l4xx/system_stm32l4xx.c ****   /* Reset HSEBYP bit */
 224:../system/src/cmsis/stm32l4xx/system_stm32l4xx.c ****   RCC->CR &= 0xFFFBFFFFU;
  54              		.loc 1 224 0
  55 002e 1A68     		ldr	r2, [r3]
  56 0030 22F48022 		bic	r2, r2, #262144
  57 0034 1A60     		str	r2, [r3]
 225:../system/src/cmsis/stm32l4xx/system_stm32l4xx.c **** 
 226:../system/src/cmsis/stm32l4xx/system_stm32l4xx.c ****   /* Disable all interrupts */
 227:../system/src/cmsis/stm32l4xx/system_stm32l4xx.c ****   RCC->CIER = 0x00000000U;
  58              		.loc 1 227 0
  59 0036 9961     		str	r1, [r3, #24]
 228:../system/src/cmsis/stm32l4xx/system_stm32l4xx.c **** }
  60              		.loc 1 228 0
  61 0038 7047     		bx	lr
  62              	.L3:
  63 003a 00BF     		.align	2
  64              	.L2:
  65 003c 00ED00E0 		.word	-536810240
  66 0040 00100240 		.word	1073876992
  67              		.cfi_endproc
  68              	.LFE132:
  70              		.section	.text.SystemCoreClockUpdate,"ax",%progbits
  71              		.align	1
  72              		.global	SystemCoreClockUpdate
  73              		.syntax unified
  74              		.thumb
  75              		.thumb_func
  76              		.fpu fpv4-sp-d16
  78              	SystemCoreClockUpdate:
  79              	.LFB133:
 229:../system/src/cmsis/stm32l4xx/system_stm32l4xx.c **** 
 230:../system/src/cmsis/stm32l4xx/system_stm32l4xx.c **** /**
 231:../system/src/cmsis/stm32l4xx/system_stm32l4xx.c ****   * @brief  Update SystemCoreClock variable according to Clock Register Values.
 232:../system/src/cmsis/stm32l4xx/system_stm32l4xx.c ****   *         The SystemCoreClock variable contains the core clock (HCLK), it can
 233:../system/src/cmsis/stm32l4xx/system_stm32l4xx.c ****   *         be used by the user application to setup the SysTick timer or configure
 234:../system/src/cmsis/stm32l4xx/system_stm32l4xx.c ****   *         other parameters.
 235:../system/src/cmsis/stm32l4xx/system_stm32l4xx.c ****   *
 236:../system/src/cmsis/stm32l4xx/system_stm32l4xx.c ****   * @note   Each time the core clock (HCLK) changes, this function must be called
 237:../system/src/cmsis/stm32l4xx/system_stm32l4xx.c ****   *         to update SystemCoreClock variable value. Otherwise, any configuration
 238:../system/src/cmsis/stm32l4xx/system_stm32l4xx.c ****   *         based on this variable will be incorrect.
 239:../system/src/cmsis/stm32l4xx/system_stm32l4xx.c ****   *
 240:../system/src/cmsis/stm32l4xx/system_stm32l4xx.c ****   * @note   - The system frequency computed by this function is not the real
 241:../system/src/cmsis/stm32l4xx/system_stm32l4xx.c ****   *           frequency in the chip. It is calculated based on the predefined
 242:../system/src/cmsis/stm32l4xx/system_stm32l4xx.c ****   *           constant and the selected clock source:
 243:../system/src/cmsis/stm32l4xx/system_stm32l4xx.c ****   *
 244:../system/src/cmsis/stm32l4xx/system_stm32l4xx.c ****   *           - If SYSCLK source is MSI, SystemCoreClock will contain the MSI_VALUE(*)
 245:../system/src/cmsis/stm32l4xx/system_stm32l4xx.c ****   *
 246:../system/src/cmsis/stm32l4xx/system_stm32l4xx.c ****   *           - If SYSCLK source is HSI, SystemCoreClock will contain the HSI_VALUE(**)
 247:../system/src/cmsis/stm32l4xx/system_stm32l4xx.c ****   *
 248:../system/src/cmsis/stm32l4xx/system_stm32l4xx.c ****   *           - If SYSCLK source is HSE, SystemCoreClock will contain the HSE_VALUE(***)
 249:../system/src/cmsis/stm32l4xx/system_stm32l4xx.c ****   *
 250:../system/src/cmsis/stm32l4xx/system_stm32l4xx.c ****   *           - If SYSCLK source is PLL, SystemCoreClock will contain the HSE_VALUE(***)
 251:../system/src/cmsis/stm32l4xx/system_stm32l4xx.c ****   *             or HSI_VALUE(*) or MSI_VALUE(*) multiplied/divided by the PLL factors.
 252:../system/src/cmsis/stm32l4xx/system_stm32l4xx.c ****   *
 253:../system/src/cmsis/stm32l4xx/system_stm32l4xx.c ****   *         (*) MSI_VALUE is a constant defined in stm32l4xx_hal.h file (default value
 254:../system/src/cmsis/stm32l4xx/system_stm32l4xx.c ****   *             4 MHz) but the real value may vary depending on the variations
 255:../system/src/cmsis/stm32l4xx/system_stm32l4xx.c ****   *             in voltage and temperature.
 256:../system/src/cmsis/stm32l4xx/system_stm32l4xx.c ****   *
 257:../system/src/cmsis/stm32l4xx/system_stm32l4xx.c ****   *         (**) HSI_VALUE is a constant defined in stm32l4xx_hal.h file (default value
 258:../system/src/cmsis/stm32l4xx/system_stm32l4xx.c ****   *              16 MHz) but the real value may vary depending on the variations
 259:../system/src/cmsis/stm32l4xx/system_stm32l4xx.c ****   *              in voltage and temperature.
 260:../system/src/cmsis/stm32l4xx/system_stm32l4xx.c ****   *
 261:../system/src/cmsis/stm32l4xx/system_stm32l4xx.c ****   *         (***) HSE_VALUE is a constant defined in stm32l4xx_hal.h file (default value
 262:../system/src/cmsis/stm32l4xx/system_stm32l4xx.c ****   *              8 MHz), user has to ensure that HSE_VALUE is same as the real
 263:../system/src/cmsis/stm32l4xx/system_stm32l4xx.c ****   *              frequency of the crystal used. Otherwise, this function may
 264:../system/src/cmsis/stm32l4xx/system_stm32l4xx.c ****   *              have wrong result.
 265:../system/src/cmsis/stm32l4xx/system_stm32l4xx.c ****   *
 266:../system/src/cmsis/stm32l4xx/system_stm32l4xx.c ****   *         - The result of this function could be not correct when using fractional
 267:../system/src/cmsis/stm32l4xx/system_stm32l4xx.c ****   *           value for HSE crystal.
 268:../system/src/cmsis/stm32l4xx/system_stm32l4xx.c ****   *
 269:../system/src/cmsis/stm32l4xx/system_stm32l4xx.c ****   * @retval None
 270:../system/src/cmsis/stm32l4xx/system_stm32l4xx.c ****   */
 271:../system/src/cmsis/stm32l4xx/system_stm32l4xx.c **** void SystemCoreClockUpdate(void)
 272:../system/src/cmsis/stm32l4xx/system_stm32l4xx.c **** {
  80              		.loc 1 272 0
  81              		.cfi_startproc
  82              		@ args = 0, pretend = 0, frame = 0
  83              		@ frame_needed = 0, uses_anonymous_args = 0
  84              		@ link register save eliminated.
 273:../system/src/cmsis/stm32l4xx/system_stm32l4xx.c ****   uint32_t tmp, msirange, pllvco, pllsource, pllm, pllr;
 274:../system/src/cmsis/stm32l4xx/system_stm32l4xx.c **** 
 275:../system/src/cmsis/stm32l4xx/system_stm32l4xx.c ****   /* Get MSI Range frequency--------------------------------------------------*/
 276:../system/src/cmsis/stm32l4xx/system_stm32l4xx.c ****   if ((RCC->CR & RCC_CR_MSIRGSEL) == 0U)
  85              		.loc 1 276 0
  86 0000 2F4B     		ldr	r3, .L19
  87 0002 1B68     		ldr	r3, [r3]
  88 0004 13F0080F 		tst	r3, #8
  89 0008 16D1     		bne	.L5
 277:../system/src/cmsis/stm32l4xx/system_stm32l4xx.c ****   { /* MSISRANGE from RCC_CSR applies */
 278:../system/src/cmsis/stm32l4xx/system_stm32l4xx.c ****     msirange = (RCC->CSR & RCC_CSR_MSISRANGE) >> 8U;
  90              		.loc 1 278 0
  91 000a 2D4B     		ldr	r3, .L19
  92 000c D3F89430 		ldr	r3, [r3, #148]
  93 0010 C3F30323 		ubfx	r3, r3, #8, #4
  94              	.LVL0:
  95              	.L6:
 279:../system/src/cmsis/stm32l4xx/system_stm32l4xx.c ****   }
 280:../system/src/cmsis/stm32l4xx/system_stm32l4xx.c ****   else
 281:../system/src/cmsis/stm32l4xx/system_stm32l4xx.c ****   { /* MSIRANGE from RCC_CR applies */
 282:../system/src/cmsis/stm32l4xx/system_stm32l4xx.c ****     msirange = (RCC->CR & RCC_CR_MSIRANGE) >> 4U;
 283:../system/src/cmsis/stm32l4xx/system_stm32l4xx.c ****   }
 284:../system/src/cmsis/stm32l4xx/system_stm32l4xx.c ****   /*MSI frequency range in HZ*/
 285:../system/src/cmsis/stm32l4xx/system_stm32l4xx.c ****   msirange = MSIRangeTable[msirange];
  96              		.loc 1 285 0
  97 0014 2B4A     		ldr	r2, .L19+4
  98 0016 52F82310 		ldr	r1, [r2, r3, lsl #2]
  99              	.LVL1:
 286:../system/src/cmsis/stm32l4xx/system_stm32l4xx.c **** 
 287:../system/src/cmsis/stm32l4xx/system_stm32l4xx.c ****   /* Get SYSCLK source -------------------------------------------------------*/
 288:../system/src/cmsis/stm32l4xx/system_stm32l4xx.c ****   switch (RCC->CFGR & RCC_CFGR_SWS)
 100              		.loc 1 288 0
 101 001a 294A     		ldr	r2, .L19
 102 001c 9368     		ldr	r3, [r2, #8]
 103 001e 03F00C03 		and	r3, r3, #12
 104 0022 0C2B     		cmp	r3, #12
 105 0024 48D8     		bhi	.L7
 106 0026 DFE803F0 		tbb	[pc, r3]
 107              	.L9:
 108 002a 0C       		.byte	(.L8-.L9)/2
 109 002b 47       		.byte	(.L7-.L9)/2
 110 002c 47       		.byte	(.L7-.L9)/2
 111 002d 47       		.byte	(.L7-.L9)/2
 112 002e 19       		.byte	(.L10-.L9)/2
 113 002f 47       		.byte	(.L7-.L9)/2
 114 0030 47       		.byte	(.L7-.L9)/2
 115 0031 47       		.byte	(.L7-.L9)/2
 116 0032 1D       		.byte	(.L11-.L9)/2
 117 0033 47       		.byte	(.L7-.L9)/2
 118 0034 47       		.byte	(.L7-.L9)/2
 119 0035 47       		.byte	(.L7-.L9)/2
 120 0036 21       		.byte	(.L12-.L9)/2
 121              	.LVL2:
 122 0037 00       		.p2align 1
 123              	.L5:
 282:../system/src/cmsis/stm32l4xx/system_stm32l4xx.c ****   }
 124              		.loc 1 282 0
 125 0038 214B     		ldr	r3, .L19
 126 003a 1B68     		ldr	r3, [r3]
 127 003c C3F30313 		ubfx	r3, r3, #4, #4
 128              	.LVL3:
 129 0040 E8E7     		b	.L6
 130              	.LVL4:
 131              	.L8:
 289:../system/src/cmsis/stm32l4xx/system_stm32l4xx.c ****   {
 290:../system/src/cmsis/stm32l4xx/system_stm32l4xx.c ****     case 0x00:  /* MSI used as system clock source */
 291:../system/src/cmsis/stm32l4xx/system_stm32l4xx.c ****       SystemCoreClock = msirange;
 132              		.loc 1 291 0
 133 0042 214B     		ldr	r3, .L19+8
 134 0044 1960     		str	r1, [r3]
 135              	.LVL5:
 136              	.L13:
 292:../system/src/cmsis/stm32l4xx/system_stm32l4xx.c ****       break;
 293:../system/src/cmsis/stm32l4xx/system_stm32l4xx.c **** 
 294:../system/src/cmsis/stm32l4xx/system_stm32l4xx.c ****     case 0x04:  /* HSI used as system clock source */
 295:../system/src/cmsis/stm32l4xx/system_stm32l4xx.c ****       SystemCoreClock = HSI_VALUE;
 296:../system/src/cmsis/stm32l4xx/system_stm32l4xx.c ****       break;
 297:../system/src/cmsis/stm32l4xx/system_stm32l4xx.c **** 
 298:../system/src/cmsis/stm32l4xx/system_stm32l4xx.c ****     case 0x08:  /* HSE used as system clock source */
 299:../system/src/cmsis/stm32l4xx/system_stm32l4xx.c ****       SystemCoreClock = HSE_VALUE;
 300:../system/src/cmsis/stm32l4xx/system_stm32l4xx.c ****       break;
 301:../system/src/cmsis/stm32l4xx/system_stm32l4xx.c **** 
 302:../system/src/cmsis/stm32l4xx/system_stm32l4xx.c ****     case 0x0C:  /* PLL used as system clock  source */
 303:../system/src/cmsis/stm32l4xx/system_stm32l4xx.c ****       /* PLL_VCO = (HSE_VALUE or HSI_VALUE or MSI_VALUE/ PLLM) * PLLN
 304:../system/src/cmsis/stm32l4xx/system_stm32l4xx.c ****          SYSCLK = PLL_VCO / PLLR
 305:../system/src/cmsis/stm32l4xx/system_stm32l4xx.c ****          */
 306:../system/src/cmsis/stm32l4xx/system_stm32l4xx.c ****       pllsource = (RCC->PLLCFGR & RCC_PLLCFGR_PLLSRC);
 307:../system/src/cmsis/stm32l4xx/system_stm32l4xx.c ****       pllm = ((RCC->PLLCFGR & RCC_PLLCFGR_PLLM) >> 4U) + 1U ;
 308:../system/src/cmsis/stm32l4xx/system_stm32l4xx.c **** 
 309:../system/src/cmsis/stm32l4xx/system_stm32l4xx.c ****       switch (pllsource)
 310:../system/src/cmsis/stm32l4xx/system_stm32l4xx.c ****       {
 311:../system/src/cmsis/stm32l4xx/system_stm32l4xx.c ****         case 0x02:  /* HSI used as PLL clock source */
 312:../system/src/cmsis/stm32l4xx/system_stm32l4xx.c ****           pllvco = (HSI_VALUE / pllm);
 313:../system/src/cmsis/stm32l4xx/system_stm32l4xx.c ****           break;
 314:../system/src/cmsis/stm32l4xx/system_stm32l4xx.c **** 
 315:../system/src/cmsis/stm32l4xx/system_stm32l4xx.c ****         case 0x03:  /* HSE used as PLL clock source */
 316:../system/src/cmsis/stm32l4xx/system_stm32l4xx.c ****           pllvco = (HSE_VALUE / pllm);
 317:../system/src/cmsis/stm32l4xx/system_stm32l4xx.c ****           break;
 318:../system/src/cmsis/stm32l4xx/system_stm32l4xx.c **** 
 319:../system/src/cmsis/stm32l4xx/system_stm32l4xx.c ****         default:    /* MSI used as PLL clock source */
 320:../system/src/cmsis/stm32l4xx/system_stm32l4xx.c ****           pllvco = (msirange / pllm);
 321:../system/src/cmsis/stm32l4xx/system_stm32l4xx.c ****           break;
 322:../system/src/cmsis/stm32l4xx/system_stm32l4xx.c ****       }
 323:../system/src/cmsis/stm32l4xx/system_stm32l4xx.c ****       pllvco = pllvco * ((RCC->PLLCFGR & RCC_PLLCFGR_PLLN) >> 8U);
 324:../system/src/cmsis/stm32l4xx/system_stm32l4xx.c ****       pllr = (((RCC->PLLCFGR & RCC_PLLCFGR_PLLR) >> 25U) + 1U) * 2U;
 325:../system/src/cmsis/stm32l4xx/system_stm32l4xx.c ****       SystemCoreClock = pllvco/pllr;
 326:../system/src/cmsis/stm32l4xx/system_stm32l4xx.c ****       break;
 327:../system/src/cmsis/stm32l4xx/system_stm32l4xx.c **** 
 328:../system/src/cmsis/stm32l4xx/system_stm32l4xx.c ****     default:
 329:../system/src/cmsis/stm32l4xx/system_stm32l4xx.c ****       SystemCoreClock = msirange;
 330:../system/src/cmsis/stm32l4xx/system_stm32l4xx.c ****       break;
 331:../system/src/cmsis/stm32l4xx/system_stm32l4xx.c ****   }
 332:../system/src/cmsis/stm32l4xx/system_stm32l4xx.c ****   /* Compute HCLK clock frequency --------------------------------------------*/
 333:../system/src/cmsis/stm32l4xx/system_stm32l4xx.c ****   /* Get HCLK prescaler */
 334:../system/src/cmsis/stm32l4xx/system_stm32l4xx.c ****   tmp = AHBPrescTable[((RCC->CFGR & RCC_CFGR_HPRE) >> 4U)];
 137              		.loc 1 334 0
 138 0046 1E4B     		ldr	r3, .L19
 139 0048 9B68     		ldr	r3, [r3, #8]
 140 004a C3F30313 		ubfx	r3, r3, #4, #4
 141 004e 1F4A     		ldr	r2, .L19+12
 142 0050 D15C     		ldrb	r1, [r2, r3]	@ zero_extendqisi2
 143              	.LVL6:
 335:../system/src/cmsis/stm32l4xx/system_stm32l4xx.c ****   /* HCLK clock frequency */
 336:../system/src/cmsis/stm32l4xx/system_stm32l4xx.c ****   SystemCoreClock >>= tmp;
 144              		.loc 1 336 0
 145 0052 1D4A     		ldr	r2, .L19+8
 146 0054 1368     		ldr	r3, [r2]
 147 0056 CB40     		lsrs	r3, r3, r1
 148 0058 1360     		str	r3, [r2]
 337:../system/src/cmsis/stm32l4xx/system_stm32l4xx.c **** }
 149              		.loc 1 337 0
 150 005a 7047     		bx	lr
 151              	.LVL7:
 152              	.L10:
 295:../system/src/cmsis/stm32l4xx/system_stm32l4xx.c ****       break;
 153              		.loc 1 295 0
 154 005c 1A4B     		ldr	r3, .L19+8
 155 005e 1C4A     		ldr	r2, .L19+16
 156 0060 1A60     		str	r2, [r3]
 296:../system/src/cmsis/stm32l4xx/system_stm32l4xx.c **** 
 157              		.loc 1 296 0
 158 0062 F0E7     		b	.L13
 159              	.L11:
 299:../system/src/cmsis/stm32l4xx/system_stm32l4xx.c ****       break;
 160              		.loc 1 299 0
 161 0064 184B     		ldr	r3, .L19+8
 162 0066 1B4A     		ldr	r2, .L19+20
 163 0068 1A60     		str	r2, [r3]
 300:../system/src/cmsis/stm32l4xx/system_stm32l4xx.c **** 
 164              		.loc 1 300 0
 165 006a ECE7     		b	.L13
 166              	.L12:
 306:../system/src/cmsis/stm32l4xx/system_stm32l4xx.c ****       pllm = ((RCC->PLLCFGR & RCC_PLLCFGR_PLLM) >> 4U) + 1U ;
 167              		.loc 1 306 0
 168 006c 144B     		ldr	r3, .L19
 169 006e DA68     		ldr	r2, [r3, #12]
 170 0070 02F00302 		and	r2, r2, #3
 171              	.LVL8:
 307:../system/src/cmsis/stm32l4xx/system_stm32l4xx.c **** 
 172              		.loc 1 307 0
 173 0074 DB68     		ldr	r3, [r3, #12]
 174 0076 C3F30213 		ubfx	r3, r3, #4, #3
 175 007a 0133     		adds	r3, r3, #1
 176              	.LVL9:
 309:../system/src/cmsis/stm32l4xx/system_stm32l4xx.c ****       {
 177              		.loc 1 309 0
 178 007c 022A     		cmp	r2, #2
 179 007e 04D0     		beq	.L15
 180 0080 032A     		cmp	r2, #3
 181 0082 15D0     		beq	.L16
 320:../system/src/cmsis/stm32l4xx/system_stm32l4xx.c ****           break;
 182              		.loc 1 320 0
 183 0084 B1FBF3F3 		udiv	r3, r1, r3
 184              	.LVL10:
 321:../system/src/cmsis/stm32l4xx/system_stm32l4xx.c ****       }
 185              		.loc 1 321 0
 186 0088 02E0     		b	.L17
 187              	.LVL11:
 188              	.L15:
 312:../system/src/cmsis/stm32l4xx/system_stm32l4xx.c ****           break;
 189              		.loc 1 312 0
 190 008a 114A     		ldr	r2, .L19+16
 191              	.LVL12:
 192 008c B2FBF3F3 		udiv	r3, r2, r3
 193              	.LVL13:
 194              	.L17:
 323:../system/src/cmsis/stm32l4xx/system_stm32l4xx.c ****       pllr = (((RCC->PLLCFGR & RCC_PLLCFGR_PLLR) >> 25U) + 1U) * 2U;
 195              		.loc 1 323 0
 196 0090 0B49     		ldr	r1, .L19
 197              	.LVL14:
 198 0092 CA68     		ldr	r2, [r1, #12]
 199 0094 C2F30622 		ubfx	r2, r2, #8, #7
 200 0098 03FB02F3 		mul	r3, r3, r2
 201              	.LVL15:
 324:../system/src/cmsis/stm32l4xx/system_stm32l4xx.c ****       SystemCoreClock = pllvco/pllr;
 202              		.loc 1 324 0
 203 009c CA68     		ldr	r2, [r1, #12]
 204 009e C2F34162 		ubfx	r2, r2, #25, #2
 205 00a2 0132     		adds	r2, r2, #1
 206 00a4 5200     		lsls	r2, r2, #1
 207              	.LVL16:
 325:../system/src/cmsis/stm32l4xx/system_stm32l4xx.c ****       break;
 208              		.loc 1 325 0
 209 00a6 B3FBF2F3 		udiv	r3, r3, r2
 210              	.LVL17:
 211 00aa 074A     		ldr	r2, .L19+8
 212              	.LVL18:
 213 00ac 1360     		str	r3, [r2]
 326:../system/src/cmsis/stm32l4xx/system_stm32l4xx.c **** 
 214              		.loc 1 326 0
 215 00ae CAE7     		b	.L13
 216              	.LVL19:
 217              	.L16:
 316:../system/src/cmsis/stm32l4xx/system_stm32l4xx.c ****           break;
 218              		.loc 1 316 0
 219 00b0 084A     		ldr	r2, .L19+20
 220              	.LVL20:
 221 00b2 B2FBF3F3 		udiv	r3, r2, r3
 222              	.LVL21:
 317:../system/src/cmsis/stm32l4xx/system_stm32l4xx.c **** 
 223              		.loc 1 317 0
 224 00b6 EBE7     		b	.L17
 225              	.LVL22:
 226              	.L7:
 329:../system/src/cmsis/stm32l4xx/system_stm32l4xx.c ****       break;
 227              		.loc 1 329 0
 228 00b8 034B     		ldr	r3, .L19+8
 229 00ba 1960     		str	r1, [r3]
 330:../system/src/cmsis/stm32l4xx/system_stm32l4xx.c ****   }
 230              		.loc 1 330 0
 231 00bc C3E7     		b	.L13
 232              	.L20:
 233 00be 00BF     		.align	2
 234              	.L19:
 235 00c0 00100240 		.word	1073876992
 236 00c4 00000000 		.word	.LANCHOR0
 237 00c8 00000000 		.word	.LANCHOR1
 238 00cc 00000000 		.word	.LANCHOR2
 239 00d0 0024F400 		.word	16000000
 240 00d4 00127A00 		.word	8000000
 241              		.cfi_endproc
 242              	.LFE133:
 244              		.global	MSIRangeTable
 245              		.global	APBPrescTable
 246              		.global	AHBPrescTable
 247              		.global	SystemCoreClock
 248              		.section	.data.SystemCoreClock,"aw",%progbits
 249              		.align	2
 250              		.set	.LANCHOR1,. + 0
 253              	SystemCoreClock:
 254 0000 00093D00 		.word	4000000
 255              		.section	.rodata.AHBPrescTable,"a",%progbits
 256              		.align	2
 257              		.set	.LANCHOR2,. + 0
 260              	AHBPrescTable:
 261 0000 00       		.byte	0
 262 0001 00       		.byte	0
 263 0002 00       		.byte	0
 264 0003 00       		.byte	0
 265 0004 00       		.byte	0
 266 0005 00       		.byte	0
 267 0006 00       		.byte	0
 268 0007 00       		.byte	0
 269 0008 01       		.byte	1
 270 0009 02       		.byte	2
 271 000a 03       		.byte	3
 272 000b 04       		.byte	4
 273 000c 06       		.byte	6
 274 000d 07       		.byte	7
 275 000e 08       		.byte	8
 276 000f 09       		.byte	9
 277              		.section	.rodata.APBPrescTable,"a",%progbits
 278              		.align	2
 281              	APBPrescTable:
 282 0000 00       		.byte	0
 283 0001 00       		.byte	0
 284 0002 00       		.byte	0
 285 0003 00       		.byte	0
 286 0004 01       		.byte	1
 287 0005 02       		.byte	2
 288 0006 03       		.byte	3
 289 0007 04       		.byte	4
 290              		.section	.rodata.MSIRangeTable,"a",%progbits
 291              		.align	2
 292              		.set	.LANCHOR0,. + 0
 295              	MSIRangeTable:
 296 0000 A0860100 		.word	100000
 297 0004 400D0300 		.word	200000
 298 0008 801A0600 		.word	400000
 299 000c 00350C00 		.word	800000
 300 0010 40420F00 		.word	1000000
 301 0014 80841E00 		.word	2000000
 302 0018 00093D00 		.word	4000000
 303 001c 00127A00 		.word	8000000
 304 0020 0024F400 		.word	16000000
 305 0024 00366E01 		.word	24000000
 306 0028 0048E801 		.word	32000000
 307 002c 006CDC02 		.word	48000000
 308              		.text
 309              	.Letext0:
 310              		.file 2 "/usr/local/bin/gcc-arm-none-eabi-7-2018-q2-update/lib/gcc/arm-none-eabi/7.3.1/include/std
 311              		.file 3 "../system/include/cmsis/stm32l4xx/core_cm4.h"
 312              		.file 4 "../system/include/cmsis/stm32l4xx/device/system_stm32l4xx.h"
 313              		.file 5 "../system/include/cmsis/stm32l4xx/device/stm32l471xx.h"
DEFINED SYMBOLS
                            *ABS*:0000000000000000 system_stm32l4xx.c
     /tmp/ccxucvSq.s:18     .text.SystemInit:0000000000000000 $t
     /tmp/ccxucvSq.s:25     .text.SystemInit:0000000000000000 SystemInit
     /tmp/ccxucvSq.s:65     .text.SystemInit:000000000000003c $d
     /tmp/ccxucvSq.s:71     .text.SystemCoreClockUpdate:0000000000000000 $t
     /tmp/ccxucvSq.s:78     .text.SystemCoreClockUpdate:0000000000000000 SystemCoreClockUpdate
     /tmp/ccxucvSq.s:108    .text.SystemCoreClockUpdate:000000000000002a $d
     /tmp/ccxucvSq.s:235    .text.SystemCoreClockUpdate:00000000000000c0 $d
     /tmp/ccxucvSq.s:295    .rodata.MSIRangeTable:0000000000000000 MSIRangeTable
     /tmp/ccxucvSq.s:281    .rodata.APBPrescTable:0000000000000000 APBPrescTable
     /tmp/ccxucvSq.s:260    .rodata.AHBPrescTable:0000000000000000 AHBPrescTable
     /tmp/ccxucvSq.s:253    .data.SystemCoreClock:0000000000000000 SystemCoreClock
     /tmp/ccxucvSq.s:249    .data.SystemCoreClock:0000000000000000 $d
     /tmp/ccxucvSq.s:256    .rodata.AHBPrescTable:0000000000000000 $d
     /tmp/ccxucvSq.s:278    .rodata.APBPrescTable:0000000000000000 $d
     /tmp/ccxucvSq.s:291    .rodata.MSIRangeTable:0000000000000000 $d
     /tmp/ccxucvSq.s:122    .text.SystemCoreClockUpdate:0000000000000037 $d
     /tmp/ccxucvSq.s:122    .text.SystemCoreClockUpdate:0000000000000038 $t
                           .group:0000000000000000 wm4.0.95bc707da9dcffdc6c8c58936cbc8421
                           .group:0000000000000000 wm4.stm32l4xx.h.39.54a1fe1e096c7852edd649652f013a11
                           .group:0000000000000000 wm4.stm32l471xx.h.35.e78ad65c513105dda311dc495ac74d04
                           .group:0000000000000000 wm4.stdintgcc.h.29.6d480f4ba0f60596e88234283d42444f
                           .group:0000000000000000 wm4.cmsis_version.h.32.46e8eccfa2cfeaae11d008bb2823a3ed
                           .group:0000000000000000 wm4.core_cm4.h.66.e4ff136c4a17abc46741866f64f8e729
                           .group:0000000000000000 wm4.cmsis_gcc.h.26.b6144e50d34fc998dd4c2cfb6387cf91
                           .group:0000000000000000 wm4.core_cm4.h.174.fcddd62df80231752fa39eb9b61dadfe
                           .group:0000000000000000 wm4.mpu_armv7.h.32.4049752bb5792d4e15357775e9506cfc
                           .group:0000000000000000 wm4.stm32l471xx.h.423.ceac761476affad641a3347d7727acfd
                           .group:0000000000000000 wm4.stm32l4xx.h.197.fb1c68184133668ca24c44c29ba4361f

NO UNDEFINED SYMBOLS
