   1              		.cpu cortex-m4
   2              		.eabi_attribute 27, 1
   3              		.eabi_attribute 28, 1
   4              		.eabi_attribute 20, 1
   5              		.eabi_attribute 21, 1
   6              		.eabi_attribute 23, 3
   7              		.eabi_attribute 24, 1
   8              		.eabi_attribute 25, 1
   9              		.eabi_attribute 26, 1
  10              		.eabi_attribute 30, 1
  11              		.eabi_attribute 34, 1
  12              		.eabi_attribute 18, 4
  13              		.file	"crc.c"
  14              		.text
  15              	.Ltext0:
  16              		.cfi_sections	.debug_frame
  17              		.section	.text.updcrc_ccitt,"ax",%progbits
  18              		.align	1
  19              		.syntax unified
  20              		.thumb
  21              		.thumb_func
  22              		.fpu fpv4-sp-d16
  24              	updcrc_ccitt:
  25              	.LFB0:
  26              		.file 1 "../system/include/aprs/crc.h"
   1:../system/include/aprs/crc.h **** #ifndef CRC_H_
   2:../system/include/aprs/crc.h **** #define CRC_H_
   3:../system/include/aprs/crc.h **** 
   4:../system/include/aprs/crc.h **** #include <stdint.h>
   5:../system/include/aprs/crc.h **** 
   6:../system/include/aprs/crc.h **** #include <macros.h>
   7:../system/include/aprs/crc.h **** 
   8:../system/include/aprs/crc.h **** extern const uint16_t crc_ccitt_tab[256];
   9:../system/include/aprs/crc.h **** #ifdef __cplusplus
  10:../system/include/aprs/crc.h **** extern "C"
  11:../system/include/aprs/crc.h **** {
  12:../system/include/aprs/crc.h **** #endif
  13:../system/include/aprs/crc.h **** /**************************************************************************************************
  14:../system/include/aprs/crc.h **** static uint16_t updcrc_ccitt(uint8_t c, uint16_t oldcrc) {
  27              		.loc 1 14 0
  28              		.cfi_startproc
  29              		@ args = 0, pretend = 0, frame = 0
  30              		@ frame_needed = 0, uses_anonymous_args = 0
  31              		@ link register save eliminated.
  32              	.LVL0:
  15:../system/include/aprs/crc.h **** /**************************************************************************************************
  16:../system/include/aprs/crc.h **** 
  17:../system/include/aprs/crc.h **** 	return (oldcrc >> 8) ^ pgm_read16(&crc_ccitt_tab[(oldcrc ^ c) & 0xff]);
  33              		.loc 1 17 0
  34 0000 4840     		eors	r0, r0, r1
  35              	.LVL1:
  36 0002 C0B2     		uxtb	r0, r0
  37 0004 024B     		ldr	r3, .L2
  38 0006 33F81000 		ldrh	r0, [r3, r0, lsl #1]
  18:../system/include/aprs/crc.h **** }
  39              		.loc 1 18 0
  40 000a 80EA1120 		eor	r0, r0, r1, lsr #8
  41 000e 7047     		bx	lr
  42              	.L3:
  43              		.align	2
  44              	.L2:
  45 0010 00000000 		.word	.LANCHOR0
  46              		.cfi_endproc
  47              	.LFE0:
  49              		.section	.text.crc_ccitt,"ax",%progbits
  50              		.align	1
  51              		.global	crc_ccitt
  52              		.syntax unified
  53              		.thumb
  54              		.thumb_func
  55              		.fpu fpv4-sp-d16
  57              	crc_ccitt:
  58              	.LFB1:
  59              		.file 2 "../system/src/aprs/crc.c"
   1:../system/src/aprs/crc.c **** 
   2:../system/src/aprs/crc.c **** #include "crc.h"
   3:../system/src/aprs/crc.c **** 
   4:../system/src/aprs/crc.c **** const uint16_t crc_ccitt_tab[256] = {
   5:../system/src/aprs/crc.c **** 
   6:../system/src/aprs/crc.c **** 	0x0000, 0x1189, 0x2312, 0x329b, 0x4624, 0x57ad, 0x6536, 0x74bf,
   7:../system/src/aprs/crc.c **** 	0x8c48, 0x9dc1, 0xaf5a, 0xbed3, 0xca6c, 0xdbe5, 0xe97e, 0xf8f7,
   8:../system/src/aprs/crc.c **** 	0x1081, 0x0108, 0x3393, 0x221a, 0x56a5, 0x472c, 0x75b7, 0x643e,
   9:../system/src/aprs/crc.c **** 	0x9cc9, 0x8d40, 0xbfdb, 0xae52, 0xdaed, 0xcb64, 0xf9ff, 0xe876,
  10:../system/src/aprs/crc.c **** 	0x2102, 0x308b, 0x0210, 0x1399, 0x6726, 0x76af, 0x4434, 0x55bd,
  11:../system/src/aprs/crc.c **** 	0xad4a, 0xbcc3, 0x8e58, 0x9fd1, 0xeb6e, 0xfae7, 0xc87c, 0xd9f5,
  12:../system/src/aprs/crc.c **** 	0x3183, 0x200a, 0x1291, 0x0318, 0x77a7, 0x662e, 0x54b5, 0x453c,
  13:../system/src/aprs/crc.c **** 	0xbdcb, 0xac42, 0x9ed9, 0x8f50, 0xfbef, 0xea66, 0xd8fd, 0xc974,
  14:../system/src/aprs/crc.c **** 	0x4204, 0x538d, 0x6116, 0x709f, 0x0420, 0x15a9, 0x2732, 0x36bb,
  15:../system/src/aprs/crc.c **** 	0xce4c, 0xdfc5, 0xed5e, 0xfcd7, 0x8868, 0x99e1, 0xab7a, 0xbaf3,
  16:../system/src/aprs/crc.c **** 	0x5285, 0x430c, 0x7197, 0x601e, 0x14a1, 0x0528, 0x37b3, 0x263a,
  17:../system/src/aprs/crc.c **** 	0xdecd, 0xcf44, 0xfddf, 0xec56, 0x98e9, 0x8960, 0xbbfb, 0xaa72,
  18:../system/src/aprs/crc.c **** 	0x6306, 0x728f, 0x4014, 0x519d, 0x2522, 0x34ab, 0x0630, 0x17b9,
  19:../system/src/aprs/crc.c **** 	0xef4e, 0xfec7, 0xcc5c, 0xddd5, 0xa96a, 0xb8e3, 0x8a78, 0x9bf1,
  20:../system/src/aprs/crc.c **** 	0x7387, 0x620e, 0x5095, 0x411c, 0x35a3, 0x242a, 0x16b1, 0x0738,
  21:../system/src/aprs/crc.c **** 	0xffcf, 0xee46, 0xdcdd, 0xcd54, 0xb9eb, 0xa862, 0x9af9, 0x8b70,
  22:../system/src/aprs/crc.c **** 	0x8408, 0x9581, 0xa71a, 0xb693, 0xc22c, 0xd3a5, 0xe13e, 0xf0b7,
  23:../system/src/aprs/crc.c **** 	0x0840, 0x19c9, 0x2b52, 0x3adb, 0x4e64, 0x5fed, 0x6d76, 0x7cff,
  24:../system/src/aprs/crc.c **** 	0x9489, 0x8500, 0xb79b, 0xa612, 0xd2ad, 0xc324, 0xf1bf, 0xe036,
  25:../system/src/aprs/crc.c **** 	0x18c1, 0x0948, 0x3bd3, 0x2a5a, 0x5ee5, 0x4f6c, 0x7df7, 0x6c7e,
  26:../system/src/aprs/crc.c **** 	0xa50a, 0xb483, 0x8618, 0x9791, 0xe32e, 0xf2a7, 0xc03c, 0xd1b5,
  27:../system/src/aprs/crc.c **** 	0x2942, 0x38cb, 0x0a50, 0x1bd9, 0x6f66, 0x7eef, 0x4c74, 0x5dfd,
  28:../system/src/aprs/crc.c **** 	0xb58b, 0xa402, 0x9699, 0x8710, 0xf3af, 0xe226, 0xd0bd, 0xc134,
  29:../system/src/aprs/crc.c **** 	0x39c3, 0x284a, 0x1ad1, 0x0b58, 0x7fe7, 0x6e6e, 0x5cf5, 0x4d7c,
  30:../system/src/aprs/crc.c **** 	0xc60c, 0xd785, 0xe51e, 0xf497, 0x8028, 0x91a1, 0xa33a, 0xb2b3,
  31:../system/src/aprs/crc.c **** 	0x4a44, 0x5bcd, 0x6956, 0x78df, 0x0c60, 0x1de9, 0x2f72, 0x3efb,
  32:../system/src/aprs/crc.c **** 	0xd68d, 0xc704, 0xf59f, 0xe416, 0x90a9, 0x8120, 0xb3bb, 0xa232,
  33:../system/src/aprs/crc.c **** 	0x5ac5, 0x4b4c, 0x79d7, 0x685e, 0x1ce1, 0x0d68, 0x3ff3, 0x2e7a,
  34:../system/src/aprs/crc.c **** 	0xe70e, 0xf687, 0xc41c, 0xd595, 0xa12a, 0xb0a3, 0x8238, 0x93b1,
  35:../system/src/aprs/crc.c **** 	0x6b46, 0x7acf, 0x4854, 0x59dd, 0x2d62, 0x3ceb, 0x0e70, 0x1ff9,
  36:../system/src/aprs/crc.c **** 	0xf78f, 0xe606, 0xd49d, 0xc514, 0xb1ab, 0xa022, 0x92b9, 0x8330,
  37:../system/src/aprs/crc.c **** 	0x7bc7, 0x6a4e, 0x58d5, 0x495c, 0x3de3, 0x2c6a, 0x1ef1, 0x0f78,
  38:../system/src/aprs/crc.c **** 
  39:../system/src/aprs/crc.c **** };
  40:../system/src/aprs/crc.c **** 
  41:../system/src/aprs/crc.c **** 
  42:../system/src/aprs/crc.c **** /**************************************************************************************************
  43:../system/src/aprs/crc.c **** uint16_t crc_ccitt(uint16_t crc, const void *buffer, uint16_t len) {
  60              		.loc 2 43 0
  61              		.cfi_startproc
  62              		@ args = 0, pretend = 0, frame = 0
  63              		@ frame_needed = 0, uses_anonymous_args = 0
  64              	.LVL2:
  65 0000 70B5     		push	{r4, r5, r6, lr}
  66              		.cfi_def_cfa_offset 16
  67              		.cfi_offset 4, -16
  68              		.cfi_offset 5, -12
  69              		.cfi_offset 6, -8
  70              		.cfi_offset 14, -4
  71 0002 0D46     		mov	r5, r1
  72              	.LVL3:
  44:../system/src/aprs/crc.c **** /**************************************************************************************************
  45:../system/src/aprs/crc.c **** 
  46:../system/src/aprs/crc.c **** 	const unsigned char *buf = (const unsigned char *)buffer;
  47:../system/src/aprs/crc.c **** 
  48:../system/src/aprs/crc.c **** 	while (len--) crc = updcrc_ccitt(*buf++, crc);
  73              		.loc 2 48 0
  74 0004 06E0     		b	.L5
  75              	.LVL4:
  76              	.L6:
  77              		.loc 2 48 0 is_stmt 0 discriminator 2
  78 0006 6E1C     		adds	r6, r5, #1
  79              	.LVL5:
  80 0008 0146     		mov	r1, r0
  81 000a 2878     		ldrb	r0, [r5]	@ zero_extendqisi2
  82              	.LVL6:
  83 000c FFF7FEFF 		bl	updcrc_ccitt
  84              	.LVL7:
  85 0010 3546     		mov	r5, r6
  86 0012 2246     		mov	r2, r4
  87              	.LVL8:
  88              	.L5:
  89              		.loc 2 48 0 discriminator 1
  90 0014 531E     		subs	r3, r2, #1
  91 0016 9CB2     		uxth	r4, r3
  92              	.LVL9:
  93 0018 002A     		cmp	r2, #0
  94 001a F4D1     		bne	.L6
  49:../system/src/aprs/crc.c **** 
  50:../system/src/aprs/crc.c **** 	return crc;
  51:../system/src/aprs/crc.c **** 
  52:../system/src/aprs/crc.c **** }
  95              		.loc 2 52 0 is_stmt 1
  96 001c 70BD     		pop	{r4, r5, r6, pc}
  97              		.cfi_endproc
  98              	.LFE1:
 100              		.global	crc_ccitt_tab
 101              		.section	.rodata.crc_ccitt_tab,"a",%progbits
 102              		.align	2
 103              		.set	.LANCHOR0,. + 0
 106              	crc_ccitt_tab:
 107 0000 0000     		.short	0
 108 0002 8911     		.short	4489
 109 0004 1223     		.short	8978
 110 0006 9B32     		.short	12955
 111 0008 2446     		.short	17956
 112 000a AD57     		.short	22445
 113 000c 3665     		.short	25910
 114 000e BF74     		.short	29887
 115 0010 488C     		.short	-29624
 116 0012 C19D     		.short	-25151
 117 0014 5AAF     		.short	-20646
 118 0016 D3BE     		.short	-16685
 119 0018 6CCA     		.short	-13716
 120 001a E5DB     		.short	-9243
 121 001c 7EE9     		.short	-5762
 122 001e F7F8     		.short	-1801
 123 0020 8110     		.short	4225
 124 0022 0801     		.short	264
 125 0024 9333     		.short	13203
 126 0026 1A22     		.short	8730
 127 0028 A556     		.short	22181
 128 002a 2C47     		.short	18220
 129 002c B775     		.short	30135
 130 002e 3E64     		.short	25662
 131 0030 C99C     		.short	-25399
 132 0032 408D     		.short	-29376
 133 0034 DBBF     		.short	-16421
 134 0036 52AE     		.short	-20910
 135 0038 EDDA     		.short	-9491
 136 003a 64CB     		.short	-13468
 137 003c FFF9     		.short	-1537
 138 003e 76E8     		.short	-6026
 139 0040 0221     		.short	8450
 140 0042 8B30     		.short	12427
 141 0044 1002     		.short	528
 142 0046 9913     		.short	5017
 143 0048 2667     		.short	26406
 144 004a AF76     		.short	30383
 145 004c 3444     		.short	17460
 146 004e BD55     		.short	21949
 147 0050 4AAD     		.short	-21174
 148 0052 C3BC     		.short	-17213
 149 0054 588E     		.short	-29096
 150 0056 D19F     		.short	-24623
 151 0058 6EEB     		.short	-5266
 152 005a E7FA     		.short	-1305
 153 005c 7CC8     		.short	-14212
 154 005e F5D9     		.short	-9739
 155 0060 8331     		.short	12675
 156 0062 0A20     		.short	8202
 157 0064 9112     		.short	4753
 158 0066 1803     		.short	792
 159 0068 A777     		.short	30631
 160 006a 2E66     		.short	26158
 161 006c B554     		.short	21685
 162 006e 3C45     		.short	17724
 163 0070 CBBD     		.short	-16949
 164 0072 42AC     		.short	-21438
 165 0074 D99E     		.short	-24871
 166 0076 508F     		.short	-28848
 167 0078 EFFB     		.short	-1041
 168 007a 66EA     		.short	-5530
 169 007c FDD8     		.short	-9987
 170 007e 74C9     		.short	-13964
 171 0080 0442     		.short	16900
 172 0082 8D53     		.short	21389
 173 0084 1661     		.short	24854
 174 0086 9F70     		.short	28831
 175 0088 2004     		.short	1056
 176 008a A915     		.short	5545
 177 008c 3227     		.short	10034
 178 008e BB36     		.short	14011
 179 0090 4CCE     		.short	-12724
 180 0092 C5DF     		.short	-8251
 181 0094 5EED     		.short	-4770
 182 0096 D7FC     		.short	-809
 183 0098 6888     		.short	-30616
 184 009a E199     		.short	-26143
 185 009c 7AAB     		.short	-21638
 186 009e F3BA     		.short	-17677
 187 00a0 8552     		.short	21125
 188 00a2 0C43     		.short	17164
 189 00a4 9771     		.short	29079
 190 00a6 1E60     		.short	24606
 191 00a8 A114     		.short	5281
 192 00aa 2805     		.short	1320
 193 00ac B337     		.short	14259
 194 00ae 3A26     		.short	9786
 195 00b0 CDDE     		.short	-8499
 196 00b2 44CF     		.short	-12476
 197 00b4 DFFD     		.short	-545
 198 00b6 56EC     		.short	-5034
 199 00b8 E998     		.short	-26391
 200 00ba 6089     		.short	-30368
 201 00bc FBBB     		.short	-17413
 202 00be 72AA     		.short	-21902
 203 00c0 0663     		.short	25350
 204 00c2 8F72     		.short	29327
 205 00c4 1440     		.short	16404
 206 00c6 9D51     		.short	20893
 207 00c8 2225     		.short	9506
 208 00ca AB34     		.short	13483
 209 00cc 3006     		.short	1584
 210 00ce B917     		.short	6073
 211 00d0 4EEF     		.short	-4274
 212 00d2 C7FE     		.short	-313
 213 00d4 5CCC     		.short	-13220
 214 00d6 D5DD     		.short	-8747
 215 00d8 6AA9     		.short	-22166
 216 00da E3B8     		.short	-18205
 217 00dc 788A     		.short	-30088
 218 00de F19B     		.short	-25615
 219 00e0 8773     		.short	29575
 220 00e2 0E62     		.short	25102
 221 00e4 9550     		.short	20629
 222 00e6 1C41     		.short	16668
 223 00e8 A335     		.short	13731
 224 00ea 2A24     		.short	9258
 225 00ec B116     		.short	5809
 226 00ee 3807     		.short	1848
 227 00f0 CFFF     		.short	-49
 228 00f2 46EE     		.short	-4538
 229 00f4 DDDC     		.short	-8995
 230 00f6 54CD     		.short	-12972
 231 00f8 EBB9     		.short	-17941
 232 00fa 62A8     		.short	-22430
 233 00fc F99A     		.short	-25863
 234 00fe 708B     		.short	-29840
 235 0100 0884     		.short	-31736
 236 0102 8195     		.short	-27263
 237 0104 1AA7     		.short	-22758
 238 0106 93B6     		.short	-18797
 239 0108 2CC2     		.short	-15828
 240 010a A5D3     		.short	-11355
 241 010c 3EE1     		.short	-7874
 242 010e B7F0     		.short	-3913
 243 0110 4008     		.short	2112
 244 0112 C919     		.short	6601
 245 0114 522B     		.short	11090
 246 0116 DB3A     		.short	15067
 247 0118 644E     		.short	20068
 248 011a ED5F     		.short	24557
 249 011c 766D     		.short	28022
 250 011e FF7C     		.short	31999
 251 0120 8994     		.short	-27511
 252 0122 0085     		.short	-31488
 253 0124 9BB7     		.short	-18533
 254 0126 12A6     		.short	-23022
 255 0128 ADD2     		.short	-11603
 256 012a 24C3     		.short	-15580
 257 012c BFF1     		.short	-3649
 258 012e 36E0     		.short	-8138
 259 0130 C118     		.short	6337
 260 0132 4809     		.short	2376
 261 0134 D33B     		.short	15315
 262 0136 5A2A     		.short	10842
 263 0138 E55E     		.short	24293
 264 013a 6C4F     		.short	20332
 265 013c F77D     		.short	32247
 266 013e 7E6C     		.short	27774
 267 0140 0AA5     		.short	-23286
 268 0142 83B4     		.short	-19325
 269 0144 1886     		.short	-31208
 270 0146 9197     		.short	-26735
 271 0148 2EE3     		.short	-7378
 272 014a A7F2     		.short	-3417
 273 014c 3CC0     		.short	-16324
 274 014e B5D1     		.short	-11851
 275 0150 4229     		.short	10562
 276 0152 CB38     		.short	14539
 277 0154 500A     		.short	2640
 278 0156 D91B     		.short	7129
 279 0158 666F     		.short	28518
 280 015a EF7E     		.short	32495
 281 015c 744C     		.short	19572
 282 015e FD5D     		.short	24061
 283 0160 8BB5     		.short	-19061
 284 0162 02A4     		.short	-23550
 285 0164 9996     		.short	-26983
 286 0166 1087     		.short	-30960
 287 0168 AFF3     		.short	-3153
 288 016a 26E2     		.short	-7642
 289 016c BDD0     		.short	-12099
 290 016e 34C1     		.short	-16076
 291 0170 C339     		.short	14787
 292 0172 4A28     		.short	10314
 293 0174 D11A     		.short	6865
 294 0176 580B     		.short	2904
 295 0178 E77F     		.short	32743
 296 017a 6E6E     		.short	28270
 297 017c F55C     		.short	23797
 298 017e 7C4D     		.short	19836
 299 0180 0CC6     		.short	-14836
 300 0182 85D7     		.short	-10363
 301 0184 1EE5     		.short	-6882
 302 0186 97F4     		.short	-2921
 303 0188 2880     		.short	-32728
 304 018a A191     		.short	-28255
 305 018c 3AA3     		.short	-23750
 306 018e B3B2     		.short	-19789
 307 0190 444A     		.short	19012
 308 0192 CD5B     		.short	23501
 309 0194 5669     		.short	26966
 310 0196 DF78     		.short	30943
 311 0198 600C     		.short	3168
 312 019a E91D     		.short	7657
 313 019c 722F     		.short	12146
 314 019e FB3E     		.short	16123
 315 01a0 8DD6     		.short	-10611
 316 01a2 04C7     		.short	-14588
 317 01a4 9FF5     		.short	-2657
 318 01a6 16E4     		.short	-7146
 319 01a8 A990     		.short	-28503
 320 01aa 2081     		.short	-32480
 321 01ac BBB3     		.short	-19525
 322 01ae 32A2     		.short	-24014
 323 01b0 C55A     		.short	23237
 324 01b2 4C4B     		.short	19276
 325 01b4 D779     		.short	31191
 326 01b6 5E68     		.short	26718
 327 01b8 E11C     		.short	7393
 328 01ba 680D     		.short	3432
 329 01bc F33F     		.short	16371
 330 01be 7A2E     		.short	11898
 331 01c0 0EE7     		.short	-6386
 332 01c2 87F6     		.short	-2425
 333 01c4 1CC4     		.short	-15332
 334 01c6 95D5     		.short	-10859
 335 01c8 2AA1     		.short	-24278
 336 01ca A3B0     		.short	-20317
 337 01cc 3882     		.short	-32200
 338 01ce B193     		.short	-27727
 339 01d0 466B     		.short	27462
 340 01d2 CF7A     		.short	31439
 341 01d4 5448     		.short	18516
 342 01d6 DD59     		.short	23005
 343 01d8 622D     		.short	11618
 344 01da EB3C     		.short	15595
 345 01dc 700E     		.short	3696
 346 01de F91F     		.short	8185
 347 01e0 8FF7     		.short	-2161
 348 01e2 06E6     		.short	-6650
 349 01e4 9DD4     		.short	-11107
 350 01e6 14C5     		.short	-15084
 351 01e8 ABB1     		.short	-20053
 352 01ea 22A0     		.short	-24542
 353 01ec B992     		.short	-27975
 354 01ee 3083     		.short	-31952
 355 01f0 C77B     		.short	31687
 356 01f2 4E6A     		.short	27214
 357 01f4 D558     		.short	22741
 358 01f6 5C49     		.short	18780
 359 01f8 E33D     		.short	15843
 360 01fa 6A2C     		.short	11370
 361 01fc F11E     		.short	7921
 362 01fe 780F     		.short	3960
 363              		.text
 364              	.Letext0:
 365              		.file 3 "/usr/local/bin/gcc-arm-none-eabi-7-2018-q2-update/lib/gcc/arm-none-eabi/7.3.1/include/std
DEFINED SYMBOLS
                            *ABS*:0000000000000000 crc.c
     /tmp/ccLCNMA3.s:18     .text.updcrc_ccitt:0000000000000000 $t
     /tmp/ccLCNMA3.s:24     .text.updcrc_ccitt:0000000000000000 updcrc_ccitt
     /tmp/ccLCNMA3.s:45     .text.updcrc_ccitt:0000000000000010 $d
     /tmp/ccLCNMA3.s:50     .text.crc_ccitt:0000000000000000 $t
     /tmp/ccLCNMA3.s:57     .text.crc_ccitt:0000000000000000 crc_ccitt
     /tmp/ccLCNMA3.s:106    .rodata.crc_ccitt_tab:0000000000000000 crc_ccitt_tab
     /tmp/ccLCNMA3.s:102    .rodata.crc_ccitt_tab:0000000000000000 $d
                           .group:0000000000000000 wm4.0.95bc707da9dcffdc6c8c58936cbc8421
                           .group:0000000000000000 wm4.stdintgcc.h.29.6d480f4ba0f60596e88234283d42444f
                           .group:0000000000000000 wm4.macros.h.2.7a7a5ac48d4160b7481c806e80b68442

NO UNDEFINED SYMBOLS
