   1              		.cpu cortex-m3
   2              		.eabi_attribute 20, 1
   3              		.eabi_attribute 21, 1
   4              		.eabi_attribute 23, 3
   5              		.eabi_attribute 24, 1
   6              		.eabi_attribute 25, 1
   7              		.eabi_attribute 26, 1
   8              		.eabi_attribute 30, 1
   9              		.eabi_attribute 34, 1
  10              		.eabi_attribute 18, 4
  11              		.file	"dma_helper_functions.c"
  12              		.text
  13              	.Ltext0:
  14              		.cfi_sections	.debug_frame
  15              		.section	.text.dma_helper_start_ch7,"ax",%progbits
  16              		.align	1
  17              		.global	dma_helper_start_ch7
  18              		.syntax unified
  19              		.thumb
  20              		.thumb_func
  21              		.fpu softvfp
  23              	dma_helper_start_ch7:
  24              	.LFB63:
  25              		.file 1 "../system/src/drivers/dma_helper_functions.c"
   1:../system/src/drivers/dma_helper_functions.c **** /*
   2:../system/src/drivers/dma_helper_functions.c ****  * dma_helper_functions.c
   3:../system/src/drivers/dma_helper_functions.c ****  *
   4:../system/src/drivers/dma_helper_functions.c ****  *  Created on: 28.12.2019
   5:../system/src/drivers/dma_helper_functions.c ****  *      Author: mateusz
   6:../system/src/drivers/dma_helper_functions.c ****  */
   7:../system/src/drivers/dma_helper_functions.c **** 
   8:../system/src/drivers/dma_helper_functions.c **** #include "./drivers/dma_helper_functions.h"
   9:../system/src/drivers/dma_helper_functions.c **** #include "station_config_target_hw.h"
  10:../system/src/drivers/dma_helper_functions.c **** #ifdef STM32F10X_MD_VL
  11:../system/src/drivers/dma_helper_functions.c **** 
  12:../system/src/drivers/dma_helper_functions.c **** void dma_helper_start_ch7(DMA_InitTypeDef* DMA_InitStruct) {
  26              		.loc 1 12 0
  27              		.cfi_startproc
  28              		@ args = 0, pretend = 0, frame = 0
  29              		@ frame_needed = 0, uses_anonymous_args = 0
  30              	.LVL0:
  31 0000 38B5     		push	{r3, r4, r5, lr}
  32              		.cfi_def_cfa_offset 16
  33              		.cfi_offset 3, -16
  34              		.cfi_offset 4, -12
  35              		.cfi_offset 5, -8
  36              		.cfi_offset 14, -4
  37 0002 0546     		mov	r5, r0
  13:../system/src/drivers/dma_helper_functions.c **** 	DMA_DeInit(DMA1_Channel7);
  38              		.loc 1 13 0
  39 0004 084C     		ldr	r4, .L3
  40 0006 2046     		mov	r0, r4
  41              	.LVL1:
  42 0008 FFF7FEFF 		bl	DMA_DeInit
  43              	.LVL2:
  14:../system/src/drivers/dma_helper_functions.c **** 	DMA_Init(DMA1_Channel7, DMA_InitStruct);
  44              		.loc 1 14 0
  45 000c 2946     		mov	r1, r5
  46 000e 2046     		mov	r0, r4
  47 0010 FFF7FEFF 		bl	DMA_Init
  48              	.LVL3:
  15:../system/src/drivers/dma_helper_functions.c **** 	DMA1_Channel7->CCR |= DMA_CCR7_EN;
  49              		.loc 1 15 0
  50 0014 2368     		ldr	r3, [r4]
  51 0016 43F00103 		orr	r3, r3, #1
  52 001a 2360     		str	r3, [r4]
  16:../system/src/drivers/dma_helper_functions.c **** 	DMA1_Channel7->CCR |= DMA_CCR7_TCIE;
  53              		.loc 1 16 0
  54 001c 2368     		ldr	r3, [r4]
  55 001e 43F00203 		orr	r3, r3, #2
  56 0022 2360     		str	r3, [r4]
  17:../system/src/drivers/dma_helper_functions.c **** }
  57              		.loc 1 17 0
  58 0024 38BD     		pop	{r3, r4, r5, pc}
  59              	.LVL4:
  60              	.L4:
  61 0026 00BF     		.align	2
  62              	.L3:
  63 0028 80000240 		.word	1073873024
  64              		.cfi_endproc
  65              	.LFE63:
  67              		.text
  68              	.Letext0:
  69              		.file 2 "/usr/local/bin/gcc-arm-none-eabi-7-2018-q2-update/lib/gcc/arm-none-eabi/7.3.1/include/std
  70              		.file 3 "../system/include/cmsis/core_cm3.h"
  71              		.file 4 "../system/include/cmsis/system_stm32f10x.h"
  72              		.file 5 "../system/include/cmsis/stm32f10x.h"
  73              		.file 6 "../system/include/stm32f1-stdperiph/stm32f10x_dma.h"
DEFINED SYMBOLS
                            *ABS*:0000000000000000 dma_helper_functions.c
     /tmp/ccbSkl2v.s:16     .text.dma_helper_start_ch7:0000000000000000 $t
     /tmp/ccbSkl2v.s:23     .text.dma_helper_start_ch7:0000000000000000 dma_helper_start_ch7
     /tmp/ccbSkl2v.s:63     .text.dma_helper_start_ch7:0000000000000028 $d
                           .group:0000000000000000 wm4.0.879aed89c359f5856fe69c61b3590d34
                           .group:0000000000000000 wm4.stm32f10x.h.51.c58ea26c5150470d52680f0bbaa7049c
                           .group:0000000000000000 wm4.stdintgcc.h.29.6d480f4ba0f60596e88234283d42444f
                           .group:0000000000000000 wm4.core_cm3.h.82.57a0f9dd004efa579f86574376281d2f
                           .group:0000000000000000 wm4.cmsis_gcc.h.36.67d2dcde6a14ff518eedc1d545d89a76
                           .group:0000000000000000 wm4.core_cm3.h.183.ecfd9c316d6f10b73648f6e579b02c8b
                           .group:0000000000000000 wm4.stm32f10x.h.522.a925aafc848b1f088438cf0e9b167b78
                           .group:0000000000000000 wm4.stm32f10x_adc.h.89.9f2b285fa0070185d48a05b61a05798c
                           .group:0000000000000000 wm4.stm32f10x_bkp.h.25.4622919f1e30efdad5eb44e12edd5513
                           .group:0000000000000000 wm4.stm32f10x_can.h.25.e5e43f6bbc8fc7c8aa30ef2bc5610ced
                           .group:0000000000000000 wm4.stm32f10x_cec.h.25.8f03450e7bbb704d96e7bc73ec0f66a7
                           .group:0000000000000000 wm4.stm32f10x_dac.h.25.d946244edf026333094657d55ea894b8
                           .group:0000000000000000 wm4.stm32f10x_dbgmcu.h.25.d3351200fc7f9c8615d1ae81d40db08a
                           .group:0000000000000000 wm4.stm32f10x_exti.h.25.f52c69aad7d1994be5b2c4e2b8f4c595
                           .group:0000000000000000 wm4.stm32f10x_flash.h.25.4be61fcb02863962a1e006449d310650
                           .group:0000000000000000 wm4.stm32f10x_fsmc.h.25.bca154da2699cdb6024c0c6c4fc5aa89
                           .group:0000000000000000 wm4.stm32f10x_gpio.h.25.80c981af0e637567395034c576cfb3ce
                           .group:0000000000000000 wm4.stm32f10x_i2c.h.25.b124ac2c620f8ebddd92b6d95ca62176
                           .group:0000000000000000 wm4.stm32f10x_iwdg.h.25.da9374ab9856795610487f312ccf3122
                           .group:0000000000000000 wm4.stm32f10x_pwr.h.25.37ef75009f751ef5fe27910e0bf00a62
                           .group:0000000000000000 wm4.stm32f10x_rcc.h.25.fe8897e7491f2eb0cff54551d08eb765
                           .group:0000000000000000 wm4.stm32f10x_rtc.h.25.361142606ba98ddcd10369f321f6e636
                           .group:0000000000000000 wm4.stm32f10x_sdio.h.25.fb0db079f5c1412c40f359319f7c40b0
                           .group:0000000000000000 wm4.stm32f10x_spi.h.25.3f6dfa4abe177efb3c6f5a717c06b323
                           .group:0000000000000000 wm4.stm32f10x_tim.h.25.f709106ba77b314e6b070693f89f3c56
                           .group:0000000000000000 wm4.stm32f10x_usart.h.25.2e65e396239d0cc41fd0bf6faa2a32cb
                           .group:0000000000000000 wm4.stm32f10x_wwdg.h.25.dde12201d86b5aa9ecaafb5eccdc6549
                           .group:0000000000000000 wm4.misc.h.25.068e106f368fa5369a681ef57c106f4b
                           .group:0000000000000000 wm4.stm32f10x.h.8317.9a8e476d96d33bb2df9a9ad0775bd4a7
                           .group:0000000000000000 wm4.stm32f10x_dma.h.95.3ba03f0eac1ed728f3bbe553623f105a

UNDEFINED SYMBOLS
DMA_DeInit
DMA_Init
