   1              		.cpu cortex-m3
   2              		.eabi_attribute 20, 1
   3              		.eabi_attribute 21, 1
   4              		.eabi_attribute 23, 3
   5              		.eabi_attribute 24, 1
   6              		.eabi_attribute 25, 1
   7              		.eabi_attribute 26, 1
   8              		.eabi_attribute 30, 1
   9              		.eabi_attribute 34, 1
  10              		.eabi_attribute 18, 4
  11              		.file	"rtu_request.c"
  12              		.text
  13              	.Ltext0:
  14              		.cfi_sections	.debug_frame
  15              		.section	.text.rtu_request_03_04_registers,"ax",%progbits
  16              		.align	1
  17              		.global	rtu_request_03_04_registers
  18              		.syntax unified
  19              		.thumb
  20              		.thumb_func
  21              		.fpu softvfp
  23              	rtu_request_03_04_registers:
  24              	.LFB2:
  25              		.file 1 "../system/src/modbus_rtu/rtu_request.c"
   1:../system/src/modbus_rtu/rtu_request.c **** /*
   2:../system/src/modbus_rtu/rtu_request.c ****  * rtu_request.c
   3:../system/src/modbus_rtu/rtu_request.c ****  *
   4:../system/src/modbus_rtu/rtu_request.c ****  *  Created on: 18.09.2020
   5:../system/src/modbus_rtu/rtu_request.c ****  *      Author: mateusz
   6:../system/src/modbus_rtu/rtu_request.c ****  */
   7:../system/src/modbus_rtu/rtu_request.c **** 
   8:../system/src/modbus_rtu/rtu_request.c **** #include <stdarg.h>
   9:../system/src/modbus_rtu/rtu_request.c **** #include <string.h>
  10:../system/src/modbus_rtu/rtu_request.c **** 
  11:../system/src/modbus_rtu/rtu_request.c **** #include "./modbus_rtu/rtu_request.h"
  12:../system/src/modbus_rtu/rtu_request.c **** #include "./modbus_rtu/rtu_return_values.h"
  13:../system/src/modbus_rtu/rtu_request.c **** #include "./modbus_rtu/rtu_crc.h"
  14:../system/src/modbus_rtu/rtu_request.c **** 
  15:../system/src/modbus_rtu/rtu_request.c **** int32_t rtu_request_03_04_registers(int8_t input_or_holding, uint8_t* output, uint8_t output_ln, ui
  26              		.loc 1 15 0
  27              		.cfi_startproc
  28              		@ args = 12, pretend = 0, frame = 0
  29              		@ frame_needed = 0, uses_anonymous_args = 0
  30              	.LVL0:
  31 0000 F8B5     		push	{r3, r4, r5, r6, r7, lr}
  32              		.cfi_def_cfa_offset 24
  33              		.cfi_offset 3, -24
  34              		.cfi_offset 4, -20
  35              		.cfi_offset 5, -16
  36              		.cfi_offset 6, -12
  37              		.cfi_offset 7, -8
  38              		.cfi_offset 14, -4
  39 0002 BDF81C50 		ldrh	r5, [sp, #28]
  40              	.LVL1:
  16:../system/src/modbus_rtu/rtu_request.c **** 
  17:../system/src/modbus_rtu/rtu_request.c **** 	int32_t retval = MODBUS_RET_UNINITIALIZED;
  18:../system/src/modbus_rtu/rtu_request.c **** 
  19:../system/src/modbus_rtu/rtu_request.c **** 	uint16_t crc = 0;
  20:../system/src/modbus_rtu/rtu_request.c **** 
  21:../system/src/modbus_rtu/rtu_request.c **** 	// check if there is a room for a RTU frame
  22:../system/src/modbus_rtu/rtu_request.c **** 	if (output == 0x00 || output_ln < 8) {
  41              		.loc 1 22 0
  42 0006 B9B3     		cbz	r1, .L11
  43 0008 0E46     		mov	r6, r1
  44              		.loc 1 22 0 is_stmt 0 discriminator 1
  45 000a 072A     		cmp	r2, #7
  46 000c 01D8     		bhi	.L14
  23:../system/src/modbus_rtu/rtu_request.c **** 		retval = MODBUS_RET_TOO_SHORT;
  47              		.loc 1 23 0 is_stmt 1
  48 000e 0120     		movs	r0, #1
  49              	.LVL2:
  50              	.L1:
  24:../system/src/modbus_rtu/rtu_request.c **** 	}
  25:../system/src/modbus_rtu/rtu_request.c **** 	else {
  26:../system/src/modbus_rtu/rtu_request.c **** 		// initialize the output buffer for RTU binary frame
  27:../system/src/modbus_rtu/rtu_request.c **** 		memset(output, 0x00, output_ln);
  28:../system/src/modbus_rtu/rtu_request.c **** 
  29:../system/src/modbus_rtu/rtu_request.c **** 		// put the slave address
  30:../system/src/modbus_rtu/rtu_request.c **** 		*output = slave_address;
  31:../system/src/modbus_rtu/rtu_request.c **** 
  32:../system/src/modbus_rtu/rtu_request.c **** 		// put the function code
  33:../system/src/modbus_rtu/rtu_request.c **** 		if (input_or_holding == 0) {
  34:../system/src/modbus_rtu/rtu_request.c **** 			*(output + 1) = 0x04;
  35:../system/src/modbus_rtu/rtu_request.c **** 		}
  36:../system/src/modbus_rtu/rtu_request.c **** 		else {
  37:../system/src/modbus_rtu/rtu_request.c **** 			*(output + 1) = 0x03;
  38:../system/src/modbus_rtu/rtu_request.c **** 		}
  39:../system/src/modbus_rtu/rtu_request.c **** 
  40:../system/src/modbus_rtu/rtu_request.c **** 		// put the base address to be read from the slave
  41:../system/src/modbus_rtu/rtu_request.c **** 		*(output + 2) = (base_register & 0xFF00) >> 8;
  42:../system/src/modbus_rtu/rtu_request.c **** 		*(output + 3) = base_register & 0xFF;
  43:../system/src/modbus_rtu/rtu_request.c **** 
  44:../system/src/modbus_rtu/rtu_request.c **** 		// put the numbers of register to be read from slave
  45:../system/src/modbus_rtu/rtu_request.c **** 		*(output + 4) = 0x00;	// all in all modbus RTU can transfer no more than 125 at once
  46:../system/src/modbus_rtu/rtu_request.c **** 		*(output + 5) = number_of_registers;
  47:../system/src/modbus_rtu/rtu_request.c **** 
  48:../system/src/modbus_rtu/rtu_request.c **** 		// calculate the CRC from the content
  49:../system/src/modbus_rtu/rtu_request.c **** 		crc = rtu_crc_buffer(output, 6);
  50:../system/src/modbus_rtu/rtu_request.c **** 
  51:../system/src/modbus_rtu/rtu_request.c **** 		// append the crc value
  52:../system/src/modbus_rtu/rtu_request.c **** 		*(output + 7) = (crc & 0xFF00) >> 8;
  53:../system/src/modbus_rtu/rtu_request.c **** 		*(output + 6) = crc & 0xFF;
  54:../system/src/modbus_rtu/rtu_request.c **** 
  55:../system/src/modbus_rtu/rtu_request.c **** 		*output_ln_used = 8;
  56:../system/src/modbus_rtu/rtu_request.c **** 
  57:../system/src/modbus_rtu/rtu_request.c **** 		retval = MODBUS_RET_OK;
  58:../system/src/modbus_rtu/rtu_request.c **** 	}
  59:../system/src/modbus_rtu/rtu_request.c **** 
  60:../system/src/modbus_rtu/rtu_request.c **** 	return retval;
  61:../system/src/modbus_rtu/rtu_request.c **** }
  51              		.loc 1 61 0
  52 0010 F8BD     		pop	{r3, r4, r5, r6, r7, pc}
  53              	.LVL3:
  54              	.L14:
  55 0012 1F46     		mov	r7, r3
  56 0014 0446     		mov	r4, r0
  27:../system/src/modbus_rtu/rtu_request.c **** 
  57              		.loc 1 27 0
  58 0016 0021     		movs	r1, #0
  59              	.LVL4:
  60 0018 3046     		mov	r0, r6
  61              	.LVL5:
  62 001a FFF7FEFF 		bl	memset
  63              	.LVL6:
  30:../system/src/modbus_rtu/rtu_request.c **** 
  64              		.loc 1 30 0
  65 001e 9DF81830 		ldrb	r3, [sp, #24]	@ zero_extendqisi2
  66 0022 3370     		strb	r3, [r6]
  33:../system/src/modbus_rtu/rtu_request.c **** 			*(output + 1) = 0x04;
  67              		.loc 1 33 0
  68 0024 64B9     		cbnz	r4, .L3
  34:../system/src/modbus_rtu/rtu_request.c **** 		}
  69              		.loc 1 34 0
  70 0026 0423     		movs	r3, #4
  71 0028 7370     		strb	r3, [r6, #1]
  72              	.L4:
  41:../system/src/modbus_rtu/rtu_request.c **** 		*(output + 3) = base_register & 0xFF;
  73              		.loc 1 41 0
  74 002a 2B0A     		lsrs	r3, r5, #8
  75 002c B370     		strb	r3, [r6, #2]
  42:../system/src/modbus_rtu/rtu_request.c **** 
  76              		.loc 1 42 0
  77 002e F570     		strb	r5, [r6, #3]
  45:../system/src/modbus_rtu/rtu_request.c **** 		*(output + 5) = number_of_registers;
  78              		.loc 1 45 0
  79 0030 0025     		movs	r5, #0
  80 0032 3571     		strb	r5, [r6, #4]
  46:../system/src/modbus_rtu/rtu_request.c **** 
  81              		.loc 1 46 0
  82 0034 9DF82030 		ldrb	r3, [sp, #32]	@ zero_extendqisi2
  83 0038 7371     		strb	r3, [r6, #5]
  84              	.LVL7:
  85              	.LBB6:
  86              	.LBB7:
  87              		.file 2 "../system/include/./modbus_rtu/rtu_crc.h"
   1:../system/include/./modbus_rtu/rtu_crc.h **** /*
   2:../system/include/./modbus_rtu/rtu_crc.h ****  * rtu_crc.h
   3:../system/include/./modbus_rtu/rtu_crc.h ****  *
   4:../system/include/./modbus_rtu/rtu_crc.h ****  *  Created on: 18.09.2020
   5:../system/include/./modbus_rtu/rtu_crc.h ****  *      Author: mateusz
   6:../system/include/./modbus_rtu/rtu_crc.h ****  */
   7:../system/include/./modbus_rtu/rtu_crc.h **** 
   8:../system/include/./modbus_rtu/rtu_crc.h **** #ifndef INCLUDE_MODBUS_RTU_RTU_CRC_H_
   9:../system/include/./modbus_rtu/rtu_crc.h **** #define INCLUDE_MODBUS_RTU_RTU_CRC_H_
  10:../system/include/./modbus_rtu/rtu_crc.h **** 
  11:../system/include/./modbus_rtu/rtu_crc.h **** #include <stdint.h>
  12:../system/include/./modbus_rtu/rtu_crc.h **** 
  13:../system/include/./modbus_rtu/rtu_crc.h **** inline uint16_t rtu_crc_stream(uint16_t previous_crc, uint8_t current_data) {
  14:../system/include/./modbus_rtu/rtu_crc.h **** 	int i;
  15:../system/include/./modbus_rtu/rtu_crc.h **** 
  16:../system/include/./modbus_rtu/rtu_crc.h **** 	previous_crc ^= (uint16_t)current_data;
  17:../system/include/./modbus_rtu/rtu_crc.h **** 	for (i = 0; i < 8; ++i) {
  18:../system/include/./modbus_rtu/rtu_crc.h **** 		if (previous_crc & 1) {
  19:../system/include/./modbus_rtu/rtu_crc.h **** 			previous_crc = (previous_crc >> 1);
  20:../system/include/./modbus_rtu/rtu_crc.h **** 			previous_crc = (previous_crc) ^ 0xA001;
  21:../system/include/./modbus_rtu/rtu_crc.h **** 		}
  22:../system/include/./modbus_rtu/rtu_crc.h **** 		else
  23:../system/include/./modbus_rtu/rtu_crc.h **** 			previous_crc = (previous_crc >> 1);
  24:../system/include/./modbus_rtu/rtu_crc.h **** 	}
  25:../system/include/./modbus_rtu/rtu_crc.h **** 
  26:../system/include/./modbus_rtu/rtu_crc.h **** 	return previous_crc;
  27:../system/include/./modbus_rtu/rtu_crc.h **** }
  28:../system/include/./modbus_rtu/rtu_crc.h **** 
  29:../system/include/./modbus_rtu/rtu_crc.h **** inline uint16_t rtu_crc_buffer(const uint8_t* const buffer_ptr, uint8_t buffer_ln) {
  30:../system/include/./modbus_rtu/rtu_crc.h **** 	uint16_t crc = 0xFFFF;
  88              		.loc 2 30 0
  89 003a 4FF6FF72 		movw	r2, #65535
  90 003e 0EE0     		b	.L5
  91              	.LVL8:
  92              	.L3:
  93              	.LBE7:
  94              	.LBE6:
  37:../system/src/modbus_rtu/rtu_request.c **** 		}
  95              		.loc 1 37 0
  96 0040 0323     		movs	r3, #3
  97 0042 7370     		strb	r3, [r6, #1]
  98 0044 F1E7     		b	.L4
  99              	.LVL9:
 100              	.L7:
 101              	.LBB12:
 102              	.LBB11:
 103              	.LBB8:
 104              	.LBB9:
  31:../system/include/./modbus_rtu/rtu_crc.h **** 
  32:../system/include/./modbus_rtu/rtu_crc.h **** // 		https://ctlsys.com/support/how_to_compute_the_modbus_rtu_message_crc/
  33:../system/include/./modbus_rtu/rtu_crc.h **** 
  34:../system/include/./modbus_rtu/rtu_crc.h **** 	for (int pos = 0; pos < buffer_ln; pos++) {
  35:../system/include/./modbus_rtu/rtu_crc.h **** 	crc ^= (uint16_t)buffer_ptr[pos];          // XOR byte into least sig. byte of crc
  36:../system/include/./modbus_rtu/rtu_crc.h **** 
  37:../system/include/./modbus_rtu/rtu_crc.h **** 	for (int i = 8; i != 0; i--) {    // Loop over each bit
  38:../system/include/./modbus_rtu/rtu_crc.h **** 		if ((crc & 0x0001) != 0) {      // If the LSB is set
  39:../system/include/./modbus_rtu/rtu_crc.h **** 			crc >>= 1;                    // Shift right and XOR 0xA001
  40:../system/include/./modbus_rtu/rtu_crc.h **** 			crc ^= 0xA001;
  41:../system/include/./modbus_rtu/rtu_crc.h **** 		}
  42:../system/include/./modbus_rtu/rtu_crc.h **** 		else                            // Else LSB is not set
  43:../system/include/./modbus_rtu/rtu_crc.h **** 			crc >>= 1;                    // Just shift right
 105              		.loc 2 43 0
 106 0046 5208     		lsrs	r2, r2, #1
 107              	.LVL10:
 108              	.L8:
  37:../system/include/./modbus_rtu/rtu_crc.h **** 		if ((crc & 0x0001) != 0) {      // If the LSB is set
 109              		.loc 2 37 0
 110 0048 0138     		subs	r0, r0, #1
 111              	.LVL11:
 112              	.L6:
 113 004a 38B1     		cbz	r0, .L15
  38:../system/include/./modbus_rtu/rtu_crc.h **** 			crc >>= 1;                    // Shift right and XOR 0xA001
 114              		.loc 2 38 0
 115 004c 12F0010F 		tst	r2, #1
 116 0050 F9D0     		beq	.L7
 117              	.LVL12:
  40:../system/include/./modbus_rtu/rtu_crc.h **** 		}
 118              		.loc 2 40 0
 119 0052 4AF20104 		movw	r4, #40961
 120 0056 84EA5202 		eor	r2, r4, r2, lsr #1
 121              	.LVL13:
 122 005a F5E7     		b	.L8
 123              	.L15:
 124              	.LBE9:
  34:../system/include/./modbus_rtu/rtu_crc.h **** 	crc ^= (uint16_t)buffer_ptr[pos];          // XOR byte into least sig. byte of crc
 125              		.loc 2 34 0
 126 005c 0135     		adds	r5, r5, #1
 127              	.LVL14:
 128              	.L5:
 129 005e 052D     		cmp	r5, #5
 130 0060 03DC     		bgt	.L16
  35:../system/include/./modbus_rtu/rtu_crc.h **** 
 131              		.loc 2 35 0
 132 0062 715D     		ldrb	r1, [r6, r5]	@ zero_extendqisi2
 133 0064 4A40     		eors	r2, r2, r1
 134              	.LVL15:
 135              	.LBB10:
  37:../system/include/./modbus_rtu/rtu_crc.h **** 		if ((crc & 0x0001) != 0) {      // If the LSB is set
 136              		.loc 2 37 0
 137 0066 0820     		movs	r0, #8
 138 0068 EFE7     		b	.L6
 139              	.LVL16:
 140              	.L16:
 141              	.LBE10:
 142              	.LBE8:
 143              	.LBE11:
 144              	.LBE12:
  52:../system/src/modbus_rtu/rtu_request.c **** 		*(output + 6) = crc & 0xFF;
 145              		.loc 1 52 0
 146 006a 130A     		lsrs	r3, r2, #8
 147 006c F371     		strb	r3, [r6, #7]
  53:../system/src/modbus_rtu/rtu_request.c **** 
 148              		.loc 1 53 0
 149 006e B271     		strb	r2, [r6, #6]
  55:../system/src/modbus_rtu/rtu_request.c **** 
 150              		.loc 1 55 0
 151 0070 0823     		movs	r3, #8
 152 0072 3B70     		strb	r3, [r7]
 153              	.LVL17:
  57:../system/src/modbus_rtu/rtu_request.c **** 	}
 154              		.loc 1 57 0
 155 0074 0020     		movs	r0, #0
 156 0076 CBE7     		b	.L1
 157              	.LVL18:
 158              	.L11:
  23:../system/src/modbus_rtu/rtu_request.c **** 	}
 159              		.loc 1 23 0
 160 0078 0120     		movs	r0, #1
 161              	.LVL19:
 162 007a C9E7     		b	.L1
 163              		.cfi_endproc
 164              	.LFE2:
 166              		.text
 167              	.Letext0:
 168              		.file 3 "/usr/local/bin/gcc-arm-none-eabi-7-2018-q2-update/arm-none-eabi/include/sys/lock.h"
 169              		.file 4 "/usr/local/bin/gcc-arm-none-eabi-7-2018-q2-update/arm-none-eabi/include/sys/_types.h"
 170              		.file 5 "/usr/local/bin/gcc-arm-none-eabi-7-2018-q2-update/lib/gcc/arm-none-eabi/7.3.1/include/std
 171              		.file 6 "/usr/local/bin/gcc-arm-none-eabi-7-2018-q2-update/arm-none-eabi/include/sys/reent.h"
 172              		.file 7 "/usr/local/bin/gcc-arm-none-eabi-7-2018-q2-update/lib/gcc/arm-none-eabi/7.3.1/include/std
 173              		.file 8 "/usr/local/bin/gcc-arm-none-eabi-7-2018-q2-update/arm-none-eabi/include/string.h"
DEFINED SYMBOLS
                            *ABS*:0000000000000000 rtu_request.c
     /tmp/ccuLFwFY.s:16     .text.rtu_request_03_04_registers:0000000000000000 $t
     /tmp/ccuLFwFY.s:23     .text.rtu_request_03_04_registers:0000000000000000 rtu_request_03_04_registers
                           .group:0000000000000000 wm4.0.879aed89c359f5856fe69c61b3590d34
                           .group:0000000000000000 wm4.stdarg.h.31.b55da1089056868966f25de5dbfc7d3c
                           .group:0000000000000000 wm4._newlib_version.h.4.875b979a44719054cd750d0952ad3fd6
                           .group:0000000000000000 wm4.newlib.h.18.5e5ca3429233af402d406a202f1fc1ac
                           .group:0000000000000000 wm4.ieeefp.h.77.220d9cccac42cd58761758bee2df4ce6
                           .group:0000000000000000 wm4.features.h.22.fad1cec3bc7ff06488171438dbdcfd02
                           .group:0000000000000000 wm4.config.h.220.6cac6a9685cfce5e83c17784171638d9
                           .group:0000000000000000 wm4._ansi.h.31.de524f58584151836e90d8620a16f8e8
                           .group:0000000000000000 wm4.stddef.h.39.a38874c8f8a57e66301090908ec2a69f
                           .group:0000000000000000 wm4._default_types.h.6.959254cf5f09734ea7516c89e8bb21bd
                           .group:0000000000000000 wm4.lock.h.2.1461d1fff82dffe8bfddc23307f6484f
                           .group:0000000000000000 wm4._types.h.125.5cf8a495f1f7ef36777ad868a1e32068
                           .group:0000000000000000 wm4.stddef.h.161.5349cb105733e8777bfb0cf53c4e3f34
                           .group:0000000000000000 wm4._types.h.184.03611d4f6b5bec9997bcf4279eceba07
                           .group:0000000000000000 wm4.reent.h.17.90c2574d4acdcfce933db5cb09ff35fe
                           .group:0000000000000000 wm4.cdefs.h.47.0bcdf94cb40e176393dd1404056825b4
                           .group:0000000000000000 wm4.string.h.15.dab3980bf35408a4c507182805e2de3a
                           .group:0000000000000000 wm4.stddef.h.161.19e15733342b50ead2919490b095303e
                           .group:0000000000000000 wm4.stdintgcc.h.29.6d480f4ba0f60596e88234283d42444f
                           .group:0000000000000000 wm4.rtu_return_values.h.9.ebf5128ee53fb26e4da5d61aff7556b7

UNDEFINED SYMBOLS
memset
