   1              		.cpu cortex-m4
   2              		.eabi_attribute 27, 1
   3              		.eabi_attribute 28, 1
   4              		.eabi_attribute 20, 1
   5              		.eabi_attribute 21, 1
   6              		.eabi_attribute 23, 3
   7              		.eabi_attribute 24, 1
   8              		.eabi_attribute 25, 1
   9              		.eabi_attribute 26, 1
  10              		.eabi_attribute 30, 1
  11              		.eabi_attribute 34, 1
  12              		.eabi_attribute 18, 4
  13              		.file	"config_data_default.c"
  14              		.text
  15              	.Ltext0:
  16              		.cfi_sections	.debug_frame
  17              		.global	config_data_rtu_default
  18              		.global	config_data_umb_default
  19              		.global	config_data_wx_sources_default
  20              		.global	config_data_basic_default
  21              		.global	config_data_mode_default
  22              		.section	.data.config_data_basic_default,"aw",%progbits
  23              		.align	2
  26              	config_data_basic_default:
  27 0000 53503845 		.ascii	"SP8EBC\000"
  27      424300
  28 0007 01       		.byte	1
  29 0008 8FA69A45 		.word	1167763087
  30 000c 4E       		.byte	78
  31 000d 000000   		.space	3
  32 0010 00F0ED44 		.word	1156444160
  33 0014 45       		.byte	69
  34 0015 53657420 		.ascii	"Set Your configuration in this file and rename to s"
  34      596F7572 
  34      20636F6E 
  34      66696775 
  34      72617469 
  35 0048 74617469 		.ascii	"tation_config.h\000"
  35      6F6E5F63 
  35      6F6E6669 
  35      672E6800 
  36 0058 00000000 		.space	61
  36      00000000 
  36      00000000 
  36      00000000 
  36      00000000 
  37 0095 01       		.byte	1
  38 0096 01       		.byte	1
  39 0097 00       		.byte	0
  40 0098 04       		.byte	4
  41 0099 2D       		.byte	45
  42 009a 0000     		.space	2
  43              		.section	.data.config_data_mode_default,"aw",%progbits
  44              		.align	2
  47              	config_data_mode_default:
  48 0000 01       		.byte	1
  49 0001 01       		.byte	1
  50 0002 01       		.byte	1
  51 0003 00       		.byte	0
  52 0004 00       		.space	1
  53 0005 00       		.byte	0
  54 0006 00       		.byte	0
  55 0007 00       		.byte	0
  56 0008 00       		.byte	0
  57 0009 03       		.byte	3
  58              		.section	.data.config_data_rtu_default,"aw",%progbits
  59              		.align	2
  62              	config_data_rtu_default:
  63 0000 8025     		.short	9600
  64 0002 00       		.byte	0
  65 0003 02       		.byte	2
  66 0004 00       		.byte	0
  67 0005 00       		.byte	0
  68 0006 02       		.byte	2
  69 0007 00       		.byte	0
  70 0008 00       		.byte	0
  71 0009 00       		.byte	0
  72 000a 00       		.byte	0
  73 000b 01       		.byte	1
  74 000c 03       		.byte	3
  75 000d 00       		.space	1
  76 000e 0000     		.short	0
  77 0010 0100     		.short	1
  78 0012 00       		.byte	0
  79 0013 01       		.byte	1
  80 0014 00       		.byte	0
  81 0015 0A       		.byte	10
  82 0016 00       		.byte	0
  83 0017 01       		.byte	1
  84 0018 03       		.byte	3
  85 0019 00       		.space	1
  86 001a 0100     		.short	1
  87 001c 0100     		.short	1
  88 001e 00       		.byte	0
  89 001f 01       		.byte	1
  90 0020 00       		.byte	0
  91 0021 01       		.byte	1
  92 0022 00       		.byte	0
  93 0023 01       		.byte	1
  94 0024 03       		.byte	3
  95 0025 00       		.space	1
  96 0026 0200     		.short	2
  97 0028 0100     		.short	1
  98 002a 00       		.byte	0
  99 002b 01       		.byte	1
 100 002c 00       		.byte	0
 101 002d 01       		.byte	1
 102 002e 00       		.byte	0
 103 002f 01       		.byte	1
 104 0030 03       		.byte	3
 105 0031 00       		.space	1
 106 0032 0300     		.short	3
 107 0034 0100     		.short	1
 108 0036 00       		.byte	0
 109 0037 01       		.byte	1
 110 0038 00       		.byte	0
 111 0039 01       		.byte	1
 112 003a 00       		.byte	0
 113 003b 00       		.byte	0
 114 003c 00       		.byte	0
 115 003d 00       		.space	1
 116 003e 0300     		.short	3
 117 0040 0100     		.short	1
 118 0042 00       		.byte	0
 119 0043 01       		.byte	1
 120 0044 00       		.byte	0
 121 0045 01       		.byte	1
 122 0046 00       		.byte	0
 123 0047 00       		.byte	0
 124 0048 00       		.byte	0
 125 0049 00       		.space	1
 126 004a 0000     		.short	0
 127 004c 0100     		.short	1
 128 004e 00       		.byte	0
 129 004f 01       		.byte	1
 130 0050 00       		.byte	0
 131 0051 01       		.byte	1
 132 0052 00       		.byte	0
 133 0053 00       		.space	1
 134              		.section	.data.config_data_umb_default,"aw",%progbits
 135              		.align	2
 138              	config_data_umb_default:
 139 0000 0800     		.short	8
 140 0002 0100     		.short	1
 141 0004 CC01     		.short	460
 142 0006 B801     		.short	440
 143 0008 4402     		.short	580
 144 000a 6400     		.short	100
 145 000c 2C01     		.short	300
 146              		.section	.data.config_data_wx_sources_default,"aw",%progbits
 147              		.align	2
 150              	config_data_wx_sources_default:
 151 0000 01       		.byte	1
 152 0001 02       		.byte	2
 153 0002 00       		.space	1
 154 0003 02       		.byte	2
 155              		.text
 156              	.Letext0:
 157              		.file 1 "/usr/local/bin/gcc-arm-none-eabi-7-2018-q2-update/lib/gcc/arm-none-eabi/7.3.1/include/std
 158              		.file 2 "../include/config_data.h"
 159              		.file 3 "../src/config_data_default.c"
DEFINED SYMBOLS
                            *ABS*:0000000000000000 config_data_default.c
     /tmp/ccell5Or.s:62     .data.config_data_rtu_default:0000000000000000 config_data_rtu_default
     /tmp/ccell5Or.s:138    .data.config_data_umb_default:0000000000000000 config_data_umb_default
     /tmp/ccell5Or.s:150    .data.config_data_wx_sources_default:0000000000000000 config_data_wx_sources_default
     /tmp/ccell5Or.s:26     .data.config_data_basic_default:0000000000000000 config_data_basic_default
     /tmp/ccell5Or.s:47     .data.config_data_mode_default:0000000000000000 config_data_mode_default
     /tmp/ccell5Or.s:23     .data.config_data_basic_default:0000000000000000 $d
     /tmp/ccell5Or.s:44     .data.config_data_mode_default:0000000000000000 $d
     /tmp/ccell5Or.s:59     .data.config_data_rtu_default:0000000000000000 $d
     /tmp/ccell5Or.s:135    .data.config_data_umb_default:0000000000000000 $d
     /tmp/ccell5Or.s:147    .data.config_data_wx_sources_default:0000000000000000 $d
                           .group:0000000000000000 wm4.0.95bc707da9dcffdc6c8c58936cbc8421
                           .group:0000000000000000 wm4.stdintgcc.h.29.6d480f4ba0f60596e88234283d42444f
                           .group:0000000000000000 wm4.config_data.h.20.3fa825aa23b2311026266e3d076368dc
                           .group:0000000000000000 wm4.station_config.h.9.d547169434a316afe56104ac612d2109

NO UNDEFINED SYMBOLS
