   1              		.cpu cortex-m4
   2              		.eabi_attribute 27, 1
   3              		.eabi_attribute 28, 1
   4              		.eabi_attribute 20, 1
   5              		.eabi_attribute 21, 1
   6              		.eabi_attribute 23, 3
   7              		.eabi_attribute 24, 1
   8              		.eabi_attribute 25, 1
   9              		.eabi_attribute 26, 1
  10              		.eabi_attribute 30, 1
  11              		.eabi_attribute 34, 1
  12              		.eabi_attribute 18, 4
  13              		.file	"config_data_second.c"
  14              		.text
  15              	.Ltext0:
  16              		.cfi_sections	.debug_frame
  17              		.global	config_data_rtu_second
  18              		.global	config_data_umb_second
  19              		.global	config_data_wx_sources_second
  20              		.global	config_data_basic_second
  21              		.global	config_data_mode_second
  22              		.global	config_data_crc_val_second
  23              		.global	config_data_pgm_cntr_second
  24              		.section	.config_section_second,"a",%progbits
  25              		.align	1
  28              	config_data_pgm_cntr_second:
  29 0000 0200     		.short	2
  30              		.section	.config_section_second.basic,"a",%progbits
  31              		.align	2
  34              	config_data_basic_second:
  35 0000 53523957 		.ascii	"SR9WXZ\000"
  35      585A00
  36 0007 00       		.byte	0
  37 0008 857B9A45 		.word	1167752069
  38 000c 4E       		.byte	78
  39 000d 000000   		.space	3
  40 0010 8503EF44 		.word	1156514693
  41 0014 45       		.byte	69
  42 0015 5758206F 		.ascii	"WX only = TXPower 1W = Klub Zeglarski Halny, plywaj"
  42      6E6C7920 
  42      3D205458 
  42      506F7765 
  42      72203157 
  43 0048 61636120 		.ascii	"aca keja manewrowa na J. Zywieckim = sp8ebc@interia"
  43      6B656A61 
  43      206D616E 
  43      6577726F 
  43      7761206E 
  44 007b 2E706C00 		.ascii	".pl\000"
  45 007f 00000000 		.space	22
  45      00000000 
  45      00000000 
  45      00000000 
  45      00000000 
  46 0095 05       		.byte	5
  47 0096 00       		.byte	0
  48 0097 01       		.byte	1
  49 0098 05       		.byte	5
  50 0099 2D       		.byte	45
  51 009a 01       		.byte	1
  52 009b 00       		.space	1
  53              		.section	.config_section_second.crc,"a",%progbits
  54              		.align	2
  57              	config_data_crc_val_second:
  58 0000 EFBEADDE 		.word	-559038737
  59              		.section	.config_section_second.mode,"a",%progbits
  60              		.align	2
  63              	config_data_mode_second:
  64 0000 00       		.byte	0
  65 0001 01       		.byte	1
  66 0002 00       		.byte	0
  67 0003 00       		.byte	0
  68 0004 00       		.space	1
  69 0005 00       		.byte	0
  70 0006 0A       		.byte	10
  71 0007 00       		.byte	0
  72 0008 00       		.byte	0
  73 0009 00       		.byte	0
  74 000a 03       		.byte	3
  75 000b 03       		.byte	3
  76 000c 01       		.byte	1
  77              		.section	.config_section_second.rtu,"a",%progbits
  78              		.align	2
  81              	config_data_rtu_second:
  82 0000 8025     		.short	9600
  83 0002 00       		.byte	0
  84 0003 02       		.byte	2
  85 0004 00       		.byte	0
  86 0005 00       		.byte	0
  87 0006 02       		.byte	2
  88 0007 00       		.byte	0
  89 0008 00       		.byte	0
  90 0009 00       		.byte	0
  91 000a 00       		.byte	0
  92 000b 01       		.byte	1
  93 000c 03       		.byte	3
  94 000d 00       		.space	1
  95 000e 0000     		.short	0
  96 0010 0100     		.short	1
  97 0012 00       		.byte	0
  98 0013 01       		.byte	1
  99 0014 00       		.byte	0
 100 0015 0A       		.byte	10
 101 0016 00       		.byte	0
 102 0017 01       		.byte	1
 103 0018 03       		.byte	3
 104 0019 00       		.space	1
 105 001a 0100     		.short	1
 106 001c 0100     		.short	1
 107 001e 00       		.byte	0
 108 001f 01       		.byte	1
 109 0020 00       		.byte	0
 110 0021 01       		.byte	1
 111 0022 00       		.byte	0
 112 0023 01       		.byte	1
 113 0024 03       		.byte	3
 114 0025 00       		.space	1
 115 0026 0200     		.short	2
 116 0028 0100     		.short	1
 117 002a 00       		.byte	0
 118 002b 01       		.byte	1
 119 002c 00       		.byte	0
 120 002d 01       		.byte	1
 121 002e 00       		.byte	0
 122 002f 01       		.byte	1
 123 0030 03       		.byte	3
 124 0031 00       		.space	1
 125 0032 0300     		.short	3
 126 0034 0100     		.short	1
 127 0036 00       		.byte	0
 128 0037 01       		.byte	1
 129 0038 00       		.byte	0
 130 0039 01       		.byte	1
 131 003a 00       		.byte	0
 132 003b 00       		.byte	0
 133 003c 00       		.byte	0
 134 003d 00       		.space	1
 135 003e 0300     		.short	3
 136 0040 0100     		.short	1
 137 0042 00       		.byte	0
 138 0043 01       		.byte	1
 139 0044 00       		.byte	0
 140 0045 01       		.byte	1
 141 0046 00       		.byte	0
 142 0047 00       		.byte	0
 143 0048 00       		.byte	0
 144 0049 00       		.space	1
 145 004a 0000     		.short	0
 146 004c 0100     		.short	1
 147 004e 00       		.byte	0
 148 004f 01       		.byte	1
 149 0050 00       		.byte	0
 150 0051 01       		.byte	1
 151 0052 00       		.byte	0
 152 0053 00       		.space	1
 153              		.section	.config_section_second.sources,"a",%progbits
 154              		.align	2
 157              	config_data_wx_sources_second:
 158 0000 01       		.byte	1
 159 0001 01       		.byte	1
 160 0002 01       		.byte	1
 161 0003 01       		.byte	1
 162              		.section	.config_section_second.umb,"a",%progbits
 163              		.align	2
 166              	config_data_umb_second:
 167 0000 0800     		.short	8
 168 0002 0100     		.short	1
 169 0004 CC01     		.short	460
 170 0006 B801     		.short	440
 171 0008 4402     		.short	580
 172 000a 6400     		.short	100
 173 000c 2C01     		.short	300
 174              		.text
 175              	.Letext0:
 176              		.file 1 "/usr/local/bin/gcc-arm-none-eabi-7-2018-q2-update/lib/gcc/arm-none-eabi/7.3.1/include/std
 177              		.file 2 "../include/config_data.h"
 178              		.file 3 "../src/config_data_second.c"
DEFINED SYMBOLS
                            *ABS*:0000000000000000 config_data_second.c
     /tmp/ccAYreG3.s:81     .config_section_second.rtu:0000000000000000 config_data_rtu_second
     /tmp/ccAYreG3.s:166    .config_section_second.umb:0000000000000000 config_data_umb_second
     /tmp/ccAYreG3.s:157    .config_section_second.sources:0000000000000000 config_data_wx_sources_second
     /tmp/ccAYreG3.s:34     .config_section_second.basic:0000000000000000 config_data_basic_second
     /tmp/ccAYreG3.s:63     .config_section_second.mode:0000000000000000 config_data_mode_second
     /tmp/ccAYreG3.s:57     .config_section_second.crc:0000000000000000 config_data_crc_val_second
     /tmp/ccAYreG3.s:28     .config_section_second:0000000000000000 config_data_pgm_cntr_second
     /tmp/ccAYreG3.s:25     .config_section_second:0000000000000000 $d
     /tmp/ccAYreG3.s:31     .config_section_second.basic:0000000000000000 $d
     /tmp/ccAYreG3.s:54     .config_section_second.crc:0000000000000000 $d
     /tmp/ccAYreG3.s:60     .config_section_second.mode:0000000000000000 $d
     /tmp/ccAYreG3.s:78     .config_section_second.rtu:0000000000000000 $d
     /tmp/ccAYreG3.s:154    .config_section_second.sources:0000000000000000 $d
     /tmp/ccAYreG3.s:163    .config_section_second.umb:0000000000000000 $d
                           .group:0000000000000000 wm4.0.95bc707da9dcffdc6c8c58936cbc8421
                           .group:0000000000000000 wm4.stdintgcc.h.29.6d480f4ba0f60596e88234283d42444f
                           .group:0000000000000000 wm4.config_data.h.40.13cd3b822d6a413ebd43f14128b4c023
                           .group:0000000000000000 wm4.station_config.h.9.dccf6b17ee2bf87c63fe0b152d34825f

NO UNDEFINED SYMBOLS
