   1              		.cpu cortex-m4
   2              		.eabi_attribute 27, 1
   3              		.eabi_attribute 28, 1
   4              		.eabi_attribute 20, 1
   5              		.eabi_attribute 21, 1
   6              		.eabi_attribute 23, 3
   7              		.eabi_attribute 24, 1
   8              		.eabi_attribute 25, 1
   9              		.eabi_attribute 26, 1
  10              		.eabi_attribute 30, 1
  11              		.eabi_attribute 34, 1
  12              		.eabi_attribute 18, 4
  13              		.file	"dummy.c"
  14              		.text
  15              	.Ltext0:
  16              		.cfi_sections	.debug_frame
  17              		.global	dummy
  18              		.section	.config_section_third,"a",%progbits
  19              		.align	2
  22              	dummy:
  23 0000 DDDDDDDD 		.word	-572662307
  24              		.text
  25              	.Letext0:
  26              		.file 1 "../src/dummy.c"
DEFINED SYMBOLS
                            *ABS*:0000000000000000 dummy.c
     /tmp/ccFSeiIt.s:22     .config_section_third:0000000000000000 dummy
     /tmp/ccFSeiIt.s:19     .config_section_third:0000000000000000 $d
                           .group:0000000000000000 wm4.0.95bc707da9dcffdc6c8c58936cbc8421

NO UNDEFINED SYMBOLS
