   1              		.cpu cortex-m4
   2              		.eabi_attribute 27, 1
   3              		.eabi_attribute 28, 1
   4              		.eabi_attribute 20, 1
   5              		.eabi_attribute 21, 1
   6              		.eabi_attribute 23, 3
   7              		.eabi_attribute 24, 1
   8              		.eabi_attribute 25, 1
   9              		.eabi_attribute 26, 1
  10              		.eabi_attribute 30, 1
  11              		.eabi_attribute 34, 1
  12              		.eabi_attribute 18, 4
  13              		.file	"packet_tx_handler.c"
  14              		.text
  15              	.Ltext0:
  16              		.cfi_sections	.debug_frame
  17              		.section	.text.packet_tx_handler,"ax",%progbits
  18              		.align	1
  19              		.global	packet_tx_handler
  20              		.syntax unified
  21              		.thumb
  22              		.thumb_func
  23              		.fpu fpv4-sp-d16
  25              	packet_tx_handler:
  26              	.LFB403:
  27              		.file 1 "../src/packet_tx_handler.c"
   1:../src/packet_tx_handler.c **** #include "rte_wx.h"
   2:../src/packet_tx_handler.c **** #include "rte_pv.h"
   3:../src/packet_tx_handler.c **** #include "rte_main.h"
   4:../src/packet_tx_handler.c **** 
   5:../src/packet_tx_handler.c **** #include "station_config.h"
   6:../src/packet_tx_handler.c **** 
   7:../src/packet_tx_handler.c **** #include "./aprs/beacon.h"
   8:../src/packet_tx_handler.c **** #include "./aprs/wx.h"
   9:../src/packet_tx_handler.c **** #include "./aprs/telemetry.h"
  10:../src/packet_tx_handler.c **** 
  11:../src/packet_tx_handler.c **** #include "./drivers/serial.h"
  12:../src/packet_tx_handler.c **** 
  13:../src/packet_tx_handler.c **** #include "./umb_master/umb_master.h"
  14:../src/packet_tx_handler.c **** 
  15:../src/packet_tx_handler.c **** #include "./modbus_rtu/rtu_configuration.h"
  16:../src/packet_tx_handler.c **** 
  17:../src/packet_tx_handler.c **** #include "main.h"
  18:../src/packet_tx_handler.c **** #include "delay.h"
  19:../src/packet_tx_handler.c **** #include "io.h"
  20:../src/packet_tx_handler.c **** 
  21:../src/packet_tx_handler.c **** #define _TELEM_DESCR_INTERVAL	150
  22:../src/packet_tx_handler.c **** 
  23:../src/packet_tx_handler.c **** uint8_t packet_tx_beacon_interval = _BCN_INTERVAL;
  24:../src/packet_tx_handler.c **** uint8_t packet_tx_beacon_counter = 0;
  25:../src/packet_tx_handler.c **** 
  26:../src/packet_tx_handler.c **** uint8_t packet_tx_error_status_interval = 2;
  27:../src/packet_tx_handler.c **** uint8_t packet_tx_error_status_counter = 0;
  28:../src/packet_tx_handler.c **** 
  29:../src/packet_tx_handler.c **** uint8_t packet_tx_meteo_interval = _WX_INTERVAL;
  30:../src/packet_tx_handler.c **** uint8_t packet_tx_meteo_counter = 2;
  31:../src/packet_tx_handler.c **** 
  32:../src/packet_tx_handler.c **** uint8_t packet_tx_meteo_kiss_interval = 2;
  33:../src/packet_tx_handler.c **** uint8_t packet_tx_meteo_kiss_counter = 0;
  34:../src/packet_tx_handler.c **** 
  35:../src/packet_tx_handler.c **** uint8_t packet_tx_telemetry_interval = 10;
  36:../src/packet_tx_handler.c **** uint8_t packet_tx_telemetry_counter = 0;
  37:../src/packet_tx_handler.c **** 
  38:../src/packet_tx_handler.c **** uint8_t packet_tx_telemetry_descr_interval = _TELEM_DESCR_INTERVAL;
  39:../src/packet_tx_handler.c **** uint8_t packet_tx_telemetry_descr_counter = 10;
  40:../src/packet_tx_handler.c **** 
  41:../src/packet_tx_handler.c **** const uint8_t packet_tx_modbus_raw_values = (uint8_t)(_TELEM_DESCR_INTERVAL - _WX_INTERVAL * (uint8
  42:../src/packet_tx_handler.c **** const uint8_t packet_tx_modbus_status = (uint8_t)(_TELEM_DESCR_INTERVAL - _WX_INTERVAL * (uint8_t)(
  43:../src/packet_tx_handler.c **** 
  44:../src/packet_tx_handler.c **** uint8_t packet_tx_more_than_one = 0;
  45:../src/packet_tx_handler.c **** 
  46:../src/packet_tx_handler.c **** /**
  47:../src/packet_tx_handler.c ****  * This function is called from the inside of 'packet_rx_handler' to put an extra wait
  48:../src/packet_tx_handler.c ****  * if more than one packet is sent from the single call to that function. This is required
  49:../src/packet_tx_handler.c ****  * to protect against jamming own frames when any path is configured.
  50:../src/packet_tx_handler.c ****  *
  51:../src/packet_tx_handler.c ****  */
  52:../src/packet_tx_handler.c **** inline void packet_tx_multi_per_call_handler(void) {
  53:../src/packet_tx_handler.c **** 	// if this consecutive frame sent from one call to this function
  54:../src/packet_tx_handler.c **** 	if (packet_tx_more_than_one > 0) {
  55:../src/packet_tx_handler.c **** 		// wait for previous transmission to complete
  56:../src/packet_tx_handler.c **** 		main_wait_for_tx_complete();
  57:../src/packet_tx_handler.c **** 
  58:../src/packet_tx_handler.c **** 		// wait for any possible retransmission to kick in
  59:../src/packet_tx_handler.c **** 		delay_fixed(1000);
  60:../src/packet_tx_handler.c **** 
  61:../src/packet_tx_handler.c **** 	}
  62:../src/packet_tx_handler.c **** 	else {
  63:../src/packet_tx_handler.c **** 		packet_tx_more_than_one = 1;
  64:../src/packet_tx_handler.c **** 	}
  65:../src/packet_tx_handler.c **** }
  66:../src/packet_tx_handler.c **** 
  67:../src/packet_tx_handler.c **** // this shall be called in 60 seconds periods
  68:../src/packet_tx_handler.c **** void packet_tx_handler(const config_data_basic_t * const config_basic, const config_data_mode_t * c
  28              		.loc 1 68 0
  29              		.cfi_startproc
  30              		@ args = 0, pretend = 0, frame = 16
  31              		@ frame_needed = 0, uses_anonymous_args = 0
  32              	.LVL0:
  33 0000 F0B5     		push	{r4, r5, r6, r7, lr}
  34              		.cfi_def_cfa_offset 20
  35              		.cfi_offset 4, -20
  36              		.cfi_offset 5, -16
  37              		.cfi_offset 6, -12
  38              		.cfi_offset 7, -8
  39              		.cfi_offset 14, -4
  40 0002 8BB0     		sub	sp, sp, #44
  41              		.cfi_def_cfa_offset 64
  42 0004 0790     		str	r0, [sp, #28]
  43 0006 0C46     		mov	r4, r1
  44              	.LVL1:
  69:../src/packet_tx_handler.c **** 	dallas_qf_t dallas_qf = DALLAS_QF_UNKNOWN;
  70:../src/packet_tx_handler.c **** 
  71:../src/packet_tx_handler.c **** 	pressure_qf_t pressure_qf = PRESSURE_QF_UNKNOWN;
  72:../src/packet_tx_handler.c **** 	humidity_qf_t humidity_qf = HUMIDITY_QF_UNKNOWN;
  73:../src/packet_tx_handler.c **** 	wind_qf_t wind_qf = WIND_QF_UNKNOWN;
  74:../src/packet_tx_handler.c **** 
  75:../src/packet_tx_handler.c **** 	uint16_t ln = 0;
  45              		.loc 1 75 0
  46 0008 0023     		movs	r3, #0
  47 000a ADF82630 		strh	r3, [sp, #38]	@ movhi
  76:../src/packet_tx_handler.c **** 
  77:../src/packet_tx_handler.c **** 	// set to one if more than one packet will be send from this function at once (like beacon + telem
  78:../src/packet_tx_handler.c **** 	packet_tx_more_than_one = 0;
  48              		.loc 1 78 0
  49 000e 944A     		ldr	r2, .L91
  50 0010 1370     		strb	r3, [r2]
  79:../src/packet_tx_handler.c **** 
  80:../src/packet_tx_handler.c **** 	packet_tx_beacon_counter++;
  51              		.loc 1 80 0
  52 0012 944A     		ldr	r2, .L91+4
  53 0014 1378     		ldrb	r3, [r2]	@ zero_extendqisi2
  54 0016 0133     		adds	r3, r3, #1
  55 0018 1370     		strb	r3, [r2]
  81:../src/packet_tx_handler.c **** 	packet_tx_error_status_counter++;
  56              		.loc 1 81 0
  57 001a 934A     		ldr	r2, .L91+8
  58 001c 1378     		ldrb	r3, [r2]	@ zero_extendqisi2
  59 001e 0133     		adds	r3, r3, #1
  60 0020 DBB2     		uxtb	r3, r3
  61 0022 1370     		strb	r3, [r2]
  82:../src/packet_tx_handler.c **** 	packet_tx_telemetry_counter++;
  62              		.loc 1 82 0
  63 0024 9149     		ldr	r1, .L91+12
  64              	.LVL2:
  65 0026 0A78     		ldrb	r2, [r1]	@ zero_extendqisi2
  66 0028 0132     		adds	r2, r2, #1
  67 002a 0A70     		strb	r2, [r1]
  83:../src/packet_tx_handler.c **** 	packet_tx_telemetry_descr_counter++;
  68              		.loc 1 83 0
  69 002c 9049     		ldr	r1, .L91+16
  70 002e 0A78     		ldrb	r2, [r1]	@ zero_extendqisi2
  71 0030 0132     		adds	r2, r2, #1
  72 0032 0A70     		strb	r2, [r1]
  84:../src/packet_tx_handler.c **** 	if ((main_config_data_mode->wx & WX_ENABLED) == WX_ENABLED) {
  73              		.loc 1 84 0
  74 0034 8F4A     		ldr	r2, .L91+20
  75 0036 1268     		ldr	r2, [r2]
  76 0038 5278     		ldrb	r2, [r2, #1]	@ zero_extendqisi2
  77 003a 12F0010F 		tst	r2, #1
  78 003e 07D0     		beq	.L2
  85:../src/packet_tx_handler.c **** 		packet_tx_meteo_counter++;
  79              		.loc 1 85 0
  80 0040 8D49     		ldr	r1, .L91+24
  81 0042 0A78     		ldrb	r2, [r1]	@ zero_extendqisi2
  82 0044 0132     		adds	r2, r2, #1
  83 0046 0A70     		strb	r2, [r1]
  86:../src/packet_tx_handler.c **** 		packet_tx_meteo_kiss_counter++;
  84              		.loc 1 86 0
  85 0048 8C49     		ldr	r1, .L91+28
  86 004a 0A78     		ldrb	r2, [r1]	@ zero_extendqisi2
  87 004c 0132     		adds	r2, r2, #1
  88 004e 0A70     		strb	r2, [r1]
  89              	.L2:
  87:../src/packet_tx_handler.c **** 	}
  88:../src/packet_tx_handler.c **** 
  89:../src/packet_tx_handler.c **** 	if (packet_tx_error_status_counter >= packet_tx_error_status_interval) {
  90              		.loc 1 89 0
  91 0050 8B4A     		ldr	r2, .L91+32
  92 0052 1278     		ldrb	r2, [r2]	@ zero_extendqisi2
  93 0054 9342     		cmp	r3, r2
  94 0056 05D3     		bcc	.L3
  90:../src/packet_tx_handler.c **** 		if (config_mode->wx_umb) {
  95              		.loc 1 90 0
  96 0058 A378     		ldrb	r3, [r4, #2]	@ zero_extendqisi2
  97 005a 002B     		cmp	r3, #0
  98 005c 48D1     		bne	.L76
  99              	.LVL3:
 100              	.L4:
  91:../src/packet_tx_handler.c **** 			umb_construct_status_str(&rte_wx_umb_context, main_own_aprs_msg, sizeof(main_own_aprs_msg), &ln,
  92:../src/packet_tx_handler.c **** 
  93:../src/packet_tx_handler.c **** 			packet_tx_multi_per_call_handler();
  94:../src/packet_tx_handler.c **** 		}
  95:../src/packet_tx_handler.c **** 
  96:../src/packet_tx_handler.c **** 		packet_tx_error_status_counter = 0;
 101              		.loc 1 96 0
 102 005e 824B     		ldr	r3, .L91+8
 103 0060 0022     		movs	r2, #0
 104 0062 1A70     		strb	r2, [r3]
 105              	.L3:
  97:../src/packet_tx_handler.c **** 	}
  98:../src/packet_tx_handler.c **** 
  99:../src/packet_tx_handler.c **** 	if (packet_tx_beacon_counter >= packet_tx_beacon_interval) {
 106              		.loc 1 99 0
 107 0064 7F4B     		ldr	r3, .L91+4
 108 0066 1A78     		ldrb	r2, [r3]	@ zero_extendqisi2
 109 0068 864B     		ldr	r3, .L91+36
 110 006a 1B78     		ldrb	r3, [r3]	@ zero_extendqisi2
 111 006c 9A42     		cmp	r2, r3
 112 006e 5AD2     		bcs	.L77
 113              	.L7:
 100:../src/packet_tx_handler.c **** 
 101:../src/packet_tx_handler.c **** 		packet_tx_multi_per_call_handler();
 102:../src/packet_tx_handler.c **** 
 103:../src/packet_tx_handler.c **** 		beacon_send_own();
 104:../src/packet_tx_handler.c **** 
 105:../src/packet_tx_handler.c **** 		packet_tx_beacon_counter = 0;
 106:../src/packet_tx_handler.c **** 
 107:../src/packet_tx_handler.c **** 
 108:../src/packet_tx_handler.c **** 	}
 109:../src/packet_tx_handler.c **** 
 110:../src/packet_tx_handler.c **** 	if ((main_config_data_mode->wx & WX_ENABLED) == WX_ENABLED) {
 114              		.loc 1 110 0
 115 0070 804B     		ldr	r3, .L91+20
 116 0072 1B68     		ldr	r3, [r3]
 117 0074 5B78     		ldrb	r3, [r3, #1]	@ zero_extendqisi2
 118 0076 13F0010F 		tst	r3, #1
 119 007a 29D0     		beq	.L11
 111:../src/packet_tx_handler.c **** 		if (packet_tx_meteo_counter >= packet_tx_meteo_interval) {
 120              		.loc 1 111 0
 121 007c 7E4B     		ldr	r3, .L91+24
 122 007e 1A78     		ldrb	r2, [r3]	@ zero_extendqisi2
 123 0080 814B     		ldr	r3, .L91+40
 124 0082 1B78     		ldrb	r3, [r3]	@ zero_extendqisi2
 125 0084 9A42     		cmp	r2, r3
 126 0086 64D2     		bcs	.L78
 127              	.L12:
 112:../src/packet_tx_handler.c **** 
 113:../src/packet_tx_handler.c **** 			packet_tx_multi_per_call_handler();
 114:../src/packet_tx_handler.c **** 
 115:../src/packet_tx_handler.c **** 			SendWXFrame(rte_wx_average_windspeed, rte_wx_max_windspeed, rte_wx_average_winddirection, rte_wx
 116:../src/packet_tx_handler.c **** 
 117:../src/packet_tx_handler.c **** 			#ifdef EXTERNAL_WATCHDOG
 118:../src/packet_tx_handler.c **** 			io_ext_watchdog_service();
 119:../src/packet_tx_handler.c **** 			#endif
 120:../src/packet_tx_handler.c **** 
 121:../src/packet_tx_handler.c **** 			packet_tx_meteo_counter = 0;
 122:../src/packet_tx_handler.c **** 		}
 123:../src/packet_tx_handler.c **** 
 124:../src/packet_tx_handler.c **** 		if ((main_config_data_mode->wx_modbus & WX_MODBUS_DEBUG) == WX_MODBUS_DEBUG) {
 128              		.loc 1 124 0
 129 0088 7A4B     		ldr	r3, .L91+20
 130 008a 1B68     		ldr	r3, [r3]
 131 008c DB78     		ldrb	r3, [r3, #3]	@ zero_extendqisi2
 132 008e 13F0020F 		tst	r3, #2
 133 0092 0ED0     		beq	.L16
 125:../src/packet_tx_handler.c **** 			// send the status packet with raw values of all requested modbus-RTU registers
 126:../src/packet_tx_handler.c **** 			if (packet_tx_meteo_counter == (packet_tx_meteo_interval - 1) &&
 134              		.loc 1 126 0
 135 0094 784B     		ldr	r3, .L91+24
 136 0096 1A78     		ldrb	r2, [r3]	@ zero_extendqisi2
 137 0098 7B4B     		ldr	r3, .L91+40
 138 009a 1B78     		ldrb	r3, [r3]	@ zero_extendqisi2
 139 009c 013B     		subs	r3, r3, #1
 140 009e 9A42     		cmp	r2, r3
 141 00a0 7DD0     		beq	.L79
 142              	.L17:
 127:../src/packet_tx_handler.c **** 					packet_tx_telemetry_descr_counter >= packet_tx_modbus_raw_values)
 128:../src/packet_tx_handler.c **** 			{
 129:../src/packet_tx_handler.c **** 
 130:../src/packet_tx_handler.c **** 
 131:../src/packet_tx_handler.c **** 				packet_tx_multi_per_call_handler();
 132:../src/packet_tx_handler.c **** 
 133:../src/packet_tx_handler.c **** 				telemetry_send_status_raw_values_modbus();
 134:../src/packet_tx_handler.c **** 			}
 135:../src/packet_tx_handler.c **** 
 136:../src/packet_tx_handler.c **** 			// trigger the status packet with modbus-rtu state like error counters, timestamps etc.
 137:../src/packet_tx_handler.c **** 			if (packet_tx_meteo_counter == (packet_tx_meteo_interval - 1) &&
 143              		.loc 1 137 0
 144 00a2 754B     		ldr	r3, .L91+24
 145 00a4 1A78     		ldrb	r2, [r3]	@ zero_extendqisi2
 146 00a6 784B     		ldr	r3, .L91+40
 147 00a8 1B78     		ldrb	r3, [r3]	@ zero_extendqisi2
 148 00aa 013B     		subs	r3, r3, #1
 149 00ac 9A42     		cmp	r2, r3
 150 00ae 00F08E80 		beq	.L80
 151              	.L16:
 138:../src/packet_tx_handler.c **** 					packet_tx_telemetry_descr_counter > packet_tx_modbus_status &&
 139:../src/packet_tx_handler.c **** 					packet_tx_telemetry_descr_counter <= packet_tx_modbus_status * 2)
 140:../src/packet_tx_handler.c **** 			{
 141:../src/packet_tx_handler.c **** 
 142:../src/packet_tx_handler.c **** 				packet_tx_multi_per_call_handler();
 143:../src/packet_tx_handler.c **** 
 144:../src/packet_tx_handler.c **** 				rte_main_trigger_modbus_status = 1;
 145:../src/packet_tx_handler.c **** 			}
 146:../src/packet_tx_handler.c **** 		}
 147:../src/packet_tx_handler.c **** 
 148:../src/packet_tx_handler.c **** 
 149:../src/packet_tx_handler.c **** 		// check if Victron VE.Direct serial protocol client is enabled and it is
 150:../src/packet_tx_handler.c **** 		// a time to send the status message
 151:../src/packet_tx_handler.c **** 		if (config_mode->victron == 1 &&
 152              		.loc 1 151 0
 153 00b2 A379     		ldrb	r3, [r4, #6]	@ zero_extendqisi2
 154 00b4 012B     		cmp	r3, #1
 155 00b6 00F0A680 		beq	.L81
 156              	.L24:
 152:../src/packet_tx_handler.c **** 			packet_tx_meteo_counter == (packet_tx_meteo_interval - 1) &&
 153:../src/packet_tx_handler.c **** 			packet_tx_telemetry_descr_counter >= packet_tx_modbus_raw_values)
 154:../src/packet_tx_handler.c **** 		{
 155:../src/packet_tx_handler.c **** 			packet_tx_multi_per_call_handler();
 156:../src/packet_tx_handler.c **** 
 157:../src/packet_tx_handler.c **** 			telemetry_send_status_pv(&rte_pv_average, &rte_pv_last_error, rte_pv_struct.system_state, master
 158:../src/packet_tx_handler.c **** 
 159:../src/packet_tx_handler.c **** 		}
 160:../src/packet_tx_handler.c **** 
 161:../src/packet_tx_handler.c **** 		// send wx frame to KISS host once every two minutes
 162:../src/packet_tx_handler.c **** 		if (packet_tx_meteo_kiss_counter >= packet_tx_meteo_kiss_interval && main_kiss_enabled == 1) {
 157              		.loc 1 162 0
 158 00ba 704B     		ldr	r3, .L91+28
 159 00bc 1A78     		ldrb	r2, [r3]	@ zero_extendqisi2
 160 00be 734B     		ldr	r3, .L91+44
 161 00c0 1B78     		ldrb	r3, [r3]	@ zero_extendqisi2
 162 00c2 9A42     		cmp	r2, r3
 163 00c4 04D3     		bcc	.L11
 164              		.loc 1 162 0 is_stmt 0 discriminator 1
 165 00c6 724B     		ldr	r3, .L91+48
 166 00c8 1B78     		ldrb	r3, [r3]	@ zero_extendqisi2
 167 00ca 012B     		cmp	r3, #1
 168 00cc 00F00681 		beq	.L82
 169              	.L11:
 163:../src/packet_tx_handler.c **** 
 164:../src/packet_tx_handler.c **** 			srl_wait_for_tx_completion(main_kiss_srl_ctx_ptr);
 165:../src/packet_tx_handler.c **** 
 166:../src/packet_tx_handler.c **** 			SendWXFrameToBuffer(rte_wx_average_windspeed, rte_wx_max_windspeed, rte_wx_average_winddirection
 167:../src/packet_tx_handler.c **** 
 168:../src/packet_tx_handler.c **** 			srl_start_tx(main_kiss_srl_ctx_ptr, ln);
 169:../src/packet_tx_handler.c **** 
 170:../src/packet_tx_handler.c **** 			packet_tx_meteo_kiss_counter = 0;
 171:../src/packet_tx_handler.c **** 		}
 172:../src/packet_tx_handler.c **** 	}
 173:../src/packet_tx_handler.c **** 
 174:../src/packet_tx_handler.c **** 	if (packet_tx_telemetry_counter >= packet_tx_telemetry_interval) {
 170              		.loc 1 174 0 is_stmt 1
 171 00d0 664B     		ldr	r3, .L91+12
 172 00d2 1A78     		ldrb	r2, [r3]	@ zero_extendqisi2
 173 00d4 6F4B     		ldr	r3, .L91+52
 174 00d6 1B78     		ldrb	r3, [r3]	@ zero_extendqisi2
 175 00d8 9A42     		cmp	r2, r3
 176 00da 80F02481 		bcs	.L83
 177              	.LVL4:
 178              	.L28:
 175:../src/packet_tx_handler.c **** 
 176:../src/packet_tx_handler.c **** 		packet_tx_multi_per_call_handler();
 177:../src/packet_tx_handler.c **** 
 178:../src/packet_tx_handler.c **** 		// if there weren't any erros related to communication with DS12B20 from previous function call
 179:../src/packet_tx_handler.c **** 		if (rte_wx_error_dallas_qf == DALLAS_QF_UNKNOWN) {
 180:../src/packet_tx_handler.c **** 			dallas_qf = rte_wx_current_dallas_qf;	// it might be DEGRADATED so we need to copy a value direc
 181:../src/packet_tx_handler.c **** 
 182:../src/packet_tx_handler.c **** 			// reset current QF to check if there will be at least one successfull readout of temperature
 183:../src/packet_tx_handler.c **** 			rte_wx_current_dallas_qf = DALLAS_QF_UNKNOWN;
 184:../src/packet_tx_handler.c **** 		}
 185:../src/packet_tx_handler.c **** 
 186:../src/packet_tx_handler.c **** 		// if there were any errors
 187:../src/packet_tx_handler.c **** 		else {
 188:../src/packet_tx_handler.c **** 
 189:../src/packet_tx_handler.c **** 			// if we had at least one successfull communication with the sensor
 190:../src/packet_tx_handler.c **** 			if (rte_wx_current_dallas_qf == DALLAS_QF_FULL || rte_wx_current_dallas_qf == DALLAS_QF_DEGRADAT
 191:../src/packet_tx_handler.c **** 				// set the error reason
 192:../src/packet_tx_handler.c **** 				dallas_qf = DALLAS_QF_DEGRADATED;
 193:../src/packet_tx_handler.c **** 			}
 194:../src/packet_tx_handler.c **** 			// if they wasn't any successfull comm
 195:../src/packet_tx_handler.c **** 			else {
 196:../src/packet_tx_handler.c **** 				// set that it is totally dead and not avaliable
 197:../src/packet_tx_handler.c **** 				dallas_qf = DALLAS_QF_NOT_AVALIABLE;
 198:../src/packet_tx_handler.c **** 			}
 199:../src/packet_tx_handler.c **** 
 200:../src/packet_tx_handler.c **** 			// and reset the error
 201:../src/packet_tx_handler.c **** 			rte_wx_error_dallas_qf = DALLAS_QF_UNKNOWN;
 202:../src/packet_tx_handler.c **** 
 203:../src/packet_tx_handler.c **** 			rte_wx_current_dallas_qf = DALLAS_QF_UNKNOWN;
 204:../src/packet_tx_handler.c **** 		}
 205:../src/packet_tx_handler.c **** 
 206:../src/packet_tx_handler.c **** 		// get quality factors for internal pressure and humidity sensors
 207:../src/packet_tx_handler.c **** 		if (config_mode->wx_ms5611_or_bme == 0) {
 208:../src/packet_tx_handler.c **** 			// pressure sensors quality factors
 209:../src/packet_tx_handler.c **** 
 210:../src/packet_tx_handler.c **** 			switch (rte_wx_ms5611_qf) {
 211:../src/packet_tx_handler.c **** 				case MS5611_QF_FULL: pressure_qf = PRESSURE_QF_FULL; break;
 212:../src/packet_tx_handler.c **** 				case MS5611_QF_NOT_AVALIABLE: pressure_qf = PRESSURE_QF_NOT_AVALIABLE; break;
 213:../src/packet_tx_handler.c **** 				case MS5611_QF_DEGRADATED: pressure_qf = PRESSURE_QF_DEGRADATED; break;
 214:../src/packet_tx_handler.c **** 				case MS5611_QF_UNKNOWN: pressure_qf = PRESSURE_QF_UNKNOWN; break;
 215:../src/packet_tx_handler.c **** 			}
 216:../src/packet_tx_handler.c **** 
 217:../src/packet_tx_handler.c **** 		}
 218:../src/packet_tx_handler.c **** 		else if (config_mode->wx_ms5611_or_bme == 1) {
 219:../src/packet_tx_handler.c **** 			//#elif defined(_SENSOR_BME280)
 220:../src/packet_tx_handler.c **** 			// humidity sensors quality factors
 221:../src/packet_tx_handler.c **** 			if (rte_wx_bme280_qf == BME280_QF_UKNOWN) {
 222:../src/packet_tx_handler.c **** 				;
 223:../src/packet_tx_handler.c **** 			}
 224:../src/packet_tx_handler.c **** 			else {
 225:../src/packet_tx_handler.c **** 				// use BME280
 226:../src/packet_tx_handler.c **** 				switch (rte_wx_bme280_qf) {
 227:../src/packet_tx_handler.c **** 					case BME280_QF_FULL:
 228:../src/packet_tx_handler.c **** 					case BME280_QF_PRESSURE_DEGRADED: humidity_qf = HUMIDITY_QF_FULL; break;
 229:../src/packet_tx_handler.c **** 					case BME280_QF_UKNOWN:
 230:../src/packet_tx_handler.c **** 					case BME280_QF_NOT_AVAILABLE: humidity_qf = HUMIDITY_QF_NOT_AVALIABLE; break;
 231:../src/packet_tx_handler.c **** 					case BME280_QF_HUMIDITY_DEGRADED:
 232:../src/packet_tx_handler.c **** 					case BME280_QF_GEN_DEGRADED: humidity_qf = HUMIDITY_QF_DEGRADATED; break;
 233:../src/packet_tx_handler.c **** 				}
 234:../src/packet_tx_handler.c **** 
 235:../src/packet_tx_handler.c **** 				switch (rte_wx_bme280_qf) {
 236:../src/packet_tx_handler.c **** 					case BME280_QF_FULL:
 237:../src/packet_tx_handler.c **** 					case BME280_QF_HUMIDITY_DEGRADED: pressure_qf = PRESSURE_QF_FULL; break;
 238:../src/packet_tx_handler.c **** 					case BME280_QF_UKNOWN:
 239:../src/packet_tx_handler.c **** 					case BME280_QF_NOT_AVAILABLE: pressure_qf = PRESSURE_QF_NOT_AVALIABLE; break;
 240:../src/packet_tx_handler.c **** 					case BME280_QF_PRESSURE_DEGRADED:
 241:../src/packet_tx_handler.c **** 					case BME280_QF_GEN_DEGRADED: pressure_qf = PRESSURE_QF_DEGRADATED; break;
 242:../src/packet_tx_handler.c **** 				}
 243:../src/packet_tx_handler.c **** 
 244:../src/packet_tx_handler.c **** 			}
 245:../src/packet_tx_handler.c **** 		}
 246:../src/packet_tx_handler.c **** 		else {
 247:../src/packet_tx_handler.c **** 			pressure_qf = PRESSURE_QF_NOT_AVALIABLE;
 248:../src/packet_tx_handler.c **** 			humidity_qf = HUMIDITY_QF_NOT_AVALIABLE;
 249:../src/packet_tx_handler.c **** 		}
 250:../src/packet_tx_handler.c **** 
 251:../src/packet_tx_handler.c **** 		// wind quality factor
 252:../src/packet_tx_handler.c **** 		if (rte_wx_wind_qf == AN_WIND_QF_UNKNOWN) {
 253:../src/packet_tx_handler.c **** 			;
 254:../src/packet_tx_handler.c **** 		}
 255:../src/packet_tx_handler.c **** 		else {
 256:../src/packet_tx_handler.c **** 			switch (rte_wx_wind_qf) {
 257:../src/packet_tx_handler.c **** 				case AN_WIND_QF_FULL: wind_qf = WIND_QF_FULL; break;
 258:../src/packet_tx_handler.c **** 				case AN_WIND_QF_DEGRADED_DEBOUNCE:
 259:../src/packet_tx_handler.c **** 				case AN_WIND_QF_DEGRADED_SLEW:
 260:../src/packet_tx_handler.c **** 				case AN_WIND_QF_DEGRADED: wind_qf = WIND_QF_DEGRADATED; break;
 261:../src/packet_tx_handler.c **** 				case AN_WIND_QF_NOT_AVALIABLE:
 262:../src/packet_tx_handler.c **** 				case AN_WIND_QF_UNKNOWN: wind_qf = WIND_QF_NOT_AVALIABLE; break;
 263:../src/packet_tx_handler.c **** 			}
 264:../src/packet_tx_handler.c **** 
 265:../src/packet_tx_handler.c **** 			rte_wx_wind_qf = AN_WIND_QF_UNKNOWN;
 266:../src/packet_tx_handler.c **** 		}
 267:../src/packet_tx_handler.c **** 
 268:../src/packet_tx_handler.c **** 
 269:../src/packet_tx_handler.c **** 		if (config_mode->victron == 1) {
 270:../src/packet_tx_handler.c **** 			telemetry_send_values_pv(rx10m, digi10m, rte_pv_battery_current, rte_pv_battery_voltage, rte_pv_
 271:../src/packet_tx_handler.c **** 		}
 272:../src/packet_tx_handler.c **** 		else {
 273:../src/packet_tx_handler.c **** 
 274:../src/packet_tx_handler.c **** 				// if _DALLAS_AS_TELEM will be enabled the fifth channel will be set to temperature measured by
 275:../src/packet_tx_handler.c **** 				//telemetry_send_values(rx10m, tx10m, digi10m, kiss10m, rte_wx_temperature_dallas_valid, dallas
 276:../src/packet_tx_handler.c **** 			if (config_mode->wx == 1) {
 277:../src/packet_tx_handler.c **** 
 278:../src/packet_tx_handler.c **** 				// if _METEO will be enabled, but without _DALLAS_AS_TELEM the fifth channel will be used to tr
 279:../src/packet_tx_handler.c **** 				// which may be treated then as 'rack/cabinet internal temperature'. Dallas DS12B10 will be use
 280:../src/packet_tx_handler.c **** 				telemetry_send_values(rx10m, tx10m, digi10m, kiss10m, rte_wx_temperature_internal_valid, dallas
 281:../src/packet_tx_handler.c **** 			}
 282:../src/packet_tx_handler.c **** 			else {
 283:../src/packet_tx_handler.c **** 				// if user will disable both _METEO and _DALLAS_AS_TELEM value will be zeroed internally anyway
 284:../src/packet_tx_handler.c **** 				telemetry_send_values(rx10m, tx10m, digi10m, kiss10m, 0.0f, dallas_qf, pressure_qf, humidity_qf
 285:../src/packet_tx_handler.c **** 			}
 286:../src/packet_tx_handler.c **** 
 287:../src/packet_tx_handler.c **** 		}
 288:../src/packet_tx_handler.c **** 		packet_tx_telemetry_counter = 0;
 289:../src/packet_tx_handler.c **** 
 290:../src/packet_tx_handler.c **** 		rx10m = 0, tx10m = 0, digi10m = 0, kiss10m = 0;
 291:../src/packet_tx_handler.c **** 
 292:../src/packet_tx_handler.c **** 	}
 293:../src/packet_tx_handler.c **** 
 294:../src/packet_tx_handler.c **** 	if (packet_tx_telemetry_descr_counter >= packet_tx_telemetry_descr_interval) {
 179              		.loc 1 294 0
 180 00de 644B     		ldr	r3, .L91+16
 181 00e0 1A78     		ldrb	r2, [r3]	@ zero_extendqisi2
 182 00e2 6D4B     		ldr	r3, .L91+56
 183 00e4 1B78     		ldrb	r3, [r3]	@ zero_extendqisi2
 184 00e6 9A42     		cmp	r2, r3
 185 00e8 80F0E581 		bcs	.L84
 186              	.L1:
 295:../src/packet_tx_handler.c **** 		packet_tx_multi_per_call_handler();
 296:../src/packet_tx_handler.c **** 
 297:../src/packet_tx_handler.c **** 		if (config_mode->victron == 1) {
 298:../src/packet_tx_handler.c **** 			telemetry_send_chns_description_pv(&config_basic);
 299:../src/packet_tx_handler.c **** 
 300:../src/packet_tx_handler.c **** 
 301:../src/packet_tx_handler.c **** 			if (rte_pv_battery_voltage == 0) {
 302:../src/packet_tx_handler.c **** 				rte_main_reboot_req = 1;
 303:../src/packet_tx_handler.c **** 			}
 304:../src/packet_tx_handler.c **** 
 305:../src/packet_tx_handler.c **** 			//telemetry_send_status_pv(&rte_pv_average, &rte_pv_last_error, rte_pv_struct.system_state);
 306:../src/packet_tx_handler.c **** 		}
 307:../src/packet_tx_handler.c **** 		else {
 308:../src/packet_tx_handler.c **** 			telemetry_send_chns_description(&config_basic);
 309:../src/packet_tx_handler.c **** 
 310:../src/packet_tx_handler.c **** 			packet_tx_multi_per_call_handler();
 311:../src/packet_tx_handler.c **** 
 312:../src/packet_tx_handler.c **** 			//telemetry_send_status();
 313:../src/packet_tx_handler.c **** 		}
 314:../src/packet_tx_handler.c **** 
 315:../src/packet_tx_handler.c **** 		telemetry_send_status();
 316:../src/packet_tx_handler.c **** 
 317:../src/packet_tx_handler.c **** 
 318:../src/packet_tx_handler.c **** 		if (config_mode->wx_umb == 1) {
 319:../src/packet_tx_handler.c **** 
 320:../src/packet_tx_handler.c **** 			umb_clear_error_history(&rte_wx_umb_context);
 321:../src/packet_tx_handler.c **** 		}
 322:../src/packet_tx_handler.c **** 
 323:../src/packet_tx_handler.c **** 		packet_tx_telemetry_descr_counter = 0;
 324:../src/packet_tx_handler.c **** 	}
 325:../src/packet_tx_handler.c **** 
 326:../src/packet_tx_handler.c **** }
 187              		.loc 1 326 0
 188 00ec 0BB0     		add	sp, sp, #44
 189              		.cfi_remember_state
 190              		.cfi_def_cfa_offset 20
 191              		@ sp needed
 192 00ee F0BD     		pop	{r4, r5, r6, r7, pc}
 193              	.LVL5:
 194              	.L76:
 195              		.cfi_restore_state
  91:../src/packet_tx_handler.c **** 
 196              		.loc 1 91 0
 197 00f0 6A4B     		ldr	r3, .L91+60
 198 00f2 1B68     		ldr	r3, [r3]
 199 00f4 0093     		str	r3, [sp]
 200 00f6 0DF12603 		add	r3, sp, #38
 201 00fa A022     		movs	r2, #160
 202 00fc 6849     		ldr	r1, .L91+64
 203 00fe 6948     		ldr	r0, .L91+68
 204              	.LVL6:
 205 0100 FFF7FEFF 		bl	umb_construct_status_str
 206              	.LVL7:
 207              	.LBB40:
 208              	.LBB41:
  54:../src/packet_tx_handler.c **** 		// wait for previous transmission to complete
 209              		.loc 1 54 0
 210 0104 564B     		ldr	r3, .L91
 211 0106 1B78     		ldrb	r3, [r3]	@ zero_extendqisi2
 212 0108 4BB1     		cbz	r3, .L5
 213              	.L6:
 214              	.LBB42:
 215              	.LBB43:
 216              		.file 2 "../include/main.h"
   1:../include/main.h **** #ifndef MAIN_H_
   2:../include/main.h **** #define MAIN_H_
   3:../include/main.h **** 
   4:../include/main.h **** #include "aprs/ax25.h"
   5:../include/main.h **** #include "drivers/serial.h"
   6:../include/main.h **** #include "config_data.h"
   7:../include/main.h **** 
   8:../include/main.h **** #define SW_VER "EA00"
   9:../include/main.h **** #define SW_DATE "23052021"
  10:../include/main.h **** 
  11:../include/main.h **** #define SYSTICK_TICKS_PER_SECONDS 100
  12:../include/main.h **** #define SYSTICK_TICKS_PERIOD 10
  13:../include/main.h **** 
  14:../include/main.h **** #define INTERNAL_WATCHDOG
  15:../include/main.h **** #define EXTERNAL_WATCHDOG
  16:../include/main.h **** 
  17:../include/main.h **** #define PWR_SWITCH_BOTH
  18:../include/main.h **** 
  19:../include/main.h **** #define OWN_APRS_MSG_LN 	160
  20:../include/main.h **** 
  21:../include/main.h **** extern uint32_t master_time;
  22:../include/main.h **** 
  23:../include/main.h **** extern const config_data_mode_t * main_config_data_mode;
  24:../include/main.h **** extern const config_data_basic_t * main_config_data_basic;
  25:../include/main.h **** extern const config_data_wx_sources_t * main_config_data_wx_sources;
  26:../include/main.h **** extern const config_data_umb_t * main_config_data_umb;
  27:../include/main.h **** extern const config_data_rtu_t * main_config_data_rtu;
  28:../include/main.h **** 
  29:../include/main.h **** extern int32_t main_wx_sensors_pool_timer;
  30:../include/main.h **** extern int32_t main_one_minute_pool_timer;
  31:../include/main.h **** extern int32_t main_one_second_pool_timer;
  32:../include/main.h **** extern int32_t main_two_second_pool_timer;
  33:../include/main.h **** extern int32_t main_ten_second_pool_timer;
  34:../include/main.h **** 
  35:../include/main.h **** extern AX25Ctx main_ax25;
  36:../include/main.h **** extern Afsk main_afsk;
  37:../include/main.h **** 
  38:../include/main.h **** extern AX25Call main_own_path[3];
  39:../include/main.h **** extern uint8_t main_own_path_ln;
  40:../include/main.h **** extern uint8_t main_own_aprs_msg_len;
  41:../include/main.h **** extern char main_own_aprs_msg[OWN_APRS_MSG_LN];
  42:../include/main.h **** 
  43:../include/main.h **** extern char main_string_latitude[9];
  44:../include/main.h **** extern char main_string_longitude[9];
  45:../include/main.h **** 
  46:../include/main.h **** extern char main_symbol_f;
  47:../include/main.h **** extern char main_symbol_s;
  48:../include/main.h **** 
  49:../include/main.h **** extern srl_context_t* main_kiss_srl_ctx_ptr;
  50:../include/main.h **** extern srl_context_t* main_wx_srl_ctx_ptr;
  51:../include/main.h **** 
  52:../include/main.h **** extern  uint8_t main_kiss_enabled;
  53:../include/main.h **** 
  54:../include/main.h **** extern char after_tx_lock;
  55:../include/main.h **** 
  56:../include/main.h **** extern unsigned short rx10m, tx10m, digi10m, digidrop10m, kiss10m;
  57:../include/main.h **** 
  58:../include/main.h **** uint16_t main_get_adc_sample(void);
  59:../include/main.h **** 
  60:../include/main.h **** void main_service_cpu_load_ticks(void);
  61:../include/main.h **** 
  62:../include/main.h **** inline uint32_t main_get_master_time(void) {
  63:../include/main.h **** 	return master_time;
  64:../include/main.h **** }
  65:../include/main.h **** 
  66:../include/main.h **** inline void main_wait_for_tx_complete(void) {
  67:../include/main.h **** 	while(main_afsk.sending == 1);
 217              		.loc 2 67 0
 218 010a 674B     		ldr	r3, .L91+72
 219 010c 93F83034 		ldrb	r3, [r3, #1072]	@ zero_extendqisi2
 220 0110 002B     		cmp	r3, #0
 221 0112 FAD1     		bne	.L6
 222              	.LBE43:
 223              	.LBE42:
  59:../src/packet_tx_handler.c **** 
 224              		.loc 1 59 0
 225 0114 4FF47A70 		mov	r0, #1000
 226 0118 FFF7FEFF 		bl	delay_fixed
 227              	.LVL8:
 228 011c 9FE7     		b	.L4
 229              	.L5:
  63:../src/packet_tx_handler.c **** 	}
 230              		.loc 1 63 0
 231 011e 504B     		ldr	r3, .L91
 232 0120 0122     		movs	r2, #1
 233 0122 1A70     		strb	r2, [r3]
 234 0124 9BE7     		b	.L4
 235              	.L77:
 236              	.LBE41:
 237              	.LBE40:
 238              	.LBB44:
 239              	.LBB45:
  54:../src/packet_tx_handler.c **** 		// wait for previous transmission to complete
 240              		.loc 1 54 0
 241 0126 4E4B     		ldr	r3, .L91
 242 0128 1B78     		ldrb	r3, [r3]	@ zero_extendqisi2
 243 012a 73B1     		cbz	r3, .L8
 244              	.L9:
 245              	.LBB46:
 246              	.LBB47:
 247              		.loc 2 67 0
 248 012c 5E4B     		ldr	r3, .L91+72
 249 012e 93F83034 		ldrb	r3, [r3, #1072]	@ zero_extendqisi2
 250 0132 002B     		cmp	r3, #0
 251 0134 FAD1     		bne	.L9
 252              	.LBE47:
 253              	.LBE46:
  59:../src/packet_tx_handler.c **** 
 254              		.loc 1 59 0
 255 0136 4FF47A70 		mov	r0, #1000
 256 013a FFF7FEFF 		bl	delay_fixed
 257              	.LVL9:
 258              	.L10:
 259              	.LBE45:
 260              	.LBE44:
 103:../src/packet_tx_handler.c **** 
 261              		.loc 1 103 0
 262 013e FFF7FEFF 		bl	beacon_send_own
 263              	.LVL10:
 105:../src/packet_tx_handler.c **** 
 264              		.loc 1 105 0
 265 0142 484B     		ldr	r3, .L91+4
 266 0144 0022     		movs	r2, #0
 267 0146 1A70     		strb	r2, [r3]
 268 0148 92E7     		b	.L7
 269              	.L8:
 270              	.LBB49:
 271              	.LBB48:
  63:../src/packet_tx_handler.c **** 	}
 272              		.loc 1 63 0
 273 014a 454B     		ldr	r3, .L91
 274 014c 0122     		movs	r2, #1
 275 014e 1A70     		strb	r2, [r3]
 276 0150 F5E7     		b	.L10
 277              	.L78:
 278              	.LBE48:
 279              	.LBE49:
 280              	.LBB50:
 281              	.LBB51:
  54:../src/packet_tx_handler.c **** 		// wait for previous transmission to complete
 282              		.loc 1 54 0
 283 0152 434B     		ldr	r3, .L91
 284 0154 1B78     		ldrb	r3, [r3]	@ zero_extendqisi2
 285 0156 F3B1     		cbz	r3, .L13
 286              	.L14:
 287              	.LBB52:
 288              	.LBB53:
 289              		.loc 2 67 0
 290 0158 534B     		ldr	r3, .L91+72
 291 015a 93F83034 		ldrb	r3, [r3, #1072]	@ zero_extendqisi2
 292 015e 002B     		cmp	r3, #0
 293 0160 FAD1     		bne	.L14
 294              	.LBE53:
 295              	.LBE52:
  59:../src/packet_tx_handler.c **** 
 296              		.loc 1 59 0
 297 0162 4FF47A70 		mov	r0, #1000
 298 0166 FFF7FEFF 		bl	delay_fixed
 299              	.LVL11:
 300              	.L15:
 301              	.LBE51:
 302              	.LBE50:
 115:../src/packet_tx_handler.c **** 
 303              		.loc 1 115 0
 304 016a 504B     		ldr	r3, .L91+76
 305 016c 1B78     		ldrb	r3, [r3]	@ zero_extendqisi2
 306 016e 504A     		ldr	r2, .L91+80
 307 0170 D2ED000A 		vldr.32	s1, [r2]
 308 0174 4F4A     		ldr	r2, .L91+84
 309 0176 92ED000A 		vldr.32	s0, [r2]
 310 017a 4F4A     		ldr	r2, .L91+88
 311 017c 1288     		ldrh	r2, [r2]
 312 017e 4F49     		ldr	r1, .L91+92
 313 0180 0988     		ldrh	r1, [r1]
 314 0182 4F48     		ldr	r0, .L91+96
 315 0184 0088     		ldrh	r0, [r0]
 316 0186 FFF7FEFF 		bl	SendWXFrame
 317              	.LVL12:
 118:../src/packet_tx_handler.c **** 			#endif
 318              		.loc 1 118 0
 319 018a FFF7FEFF 		bl	io_ext_watchdog_service
 320              	.LVL13:
 121:../src/packet_tx_handler.c **** 		}
 321              		.loc 1 121 0
 322 018e 3A4B     		ldr	r3, .L91+24
 323 0190 0022     		movs	r2, #0
 324 0192 1A70     		strb	r2, [r3]
 325 0194 78E7     		b	.L12
 326              	.L13:
 327              	.LBB55:
 328              	.LBB54:
  63:../src/packet_tx_handler.c **** 	}
 329              		.loc 1 63 0
 330 0196 324B     		ldr	r3, .L91
 331 0198 0122     		movs	r2, #1
 332 019a 1A70     		strb	r2, [r3]
 333 019c E5E7     		b	.L15
 334              	.L79:
 335              	.LBE54:
 336              	.LBE55:
 127:../src/packet_tx_handler.c **** 			{
 337              		.loc 1 127 0 discriminator 1
 338 019e 344B     		ldr	r3, .L91+16
 339 01a0 1B78     		ldrb	r3, [r3]	@ zero_extendqisi2
 126:../src/packet_tx_handler.c **** 					packet_tx_telemetry_descr_counter >= packet_tx_modbus_raw_values)
 340              		.loc 1 126 0 discriminator 1
 341 01a2 892B     		cmp	r3, #137
 342 01a4 7FF67DAF 		bls	.L17
 343              	.LBB56:
 344              	.LBB57:
  54:../src/packet_tx_handler.c **** 		// wait for previous transmission to complete
 345              		.loc 1 54 0
 346 01a8 2D4B     		ldr	r3, .L91
 347 01aa 1B78     		ldrb	r3, [r3]	@ zero_extendqisi2
 348 01ac 5BB1     		cbz	r3, .L18
 349              	.L19:
 350              	.LBB58:
 351              	.LBB59:
 352              		.loc 2 67 0
 353 01ae 3E4B     		ldr	r3, .L91+72
 354 01b0 93F83034 		ldrb	r3, [r3, #1072]	@ zero_extendqisi2
 355 01b4 002B     		cmp	r3, #0
 356 01b6 FAD1     		bne	.L19
 357              	.LBE59:
 358              	.LBE58:
  59:../src/packet_tx_handler.c **** 
 359              		.loc 1 59 0
 360 01b8 4FF47A70 		mov	r0, #1000
 361 01bc FFF7FEFF 		bl	delay_fixed
 362              	.LVL14:
 363              	.L20:
 364              	.LBE57:
 365              	.LBE56:
 133:../src/packet_tx_handler.c **** 			}
 366              		.loc 1 133 0
 367 01c0 FFF7FEFF 		bl	telemetry_send_status_raw_values_modbus
 368              	.LVL15:
 369 01c4 6DE7     		b	.L17
 370              	.L18:
 371              	.LBB61:
 372              	.LBB60:
  63:../src/packet_tx_handler.c **** 	}
 373              		.loc 1 63 0
 374 01c6 264B     		ldr	r3, .L91
 375 01c8 0122     		movs	r2, #1
 376 01ca 1A70     		strb	r2, [r3]
 377 01cc F8E7     		b	.L20
 378              	.L80:
 379              	.LBE60:
 380              	.LBE61:
 138:../src/packet_tx_handler.c **** 					packet_tx_telemetry_descr_counter <= packet_tx_modbus_status * 2)
 381              		.loc 1 138 0 discriminator 1
 382 01ce 284B     		ldr	r3, .L91+16
 383 01d0 1B78     		ldrb	r3, [r3]	@ zero_extendqisi2
 137:../src/packet_tx_handler.c **** 					packet_tx_telemetry_descr_counter > packet_tx_modbus_status &&
 384              		.loc 1 137 0 discriminator 1
 385 01d2 1E2B     		cmp	r3, #30
 386 01d4 7FF66DAF 		bls	.L16
 138:../src/packet_tx_handler.c **** 					packet_tx_telemetry_descr_counter <= packet_tx_modbus_status * 2)
 387              		.loc 1 138 0
 388 01d8 3C2B     		cmp	r3, #60
 389 01da 3FF66AAF 		bhi	.L16
 390              	.LBB62:
 391              	.LBB63:
  54:../src/packet_tx_handler.c **** 		// wait for previous transmission to complete
 392              		.loc 1 54 0
 393 01de 204B     		ldr	r3, .L91
 394 01e0 1B78     		ldrb	r3, [r3]	@ zero_extendqisi2
 395 01e2 63B1     		cbz	r3, .L21
 396              	.L22:
 397              	.LBB64:
 398              	.LBB65:
 399              		.loc 2 67 0
 400 01e4 304B     		ldr	r3, .L91+72
 401 01e6 93F83034 		ldrb	r3, [r3, #1072]	@ zero_extendqisi2
 402 01ea 002B     		cmp	r3, #0
 403 01ec FAD1     		bne	.L22
 404              	.LBE65:
 405              	.LBE64:
  59:../src/packet_tx_handler.c **** 
 406              		.loc 1 59 0
 407 01ee 4FF47A70 		mov	r0, #1000
 408 01f2 FFF7FEFF 		bl	delay_fixed
 409              	.LVL16:
 410              	.L23:
 411              	.LBE63:
 412              	.LBE62:
 144:../src/packet_tx_handler.c **** 			}
 413              		.loc 1 144 0
 414 01f6 334B     		ldr	r3, .L91+100
 415 01f8 0122     		movs	r2, #1
 416 01fa 1A70     		strb	r2, [r3]
 417 01fc 59E7     		b	.L16
 418              	.L21:
 419              	.LBB67:
 420              	.LBB66:
  63:../src/packet_tx_handler.c **** 	}
 421              		.loc 1 63 0
 422 01fe 184B     		ldr	r3, .L91
 423 0200 0122     		movs	r2, #1
 424 0202 1A70     		strb	r2, [r3]
 425 0204 F7E7     		b	.L23
 426              	.L81:
 427              	.LBE66:
 428              	.LBE67:
 152:../src/packet_tx_handler.c **** 			packet_tx_telemetry_descr_counter >= packet_tx_modbus_raw_values)
 429              		.loc 1 152 0 discriminator 1
 430 0206 1C4B     		ldr	r3, .L91+24
 431 0208 1A78     		ldrb	r2, [r3]	@ zero_extendqisi2
 432 020a 1F4B     		ldr	r3, .L91+40
 433 020c 1B78     		ldrb	r3, [r3]	@ zero_extendqisi2
 434 020e 013B     		subs	r3, r3, #1
 151:../src/packet_tx_handler.c **** 			packet_tx_meteo_counter == (packet_tx_meteo_interval - 1) &&
 435              		.loc 1 151 0 discriminator 1
 436 0210 9A42     		cmp	r2, r3
 437 0212 7FF452AF 		bne	.L24
 153:../src/packet_tx_handler.c **** 		{
 438              		.loc 1 153 0
 439 0216 164B     		ldr	r3, .L91+16
 440 0218 1B78     		ldrb	r3, [r3]	@ zero_extendqisi2
 152:../src/packet_tx_handler.c **** 			packet_tx_telemetry_descr_counter >= packet_tx_modbus_raw_values)
 441              		.loc 1 152 0
 442 021a 892B     		cmp	r3, #137
 443 021c 7FF64DAF 		bls	.L24
 444              	.LBB68:
 445              	.LBB69:
  54:../src/packet_tx_handler.c **** 		// wait for previous transmission to complete
 446              		.loc 1 54 0
 447 0220 0F4B     		ldr	r3, .L91
 448 0222 1B78     		ldrb	r3, [r3]	@ zero_extendqisi2
 449 0224 C3B1     		cbz	r3, .L25
 450              	.L26:
 451              	.LBB70:
 452              	.LBB71:
 453              		.loc 2 67 0
 454 0226 204B     		ldr	r3, .L91+72
 455 0228 93F83034 		ldrb	r3, [r3, #1072]	@ zero_extendqisi2
 456 022c 002B     		cmp	r3, #0
 457 022e FAD1     		bne	.L26
 458              	.LBE71:
 459              	.LBE70:
  59:../src/packet_tx_handler.c **** 
 460              		.loc 1 59 0
 461 0230 4FF47A70 		mov	r0, #1000
 462 0234 FFF7FEFF 		bl	delay_fixed
 463              	.LVL17:
 464              	.L27:
 465              	.LBE69:
 466              	.LBE68:
 157:../src/packet_tx_handler.c **** 
 467              		.loc 1 157 0
 468 0238 184B     		ldr	r3, .L91+60
 469 023a 1B68     		ldr	r3, [r3]
 470 023c 224A     		ldr	r2, .L91+104
 471 023e 92F91120 		ldrsb	r2, [r2, #17]
 472 0242 2249     		ldr	r1, .L91+108
 473 0244 0988     		ldrh	r1, [r1]
 474 0246 0191     		str	r1, [sp, #4]
 475 0248 2149     		ldr	r1, .L91+112
 476 024a 0988     		ldrh	r1, [r1]
 477 024c 0091     		str	r1, [sp]
 478 024e 2149     		ldr	r1, .L91+116
 479 0250 2148     		ldr	r0, .L91+120
 480 0252 FFF7FEFF 		bl	telemetry_send_status_pv
 481              	.LVL18:
 482 0256 30E7     		b	.L24
 483              	.L25:
 484              	.LBB73:
 485              	.LBB72:
  63:../src/packet_tx_handler.c **** 	}
 486              		.loc 1 63 0
 487 0258 014B     		ldr	r3, .L91
 488 025a 0122     		movs	r2, #1
 489 025c 1A70     		strb	r2, [r3]
 490 025e EBE7     		b	.L27
 491              	.L92:
 492              		.align	2
 493              	.L91:
 494 0260 00000000 		.word	.LANCHOR0
 495 0264 00000000 		.word	.LANCHOR1
 496 0268 00000000 		.word	.LANCHOR2
 497 026c 00000000 		.word	.LANCHOR3
 498 0270 00000000 		.word	.LANCHOR4
 499 0274 00000000 		.word	main_config_data_mode
 500 0278 00000000 		.word	.LANCHOR5
 501 027c 00000000 		.word	.LANCHOR6
 502 0280 00000000 		.word	.LANCHOR7
 503 0284 00000000 		.word	.LANCHOR8
 504 0288 00000000 		.word	.LANCHOR9
 505 028c 00000000 		.word	.LANCHOR10
 506 0290 00000000 		.word	main_kiss_enabled
 507 0294 00000000 		.word	.LANCHOR11
 508 0298 00000000 		.word	.LANCHOR12
 509 029c 00000000 		.word	master_time
 510 02a0 00000000 		.word	main_own_aprs_msg
 511 02a4 00000000 		.word	rte_wx_umb_context
 512 02a8 00000000 		.word	main_afsk
 513 02ac 00000000 		.word	rte_wx_humidity_valid
 514 02b0 00000000 		.word	rte_wx_pressure_valid
 515 02b4 00000000 		.word	rte_wx_temperature_average_external_valid
 516 02b8 00000000 		.word	rte_wx_average_winddirection
 517 02bc 00000000 		.word	rte_wx_max_windspeed
 518 02c0 00000000 		.word	rte_wx_average_windspeed
 519 02c4 00000000 		.word	rte_main_trigger_modbus_status
 520 02c8 00000000 		.word	rte_pv_struct
 521 02cc 00000000 		.word	rte_pv_corrupted_messages_count
 522 02d0 00000000 		.word	rte_pv_messages_count
 523 02d4 00000000 		.word	rte_pv_last_error
 524 02d8 00000000 		.word	rte_pv_average
 525              	.L82:
 526              	.LBE72:
 527              	.LBE73:
 164:../src/packet_tx_handler.c **** 
 528              		.loc 1 164 0
 529 02dc 954D     		ldr	r5, .L93
 530 02de 2868     		ldr	r0, [r5]
 531 02e0 FFF7FEFF 		bl	srl_wait_for_tx_completion
 532              	.LVL19:
 166:../src/packet_tx_handler.c **** 
 533              		.loc 1 166 0
 534 02e4 2E68     		ldr	r6, [r5]
 535 02e6 944B     		ldr	r3, .L93+4
 536 02e8 1B78     		ldrb	r3, [r3]	@ zero_extendqisi2
 537 02ea 944A     		ldr	r2, .L93+8
 538 02ec D2ED000A 		vldr.32	s1, [r2]
 539 02f0 934A     		ldr	r2, .L93+12
 540 02f2 92ED000A 		vldr.32	s0, [r2]
 541 02f6 934A     		ldr	r2, .L93+16
 542 02f8 1288     		ldrh	r2, [r2]
 543 02fa 9349     		ldr	r1, .L93+20
 544 02fc 0988     		ldrh	r1, [r1]
 545 02fe 9348     		ldr	r0, .L93+24
 546 0300 0088     		ldrh	r0, [r0]
 547 0302 0DF12607 		add	r7, sp, #38
 548 0306 0297     		str	r7, [sp, #8]
 549 0308 F78B     		ldrh	r7, [r6, #30]
 550 030a 0197     		str	r7, [sp, #4]
 551 030c 7669     		ldr	r6, [r6, #20]
 552 030e 0096     		str	r6, [sp]
 553 0310 FFF7FEFF 		bl	SendWXFrameToBuffer
 554              	.LVL20:
 168:../src/packet_tx_handler.c **** 
 555              		.loc 1 168 0
 556 0314 BDF92610 		ldrsh	r1, [sp, #38]
 557 0318 2868     		ldr	r0, [r5]
 558 031a FFF7FEFF 		bl	srl_start_tx
 559              	.LVL21:
 170:../src/packet_tx_handler.c **** 		}
 560              		.loc 1 170 0
 561 031e 8C4B     		ldr	r3, .L93+28
 562 0320 0022     		movs	r2, #0
 563 0322 1A70     		strb	r2, [r3]
 564 0324 D4E6     		b	.L11
 565              	.L83:
 566              	.LBB74:
 567              	.LBB75:
  54:../src/packet_tx_handler.c **** 		// wait for previous transmission to complete
 568              		.loc 1 54 0
 569 0326 8B4B     		ldr	r3, .L93+32
 570 0328 1B78     		ldrb	r3, [r3]	@ zero_extendqisi2
 571 032a EBB1     		cbz	r3, .L29
 572              	.L30:
 573              	.LBB76:
 574              	.LBB77:
 575              		.loc 2 67 0
 576 032c 8A4B     		ldr	r3, .L93+36
 577 032e 93F83034 		ldrb	r3, [r3, #1072]	@ zero_extendqisi2
 578 0332 002B     		cmp	r3, #0
 579 0334 FAD1     		bne	.L30
 580              	.LBE77:
 581              	.LBE76:
  59:../src/packet_tx_handler.c **** 
 582              		.loc 1 59 0
 583 0336 4FF47A70 		mov	r0, #1000
 584 033a FFF7FEFF 		bl	delay_fixed
 585              	.LVL22:
 586              	.L31:
 587              	.LBE75:
 588              	.LBE74:
 179:../src/packet_tx_handler.c **** 			dallas_qf = rte_wx_current_dallas_qf;	// it might be DEGRADATED so we need to copy a value direc
 589              		.loc 1 179 0
 590 033e 874B     		ldr	r3, .L93+40
 591 0340 1B78     		ldrb	r3, [r3]	@ zero_extendqisi2
 592 0342 ABB9     		cbnz	r3, .L32
 180:../src/packet_tx_handler.c **** 
 593              		.loc 1 180 0
 594 0344 864B     		ldr	r3, .L93+44
 595 0346 93F800C0 		ldrb	ip, [r3]	@ zero_extendqisi2
 596              	.LVL23:
 183:../src/packet_tx_handler.c **** 		}
 597              		.loc 1 183 0
 598 034a 0022     		movs	r2, #0
 599 034c 1A70     		strb	r2, [r3]
 600              	.L33:
 207:../src/packet_tx_handler.c **** 			// pressure sensors quality factors
 601              		.loc 1 207 0
 602 034e 6379     		ldrb	r3, [r4, #5]	@ zero_extendqisi2
 603 0350 2BBB     		cbnz	r3, .L35
 210:../src/packet_tx_handler.c **** 				case MS5611_QF_FULL: pressure_qf = PRESSURE_QF_FULL; break;
 604              		.loc 1 210 0
 605 0352 844B     		ldr	r3, .L93+48
 606 0354 1B78     		ldrb	r3, [r3]	@ zero_extendqisi2
 607 0356 022B     		cmp	r3, #2
 608 0358 1BD0     		beq	.L37
 609 035a 032B     		cmp	r3, #3
 610 035c 1CD0     		beq	.L38
 611 035e 012B     		cmp	r3, #1
 612 0360 4BD0     		beq	.L68
  72:../src/packet_tx_handler.c **** 	wind_qf_t wind_qf = WIND_QF_UNKNOWN;
 613              		.loc 1 72 0
 614 0362 0025     		movs	r5, #0
  71:../src/packet_tx_handler.c **** 	humidity_qf_t humidity_qf = HUMIDITY_QF_UNKNOWN;
 615              		.loc 1 71 0
 616 0364 2F46     		mov	r7, r5
 617 0366 1EE0     		b	.L39
 618              	.LVL24:
 619              	.L29:
 620              	.LBB79:
 621              	.LBB78:
  63:../src/packet_tx_handler.c **** 	}
 622              		.loc 1 63 0
 623 0368 7A4B     		ldr	r3, .L93+32
 624 036a 0122     		movs	r2, #1
 625 036c 1A70     		strb	r2, [r3]
 626 036e E6E7     		b	.L31
 627              	.L32:
 628              	.LBE78:
 629              	.LBE79:
 190:../src/packet_tx_handler.c **** 				// set the error reason
 630              		.loc 1 190 0
 631 0370 7B4B     		ldr	r3, .L93+44
 632 0372 1B78     		ldrb	r3, [r3]	@ zero_extendqisi2
 633 0374 013B     		subs	r3, r3, #1
 634 0376 DBB2     		uxtb	r3, r3
 635 0378 012B     		cmp	r3, #1
 636 037a 07D9     		bls	.L85
 197:../src/packet_tx_handler.c **** 			}
 637              		.loc 1 197 0
 638 037c 4FF0030C 		mov	ip, #3
 639              	.L34:
 640              	.LVL25:
 201:../src/packet_tx_handler.c **** 
 641              		.loc 1 201 0
 642 0380 0023     		movs	r3, #0
 643 0382 764A     		ldr	r2, .L93+40
 644 0384 1370     		strb	r3, [r2]
 203:../src/packet_tx_handler.c **** 		}
 645              		.loc 1 203 0
 646 0386 764A     		ldr	r2, .L93+44
 647 0388 1370     		strb	r3, [r2]
 648 038a E0E7     		b	.L33
 649              	.LVL26:
 650              	.L85:
 192:../src/packet_tx_handler.c **** 			}
 651              		.loc 1 192 0
 652 038c 4FF0020C 		mov	ip, #2
 653 0390 F6E7     		b	.L34
 654              	.LVL27:
 655              	.L37:
  72:../src/packet_tx_handler.c **** 	wind_qf_t wind_qf = WIND_QF_UNKNOWN;
 656              		.loc 1 72 0
 657 0392 0025     		movs	r5, #0
 212:../src/packet_tx_handler.c **** 				case MS5611_QF_DEGRADATED: pressure_qf = PRESSURE_QF_DEGRADATED; break;
 658              		.loc 1 212 0
 659 0394 0227     		movs	r7, #2
 660 0396 06E0     		b	.L39
 661              	.LVL28:
 662              	.L38:
  72:../src/packet_tx_handler.c **** 	wind_qf_t wind_qf = WIND_QF_UNKNOWN;
 663              		.loc 1 72 0
 664 0398 0025     		movs	r5, #0
 213:../src/packet_tx_handler.c **** 				case MS5611_QF_UNKNOWN: pressure_qf = PRESSURE_QF_UNKNOWN; break;
 665              		.loc 1 213 0
 666 039a 0327     		movs	r7, #3
 667 039c 03E0     		b	.L39
 668              	.LVL29:
 669              	.L35:
 218:../src/packet_tx_handler.c **** 			//#elif defined(_SENSOR_BME280)
 670              		.loc 1 218 0
 671 039e 012B     		cmp	r3, #1
 672 03a0 0CD0     		beq	.L86
 248:../src/packet_tx_handler.c **** 		}
 673              		.loc 1 248 0
 674 03a2 0225     		movs	r5, #2
 247:../src/packet_tx_handler.c **** 			humidity_qf = HUMIDITY_QF_NOT_AVALIABLE;
 675              		.loc 1 247 0
 676 03a4 2F46     		mov	r7, r5
 677              	.LVL30:
 678              	.L39:
 252:../src/packet_tx_handler.c **** 			;
 679              		.loc 1 252 0
 680 03a6 704B     		ldr	r3, .L93+52
 681 03a8 1B78     		ldrb	r3, [r3]	@ zero_extendqisi2
 682 03aa 052B     		cmp	r3, #5
 683 03ac 5AD0     		beq	.L73
 256:../src/packet_tx_handler.c **** 				case AN_WIND_QF_FULL: wind_qf = WIND_QF_FULL; break;
 684              		.loc 1 256 0
 685 03ae 052B     		cmp	r3, #5
 686 03b0 2BD8     		bhi	.L50
 687 03b2 DFE803F0 		tbb	[pc, r3]
 688              	.L52:
 689 03b6 30       		.byte	(.L74-.L52)/2
 690 03b7 2C       		.byte	(.L53-.L52)/2
 691 03b8 2C       		.byte	(.L53-.L52)/2
 692 03b9 2C       		.byte	(.L53-.L52)/2
 693 03ba 2E       		.byte	(.L54-.L52)/2
 694 03bb 2E       		.byte	(.L54-.L52)/2
 695              	.LVL31:
 696              		.p2align 1
 697              	.L86:
 221:../src/packet_tx_handler.c **** 				;
 698              		.loc 1 221 0
 699 03bc 6B4B     		ldr	r3, .L93+56
 700 03be 1B78     		ldrb	r3, [r3]	@ zero_extendqisi2
 701 03c0 052B     		cmp	r3, #5
 702 03c2 1DD0     		beq	.L70
 226:../src/packet_tx_handler.c **** 					case BME280_QF_FULL:
 703              		.loc 1 226 0
 704 03c4 052B     		cmp	r3, #5
 705 03c6 04D8     		bhi	.L40
 706 03c8 DFE803F0 		tbb	[pc, r3]
 707              	.L42:
 708 03cc 09       		.byte	(.L71-.L42)/2
 709 03cd 05       		.byte	(.L43-.L42)/2
 710 03ce 07       		.byte	(.L44-.L42)/2
 711 03cf 09       		.byte	(.L71-.L42)/2
 712 03d0 07       		.byte	(.L44-.L42)/2
 713 03d1 05       		.byte	(.L43-.L42)/2
 714              		.p2align 1
 715              	.L40:
  72:../src/packet_tx_handler.c **** 	wind_qf_t wind_qf = WIND_QF_UNKNOWN;
 716              		.loc 1 72 0
 717 03d2 0025     		movs	r5, #0
 718 03d4 04E0     		b	.L41
 719              	.L43:
 720              	.LVL32:
 230:../src/packet_tx_handler.c **** 					case BME280_QF_HUMIDITY_DEGRADED:
 721              		.loc 1 230 0
 722 03d6 0225     		movs	r5, #2
 723 03d8 02E0     		b	.L41
 724              	.LVL33:
 725              	.L44:
 232:../src/packet_tx_handler.c **** 				}
 726              		.loc 1 232 0
 727 03da 0325     		movs	r5, #3
 728 03dc 00E0     		b	.L41
 729              	.LVL34:
 730              	.L71:
 228:../src/packet_tx_handler.c **** 					case BME280_QF_UKNOWN:
 731              		.loc 1 228 0
 732 03de 0125     		movs	r5, #1
 733              	.LVL35:
 734              	.L41:
 235:../src/packet_tx_handler.c **** 					case BME280_QF_FULL:
 735              		.loc 1 235 0
 736 03e0 052B     		cmp	r3, #5
 737 03e2 04D8     		bhi	.L45
 738 03e4 DFE803F0 		tbb	[pc, r3]
 739              	.L46:
 740 03e8 0F       		.byte	(.L72-.L46)/2
 741 03e9 05       		.byte	(.L47-.L46)/2
 742 03ea 0F       		.byte	(.L72-.L46)/2
 743 03eb 07       		.byte	(.L48-.L46)/2
 744 03ec 07       		.byte	(.L48-.L46)/2
 745 03ed 05       		.byte	(.L47-.L46)/2
 746              		.p2align 1
 747              	.L45:
  71:../src/packet_tx_handler.c **** 	humidity_qf_t humidity_qf = HUMIDITY_QF_UNKNOWN;
 748              		.loc 1 71 0
 749 03ee 0027     		movs	r7, #0
 750 03f0 D9E7     		b	.L39
 751              	.L47:
 752              	.LVL36:
 239:../src/packet_tx_handler.c **** 					case BME280_QF_PRESSURE_DEGRADED:
 753              		.loc 1 239 0
 754 03f2 0227     		movs	r7, #2
 755 03f4 D7E7     		b	.L39
 756              	.LVL37:
 757              	.L48:
 241:../src/packet_tx_handler.c **** 				}
 758              		.loc 1 241 0
 759 03f6 0327     		movs	r7, #3
 760 03f8 D5E7     		b	.L39
 761              	.LVL38:
 762              	.L68:
  72:../src/packet_tx_handler.c **** 	wind_qf_t wind_qf = WIND_QF_UNKNOWN;
 763              		.loc 1 72 0
 764 03fa 0025     		movs	r5, #0
 211:../src/packet_tx_handler.c **** 				case MS5611_QF_NOT_AVALIABLE: pressure_qf = PRESSURE_QF_NOT_AVALIABLE; break;
 765              		.loc 1 211 0
 766 03fc 0127     		movs	r7, #1
 767 03fe D2E7     		b	.L39
 768              	.L70:
  72:../src/packet_tx_handler.c **** 	wind_qf_t wind_qf = WIND_QF_UNKNOWN;
 769              		.loc 1 72 0
 770 0400 0025     		movs	r5, #0
  71:../src/packet_tx_handler.c **** 	humidity_qf_t humidity_qf = HUMIDITY_QF_UNKNOWN;
 771              		.loc 1 71 0
 772 0402 2F46     		mov	r7, r5
 773 0404 CFE7     		b	.L39
 774              	.LVL39:
 775              	.L72:
 237:../src/packet_tx_handler.c **** 					case BME280_QF_UKNOWN:
 776              		.loc 1 237 0
 777 0406 0127     		movs	r7, #1
 778 0408 CDE7     		b	.L39
 779              	.LVL40:
 780              	.L50:
  73:../src/packet_tx_handler.c **** 
 781              		.loc 1 73 0
 782 040a 0026     		movs	r6, #0
 783 040c 04E0     		b	.L51
 784              	.L53:
 785              	.LVL41:
 260:../src/packet_tx_handler.c **** 				case AN_WIND_QF_NOT_AVALIABLE:
 786              		.loc 1 260 0
 787 040e 0326     		movs	r6, #3
 788 0410 02E0     		b	.L51
 789              	.LVL42:
 790              	.L54:
 262:../src/packet_tx_handler.c **** 			}
 791              		.loc 1 262 0
 792 0412 0226     		movs	r6, #2
 793 0414 00E0     		b	.L51
 794              	.LVL43:
 795              	.L74:
 257:../src/packet_tx_handler.c **** 				case AN_WIND_QF_DEGRADED_DEBOUNCE:
 796              		.loc 1 257 0
 797 0416 0126     		movs	r6, #1
 798              	.LVL44:
 799              	.L51:
 265:../src/packet_tx_handler.c **** 		}
 800              		.loc 1 265 0
 801 0418 534B     		ldr	r3, .L93+52
 802 041a 0522     		movs	r2, #5
 803 041c 1A70     		strb	r2, [r3]
 804              	.LVL45:
 805              	.L49:
 269:../src/packet_tx_handler.c **** 			telemetry_send_values_pv(rx10m, digi10m, rte_pv_battery_current, rte_pv_battery_voltage, rte_pv_
 806              		.loc 1 269 0
 807 041e A379     		ldrb	r3, [r4, #6]	@ zero_extendqisi2
 808 0420 012B     		cmp	r3, #1
 809 0422 21D0     		beq	.L87
 276:../src/packet_tx_handler.c **** 
 810              		.loc 1 276 0
 811 0424 6378     		ldrb	r3, [r4, #1]	@ zero_extendqisi2
 812 0426 012B     		cmp	r3, #1
 813 0428 32D0     		beq	.L88
 284:../src/packet_tx_handler.c **** 			}
 814              		.loc 1 284 0
 815 042a 514B     		ldr	r3, .L93+60
 816 042c 1B78     		ldrb	r3, [r3]	@ zero_extendqisi2
 817 042e 514A     		ldr	r2, .L93+64
 818 0430 1278     		ldrb	r2, [r2]	@ zero_extendqisi2
 819 0432 5149     		ldr	r1, .L93+68
 820 0434 0978     		ldrb	r1, [r1]	@ zero_extendqisi2
 821 0436 5148     		ldr	r0, .L93+72
 822 0438 0078     		ldrb	r0, [r0]	@ zero_extendqisi2
 823 043a 0396     		str	r6, [sp, #12]
 824 043c 0295     		str	r5, [sp, #8]
 825 043e 0197     		str	r7, [sp, #4]
 826 0440 CDF800C0 		str	ip, [sp]
 827 0444 9FED4E0A 		vldr.32	s0, .L93+76
 828 0448 FFF7FEFF 		bl	telemetry_send_values
 829              	.LVL46:
 830              	.L56:
 288:../src/packet_tx_handler.c **** 
 831              		.loc 1 288 0
 832 044c 0023     		movs	r3, #0
 833 044e 4D4A     		ldr	r2, .L93+80
 834 0450 1370     		strb	r3, [r2]
 290:../src/packet_tx_handler.c **** 
 835              		.loc 1 290 0
 836 0452 4A4A     		ldr	r2, .L93+72
 837 0454 1380     		strh	r3, [r2]	@ movhi
 838 0456 484A     		ldr	r2, .L93+68
 839 0458 1380     		strh	r3, [r2]	@ movhi
 840 045a 464A     		ldr	r2, .L93+64
 841 045c 1380     		strh	r3, [r2]	@ movhi
 842 045e 444A     		ldr	r2, .L93+60
 843 0460 1380     		strh	r3, [r2]	@ movhi
 844 0462 3CE6     		b	.L28
 845              	.LVL47:
 846              	.L73:
  73:../src/packet_tx_handler.c **** 
 847              		.loc 1 73 0
 848 0464 0026     		movs	r6, #0
 849 0466 DAE7     		b	.L49
 850              	.LVL48:
 851              	.L87:
 270:../src/packet_tx_handler.c **** 		}
 852              		.loc 1 270 0
 853 0468 474B     		ldr	r3, .L93+84
 854 046a 1B88     		ldrh	r3, [r3]
 855 046c 474A     		ldr	r2, .L93+88
 856 046e B2F90020 		ldrsh	r2, [r2]
 857 0472 4049     		ldr	r1, .L93+64
 858 0474 0978     		ldrb	r1, [r1]	@ zero_extendqisi2
 859 0476 4148     		ldr	r0, .L93+72
 860 0478 0078     		ldrb	r0, [r0]	@ zero_extendqisi2
 861 047a 0496     		str	r6, [sp, #16]
 862 047c 0395     		str	r5, [sp, #12]
 863 047e 0297     		str	r7, [sp, #8]
 864 0480 CDF804C0 		str	ip, [sp, #4]
 865 0484 424D     		ldr	r5, .L93+92
 866              	.LVL49:
 867 0486 2D88     		ldrh	r5, [r5]
 868 0488 0095     		str	r5, [sp]
 869 048a FFF7FEFF 		bl	telemetry_send_values_pv
 870              	.LVL50:
 871 048e DDE7     		b	.L56
 872              	.LVL51:
 873              	.L88:
 280:../src/packet_tx_handler.c **** 			}
 874              		.loc 1 280 0
 875 0490 404B     		ldr	r3, .L93+96
 876 0492 93ED000A 		vldr.32	s0, [r3]
 877 0496 364B     		ldr	r3, .L93+60
 878 0498 1B78     		ldrb	r3, [r3]	@ zero_extendqisi2
 879 049a 364A     		ldr	r2, .L93+64
 880 049c 1278     		ldrb	r2, [r2]	@ zero_extendqisi2
 881 049e 3649     		ldr	r1, .L93+68
 882 04a0 0978     		ldrb	r1, [r1]	@ zero_extendqisi2
 883 04a2 3648     		ldr	r0, .L93+72
 884 04a4 0078     		ldrb	r0, [r0]	@ zero_extendqisi2
 885 04a6 0396     		str	r6, [sp, #12]
 886 04a8 0295     		str	r5, [sp, #8]
 887 04aa 0197     		str	r7, [sp, #4]
 888 04ac CDF800C0 		str	ip, [sp]
 889 04b0 FFF7FEFF 		bl	telemetry_send_values
 890              	.LVL52:
 891 04b4 CAE7     		b	.L56
 892              	.LVL53:
 893              	.L84:
 894              	.LBB80:
 895              	.LBB81:
  54:../src/packet_tx_handler.c **** 		// wait for previous transmission to complete
 896              		.loc 1 54 0
 897 04b6 274B     		ldr	r3, .L93+32
 898 04b8 1B78     		ldrb	r3, [r3]	@ zero_extendqisi2
 899 04ba 1BB3     		cbz	r3, .L59
 900              	.L60:
 901              	.LBB82:
 902              	.LBB83:
 903              		.loc 2 67 0
 904 04bc 264B     		ldr	r3, .L93+36
 905 04be 93F83034 		ldrb	r3, [r3, #1072]	@ zero_extendqisi2
 906 04c2 002B     		cmp	r3, #0
 907 04c4 FAD1     		bne	.L60
 908              	.LBE83:
 909              	.LBE82:
  59:../src/packet_tx_handler.c **** 
 910              		.loc 1 59 0
 911 04c6 4FF47A70 		mov	r0, #1000
 912 04ca FFF7FEFF 		bl	delay_fixed
 913              	.LVL54:
 914              	.L61:
 915              	.LBE81:
 916              	.LBE80:
 297:../src/packet_tx_handler.c **** 			telemetry_send_chns_description_pv(&config_basic);
 917              		.loc 1 297 0
 918 04ce A379     		ldrb	r3, [r4, #6]	@ zero_extendqisi2
 919 04d0 012B     		cmp	r3, #1
 920 04d2 1BD0     		beq	.L89
 308:../src/packet_tx_handler.c **** 
 921              		.loc 1 308 0
 922 04d4 07A8     		add	r0, sp, #28
 923 04d6 FFF7FEFF 		bl	telemetry_send_chns_description
 924              	.LVL55:
 925              	.LBB85:
 926              	.LBB86:
  54:../src/packet_tx_handler.c **** 		// wait for previous transmission to complete
 927              		.loc 1 54 0
 928 04da 1E4B     		ldr	r3, .L93+32
 929 04dc 1B78     		ldrb	r3, [r3]	@ zero_extendqisi2
 930 04de 03B3     		cbz	r3, .L64
 931              	.L65:
 932              	.LBB87:
 933              	.LBB88:
 934              		.loc 2 67 0
 935 04e0 1D4B     		ldr	r3, .L93+36
 936 04e2 93F83034 		ldrb	r3, [r3, #1072]	@ zero_extendqisi2
 937 04e6 002B     		cmp	r3, #0
 938 04e8 FAD1     		bne	.L65
 939              	.LBE88:
 940              	.LBE87:
  59:../src/packet_tx_handler.c **** 
 941              		.loc 1 59 0
 942 04ea 4FF47A70 		mov	r0, #1000
 943 04ee FFF7FEFF 		bl	delay_fixed
 944              	.LVL56:
 945              	.L63:
 946              	.LBE86:
 947              	.LBE85:
 315:../src/packet_tx_handler.c **** 
 948              		.loc 1 315 0
 949 04f2 FFF7FEFF 		bl	telemetry_send_status
 950              	.LVL57:
 318:../src/packet_tx_handler.c **** 
 951              		.loc 1 318 0
 952 04f6 A378     		ldrb	r3, [r4, #2]	@ zero_extendqisi2
 953 04f8 012B     		cmp	r3, #1
 954 04fa 16D0     		beq	.L90
 955              	.L66:
 323:../src/packet_tx_handler.c **** 	}
 956              		.loc 1 323 0
 957 04fc 264B     		ldr	r3, .L93+100
 958 04fe 0022     		movs	r2, #0
 959 0500 1A70     		strb	r2, [r3]
 960              		.loc 1 326 0
 961 0502 F3E5     		b	.L1
 962              	.L59:
 963              	.LBB90:
 964              	.LBB84:
  63:../src/packet_tx_handler.c **** 	}
 965              		.loc 1 63 0
 966 0504 134B     		ldr	r3, .L93+32
 967 0506 0122     		movs	r2, #1
 968 0508 1A70     		strb	r2, [r3]
 969 050a E0E7     		b	.L61
 970              	.L89:
 971              	.LBE84:
 972              	.LBE90:
 298:../src/packet_tx_handler.c **** 
 973              		.loc 1 298 0
 974 050c 07A8     		add	r0, sp, #28
 975 050e FFF7FEFF 		bl	telemetry_send_chns_description_pv
 976              	.LVL58:
 301:../src/packet_tx_handler.c **** 				rte_main_reboot_req = 1;
 977              		.loc 1 301 0
 978 0512 1D4B     		ldr	r3, .L93+84
 979 0514 1B88     		ldrh	r3, [r3]
 980 0516 002B     		cmp	r3, #0
 981 0518 EBD1     		bne	.L63
 302:../src/packet_tx_handler.c **** 			}
 982              		.loc 1 302 0
 983 051a 204B     		ldr	r3, .L93+104
 984 051c 0122     		movs	r2, #1
 985 051e 1A70     		strb	r2, [r3]
 986 0520 E7E7     		b	.L63
 987              	.L64:
 988              	.LBB91:
 989              	.LBB89:
  63:../src/packet_tx_handler.c **** 	}
 990              		.loc 1 63 0
 991 0522 0C4B     		ldr	r3, .L93+32
 992 0524 0122     		movs	r2, #1
 993 0526 1A70     		strb	r2, [r3]
 994 0528 E3E7     		b	.L63
 995              	.L90:
 996              	.LBE89:
 997              	.LBE91:
 320:../src/packet_tx_handler.c **** 		}
 998              		.loc 1 320 0
 999 052a 1D48     		ldr	r0, .L93+108
 1000 052c FFF7FEFF 		bl	umb_clear_error_history
 1001              	.LVL59:
 1002 0530 E4E7     		b	.L66
 1003              	.L94:
 1004 0532 00BF     		.align	2
 1005              	.L93:
 1006 0534 00000000 		.word	main_kiss_srl_ctx_ptr
 1007 0538 00000000 		.word	rte_wx_humidity_valid
 1008 053c 00000000 		.word	rte_wx_pressure_valid
 1009 0540 00000000 		.word	rte_wx_temperature_average_external_valid
 1010 0544 00000000 		.word	rte_wx_average_winddirection
 1011 0548 00000000 		.word	rte_wx_max_windspeed
 1012 054c 00000000 		.word	rte_wx_average_windspeed
 1013 0550 00000000 		.word	.LANCHOR6
 1014 0554 00000000 		.word	.LANCHOR0
 1015 0558 00000000 		.word	main_afsk
 1016 055c 00000000 		.word	rte_wx_error_dallas_qf
 1017 0560 00000000 		.word	rte_wx_current_dallas_qf
 1018 0564 00000000 		.word	rte_wx_ms5611_qf
 1019 0568 00000000 		.word	rte_wx_wind_qf
 1020 056c 00000000 		.word	rte_wx_bme280_qf
 1021 0570 00000000 		.word	kiss10m
 1022 0574 00000000 		.word	digi10m
 1023 0578 00000000 		.word	tx10m
 1024 057c 00000000 		.word	rx10m
 1025 0580 00000000 		.word	0
 1026 0584 00000000 		.word	.LANCHOR3
 1027 0588 00000000 		.word	rte_pv_battery_voltage
 1028 058c 00000000 		.word	rte_pv_battery_current
 1029 0590 00000000 		.word	rte_pv_cell_voltage
 1030 0594 00000000 		.word	rte_wx_temperature_internal_valid
 1031 0598 00000000 		.word	.LANCHOR4
 1032 059c 00000000 		.word	rte_main_reboot_req
 1033 05a0 00000000 		.word	rte_wx_umb_context
 1034              		.cfi_endproc
 1035              	.LFE403:
 1037              		.global	packet_tx_more_than_one
 1038              		.global	packet_tx_modbus_status
 1039              		.global	packet_tx_modbus_raw_values
 1040              		.global	packet_tx_telemetry_descr_counter
 1041              		.global	packet_tx_telemetry_descr_interval
 1042              		.global	packet_tx_telemetry_counter
 1043              		.global	packet_tx_telemetry_interval
 1044              		.global	packet_tx_meteo_kiss_counter
 1045              		.global	packet_tx_meteo_kiss_interval
 1046              		.global	packet_tx_meteo_counter
 1047              		.global	packet_tx_meteo_interval
 1048              		.global	packet_tx_error_status_counter
 1049              		.global	packet_tx_error_status_interval
 1050              		.global	packet_tx_beacon_counter
 1051              		.global	packet_tx_beacon_interval
 1052              		.section	.bss.packet_tx_beacon_counter,"aw",%nobits
 1053              		.set	.LANCHOR1,. + 0
 1056              	packet_tx_beacon_counter:
 1057 0000 00       		.space	1
 1058              		.section	.bss.packet_tx_error_status_counter,"aw",%nobits
 1059              		.set	.LANCHOR2,. + 0
 1062              	packet_tx_error_status_counter:
 1063 0000 00       		.space	1
 1064              		.section	.bss.packet_tx_meteo_kiss_counter,"aw",%nobits
 1065              		.set	.LANCHOR6,. + 0
 1068              	packet_tx_meteo_kiss_counter:
 1069 0000 00       		.space	1
 1070              		.section	.bss.packet_tx_more_than_one,"aw",%nobits
 1071              		.set	.LANCHOR0,. + 0
 1074              	packet_tx_more_than_one:
 1075 0000 00       		.space	1
 1076              		.section	.bss.packet_tx_telemetry_counter,"aw",%nobits
 1077              		.set	.LANCHOR3,. + 0
 1080              	packet_tx_telemetry_counter:
 1081 0000 00       		.space	1
 1082              		.section	.data.packet_tx_beacon_interval,"aw",%progbits
 1083              		.set	.LANCHOR8,. + 0
 1086              	packet_tx_beacon_interval:
 1087 0000 2D       		.byte	45
 1088              		.section	.data.packet_tx_error_status_interval,"aw",%progbits
 1089              		.set	.LANCHOR7,. + 0
 1092              	packet_tx_error_status_interval:
 1093 0000 02       		.byte	2
 1094              		.section	.data.packet_tx_meteo_counter,"aw",%progbits
 1095              		.set	.LANCHOR5,. + 0
 1098              	packet_tx_meteo_counter:
 1099 0000 02       		.byte	2
 1100              		.section	.data.packet_tx_meteo_interval,"aw",%progbits
 1101              		.set	.LANCHOR9,. + 0
 1104              	packet_tx_meteo_interval:
 1105 0000 04       		.byte	4
 1106              		.section	.data.packet_tx_meteo_kiss_interval,"aw",%progbits
 1107              		.set	.LANCHOR10,. + 0
 1110              	packet_tx_meteo_kiss_interval:
 1111 0000 02       		.byte	2
 1112              		.section	.data.packet_tx_telemetry_descr_counter,"aw",%progbits
 1113              		.set	.LANCHOR4,. + 0
 1116              	packet_tx_telemetry_descr_counter:
 1117 0000 0A       		.byte	10
 1118              		.section	.data.packet_tx_telemetry_descr_interval,"aw",%progbits
 1119              		.set	.LANCHOR12,. + 0
 1122              	packet_tx_telemetry_descr_interval:
 1123 0000 96       		.byte	-106
 1124              		.section	.data.packet_tx_telemetry_interval,"aw",%progbits
 1125              		.set	.LANCHOR11,. + 0
 1128              	packet_tx_telemetry_interval:
 1129 0000 0A       		.byte	10
 1130              		.section	.rodata.packet_tx_modbus_raw_values,"a",%progbits
 1133              	packet_tx_modbus_raw_values:
 1134 0000 8A       		.byte	-118
 1135              		.section	.rodata.packet_tx_modbus_status,"a",%progbits
 1138              	packet_tx_modbus_status:
 1139 0000 1E       		.byte	30
 1140              		.text
 1141              	.Letext0:
 1142              		.file 3 "/usr/local/bin/gcc-arm-none-eabi-7-2018-q2-update/lib/gcc/arm-none-eabi/7.3.1/include/std
 1143              		.file 4 "../system/include/cmsis/stm32l4xx/core_cm4.h"
 1144              		.file 5 "../system/include/cmsis/stm32l4xx/device/system_stm32l4xx.h"
 1145              		.file 6 "../system/include/cmsis/stm32l4xx/device/stm32l471xx.h"
 1146              		.file 7 "../system/include/drivers/dallas.h"
 1147              		.file 8 "../system/include/drivers/analog_anemometer.h"
 1148              		.file 9 "../system/include/davis_vantage/davis_loop_t.h"
 1149              		.file 10 "../system/include/umb_master/umb_frame_t.h"
 1150              		.file 11 "../system/include/umb_master/umb_state_t.h"
 1151              		.file 12 "../system/include/drivers/serial.h"
 1152              		.file 13 "../system/include/umb_master/umb_context_t.h"
 1153              		.file 14 "../system/include/umb_master/umb_qf_t.h"
 1154              		.file 15 "../include/config_data.h"
 1155              		.file 16 "/usr/local/bin/gcc-arm-none-eabi-7-2018-q2-update/arm-none-eabi/include/sys/lock.h"
 1156              		.file 17 "/usr/local/bin/gcc-arm-none-eabi-7-2018-q2-update/arm-none-eabi/include/sys/_types.h"
 1157              		.file 18 "/usr/local/bin/gcc-arm-none-eabi-7-2018-q2-update/lib/gcc/arm-none-eabi/7.3.1/include/st
 1158              		.file 19 "/usr/local/bin/gcc-arm-none-eabi-7-2018-q2-update/arm-none-eabi/include/sys/reent.h"
 1159              		.file 20 "/usr/local/bin/gcc-arm-none-eabi-7-2018-q2-update/arm-none-eabi/include/math.h"
 1160              		.file 21 "../system/include/drivers/ms5611.h"
 1161              		.file 22 "../system/include/drivers/bme280.h"
 1162              		.file 23 "../include/rte_wx.h"
 1163              		.file 24 "../system/include/./ve_direct_protocol/average_struct.h"
 1164              		.file 25 "../system/include/./ve_direct_protocol/raw_struct.h"
 1165              		.file 26 "../include/rte_pv.h"
 1166              		.file 27 "../include/rte_main.h"
 1167              		.file 28 "../system/include/./aprs/telemetry.h"
 1168              		.file 29 "../system/include/aprs/cfifo.h"
 1169              		.file 30 "../system/include/aprs/afsk.h"
 1170              		.file 31 "../system/include/aprs/ax25.h"
 1171              		.file 32 "../include/delay.h"
 1172              		.file 33 "../system/include/umb_master/umb_master.h"
 1173              		.file 34 "../system/include/./aprs/beacon.h"
 1174              		.file 35 "../system/include/./aprs/wx.h"
 1175              		.file 36 "../src/io.h"
DEFINED SYMBOLS
                            *ABS*:0000000000000000 packet_tx_handler.c
     /tmp/ccNI7IyQ.s:18     .text.packet_tx_handler:0000000000000000 $t
     /tmp/ccNI7IyQ.s:25     .text.packet_tx_handler:0000000000000000 packet_tx_handler
     /tmp/ccNI7IyQ.s:494    .text.packet_tx_handler:0000000000000260 $d
     /tmp/ccNI7IyQ.s:529    .text.packet_tx_handler:00000000000002dc $t
     /tmp/ccNI7IyQ.s:689    .text.packet_tx_handler:00000000000003b6 $d
     /tmp/ccNI7IyQ.s:696    .text.packet_tx_handler:00000000000003bc $t
     /tmp/ccNI7IyQ.s:708    .text.packet_tx_handler:00000000000003cc $d
     /tmp/ccNI7IyQ.s:714    .text.packet_tx_handler:00000000000003d2 $t
     /tmp/ccNI7IyQ.s:740    .text.packet_tx_handler:00000000000003e8 $d
     /tmp/ccNI7IyQ.s:746    .text.packet_tx_handler:00000000000003ee $t
     /tmp/ccNI7IyQ.s:1006   .text.packet_tx_handler:0000000000000534 $d
     /tmp/ccNI7IyQ.s:1074   .bss.packet_tx_more_than_one:0000000000000000 packet_tx_more_than_one
     /tmp/ccNI7IyQ.s:1138   .rodata.packet_tx_modbus_status:0000000000000000 packet_tx_modbus_status
     /tmp/ccNI7IyQ.s:1133   .rodata.packet_tx_modbus_raw_values:0000000000000000 packet_tx_modbus_raw_values
     /tmp/ccNI7IyQ.s:1116   .data.packet_tx_telemetry_descr_counter:0000000000000000 packet_tx_telemetry_descr_counter
     /tmp/ccNI7IyQ.s:1122   .data.packet_tx_telemetry_descr_interval:0000000000000000 packet_tx_telemetry_descr_interval
     /tmp/ccNI7IyQ.s:1080   .bss.packet_tx_telemetry_counter:0000000000000000 packet_tx_telemetry_counter
     /tmp/ccNI7IyQ.s:1128   .data.packet_tx_telemetry_interval:0000000000000000 packet_tx_telemetry_interval
     /tmp/ccNI7IyQ.s:1068   .bss.packet_tx_meteo_kiss_counter:0000000000000000 packet_tx_meteo_kiss_counter
     /tmp/ccNI7IyQ.s:1110   .data.packet_tx_meteo_kiss_interval:0000000000000000 packet_tx_meteo_kiss_interval
     /tmp/ccNI7IyQ.s:1098   .data.packet_tx_meteo_counter:0000000000000000 packet_tx_meteo_counter
     /tmp/ccNI7IyQ.s:1104   .data.packet_tx_meteo_interval:0000000000000000 packet_tx_meteo_interval
     /tmp/ccNI7IyQ.s:1062   .bss.packet_tx_error_status_counter:0000000000000000 packet_tx_error_status_counter
     /tmp/ccNI7IyQ.s:1092   .data.packet_tx_error_status_interval:0000000000000000 packet_tx_error_status_interval
     /tmp/ccNI7IyQ.s:1056   .bss.packet_tx_beacon_counter:0000000000000000 packet_tx_beacon_counter
     /tmp/ccNI7IyQ.s:1086   .data.packet_tx_beacon_interval:0000000000000000 packet_tx_beacon_interval
     /tmp/ccNI7IyQ.s:1057   .bss.packet_tx_beacon_counter:0000000000000000 $d
     /tmp/ccNI7IyQ.s:1063   .bss.packet_tx_error_status_counter:0000000000000000 $d
     /tmp/ccNI7IyQ.s:1069   .bss.packet_tx_meteo_kiss_counter:0000000000000000 $d
     /tmp/ccNI7IyQ.s:1075   .bss.packet_tx_more_than_one:0000000000000000 $d
     /tmp/ccNI7IyQ.s:1081   .bss.packet_tx_telemetry_counter:0000000000000000 $d
                           .group:0000000000000000 wm4.0.95bc707da9dcffdc6c8c58936cbc8421
                           .group:0000000000000000 wm4.station_config.h.9.d547169434a316afe56104ac612d2109
                           .group:0000000000000000 wm4.station_config_target_hw.h.9.a20e080416e80d1cff9c1b51cc464832
                           .group:0000000000000000 wm4.stm32l4xx.h.39.54a1fe1e096c7852edd649652f013a11
                           .group:0000000000000000 wm4.stm32l471xx.h.35.e78ad65c513105dda311dc495ac74d04
                           .group:0000000000000000 wm4.stdintgcc.h.29.6d480f4ba0f60596e88234283d42444f
                           .group:0000000000000000 wm4.cmsis_version.h.32.46e8eccfa2cfeaae11d008bb2823a3ed
                           .group:0000000000000000 wm4.core_cm4.h.66.e4ff136c4a17abc46741866f64f8e729
                           .group:0000000000000000 wm4.cmsis_gcc.h.26.b6144e50d34fc998dd4c2cfb6387cf91
                           .group:0000000000000000 wm4.core_cm4.h.174.fcddd62df80231752fa39eb9b61dadfe
                           .group:0000000000000000 wm4.mpu_armv7.h.32.4049752bb5792d4e15357775e9506cfc
                           .group:0000000000000000 wm4.stm32l471xx.h.423.ceac761476affad641a3347d7727acfd
                           .group:0000000000000000 wm4.stm32l4xx.h.197.fb1c68184133668ca24c44c29ba4361f
                           .group:0000000000000000 wm4.stm32l4xx_ll_gpio.h.22.6ea69d1eee1200f6e0d48e871aaa811d
                           .group:0000000000000000 wm4.dallas.h.28.4c25313e4181236c94847de9c84bd06e
                           .group:0000000000000000 wm4.analog_anemometer.h.9.8c21570f6fc3dcd7763ba4d0d5168e3c
                           .group:0000000000000000 wm4.umb_frame_t.h.9.05796095a57acd1575f07118cb6ab058
                           .group:0000000000000000 wm4.umb_defines.h.9.77e79b84cd2dd9a74204aaeb1ca9d6be
                           .group:0000000000000000 wm4.stm32l4xx_ll_usart.h.22.ec2beebcd146668c5b35749264d7b58a
                           .group:0000000000000000 wm4.serial.h.14.eed7cf013c382ed4598746b40f0e2523
                           .group:0000000000000000 wm4.config_data.h.9.6026a38cd2f39158a8fd50707ba1bf90
                           .group:0000000000000000 wm4._newlib_version.h.4.875b979a44719054cd750d0952ad3fd6
                           .group:0000000000000000 wm4.newlib.h.18.5e5ca3429233af402d406a202f1fc1ac
                           .group:0000000000000000 wm4.ieeefp.h.77.220d9cccac42cd58761758bee2df4ce6
                           .group:0000000000000000 wm4.features.h.22.fad1cec3bc7ff06488171438dbdcfd02
                           .group:0000000000000000 wm4.config.h.220.6cac6a9685cfce5e83c17784171638d9
                           .group:0000000000000000 wm4._ansi.h.31.de524f58584151836e90d8620a16f8e8
                           .group:0000000000000000 wm4.stddef.h.39.a38874c8f8a57e66301090908ec2a69f
                           .group:0000000000000000 wm4._default_types.h.6.959254cf5f09734ea7516c89e8bb21bd
                           .group:0000000000000000 wm4.lock.h.2.1461d1fff82dffe8bfddc23307f6484f
                           .group:0000000000000000 wm4._types.h.125.5cf8a495f1f7ef36777ad868a1e32068
                           .group:0000000000000000 wm4.stddef.h.161.5349cb105733e8777bfb0cf53c4e3f34
                           .group:0000000000000000 wm4._types.h.184.03611d4f6b5bec9997bcf4279eceba07
                           .group:0000000000000000 wm4.reent.h.17.90c2574d4acdcfce933db5cb09ff35fe
                           .group:0000000000000000 wm4.cdefs.h.47.7eec48e1bc15e3b0aff1089c232f5a9c
                           .group:0000000000000000 wm4.math.h.13.adb102f7bd7860b1f241e149d6914a1e
                           .group:0000000000000000 wm4.ms5611.h.13.84fbf6afa85557f675e3d85f1be6067c
                           .group:0000000000000000 wm4.bme280.h.9.aefe05f9329372f30337537cea488dce
                           .group:0000000000000000 wm4.rte_wx.h.30.cb80bd87f9fae81b43459954f1781e96
                           .group:0000000000000000 wm4.average_struct.h.9.41820d0d7dc25dca8a9005c6d1a8bb5f
                           .group:0000000000000000 wm4.telemetry.h.21.a87436b8ee86f5e60170454e063be1e3
                           .group:0000000000000000 wm4.parser.h.9.2d68c8669e0bffa77926bbb9bf5a2aba
                           .group:0000000000000000 wm4.rtu_configuration.h.9.225559723a46d58da796e0ac6cb0b2ac
                           .group:0000000000000000 wm4.stdbool.h.29.07dce69c3b78884144b7f7bd19483461
                           .group:0000000000000000 wm4.macros.h.2.7a7a5ac48d4160b7481c806e80b68442
                           .group:0000000000000000 wm4.config.h.2.f5e96167cb26b0ce97c5e7513a95bc8b
                           .group:0000000000000000 wm4.afsk.h.17.cf8f922069680e152e1eddb76cd4cc82
                           .group:0000000000000000 wm4.ax25.h.18.077e42a4af9016476e34900472a8fe18
                           .group:0000000000000000 wm4.main.h.8.3d6ad69e5f061008d8c5cc5f5c9dd15a

UNDEFINED SYMBOLS
umb_construct_status_str
delay_fixed
beacon_send_own
SendWXFrame
io_ext_watchdog_service
telemetry_send_status_raw_values_modbus
telemetry_send_status_pv
main_config_data_mode
main_kiss_enabled
master_time
main_own_aprs_msg
rte_wx_umb_context
main_afsk
rte_wx_humidity_valid
rte_wx_pressure_valid
rte_wx_temperature_average_external_valid
rte_wx_average_winddirection
rte_wx_max_windspeed
rte_wx_average_windspeed
rte_main_trigger_modbus_status
rte_pv_struct
rte_pv_corrupted_messages_count
rte_pv_messages_count
rte_pv_last_error
rte_pv_average
srl_wait_for_tx_completion
SendWXFrameToBuffer
srl_start_tx
telemetry_send_values
telemetry_send_values_pv
telemetry_send_chns_description
telemetry_send_status
telemetry_send_chns_description_pv
umb_clear_error_history
main_kiss_srl_ctx_ptr
rte_wx_error_dallas_qf
rte_wx_current_dallas_qf
rte_wx_ms5611_qf
rte_wx_wind_qf
rte_wx_bme280_qf
kiss10m
digi10m
tx10m
rx10m
rte_pv_battery_voltage
rte_pv_battery_current
rte_pv_cell_voltage
rte_wx_temperature_internal_valid
rte_main_reboot_req
