   1              		.cpu cortex-m4
   2              		.eabi_attribute 27, 1
   3              		.eabi_attribute 28, 1
   4              		.eabi_attribute 20, 1
   5              		.eabi_attribute 21, 1
   6              		.eabi_attribute 23, 3
   7              		.eabi_attribute 24, 1
   8              		.eabi_attribute 25, 1
   9              		.eabi_attribute 26, 1
  10              		.eabi_attribute 30, 1
  11              		.eabi_attribute 34, 1
  12              		.eabi_attribute 18, 4
  13              		.file	"rte_rtu.c"
  14              		.text
  15              	.Ltext0:
  16              		.cfi_sections	.debug_frame
  17              		.section	.text.rte_rtu_init,"ax",%progbits
  18              		.align	1
  19              		.global	rte_rtu_init
  20              		.syntax unified
  21              		.thumb
  22              		.thumb_func
  23              		.fpu fpv4-sp-d16
  25              	rte_rtu_init:
  26              	.LFB1:
  27              		.file 1 "../src/rte_rtu.c"
   1:../src/rte_rtu.c **** /*
   2:../src/rte_rtu.c ****  * rte_rtu.c
   3:../src/rte_rtu.c ****  *
   4:../src/rte_rtu.c ****  *  Created on: Oct 30, 2020
   5:../src/rte_rtu.c ****  *      Author: mateusz
   6:../src/rte_rtu.c ****  */
   7:../src/rte_rtu.c **** 
   8:../src/rte_rtu.c **** #include <rte_rtu.h>
   9:../src/rte_rtu.c **** 
  10:../src/rte_rtu.c **** /**
  11:../src/rte_rtu.c ****  * This counts the consecutive serial I/O errors to trigger the modbur-rtu status frame
  12:../src/rte_rtu.c ****  */
  13:../src/rte_rtu.c **** uint8_t rte_rtu_number_of_serial_io_errors = 0;
  14:../src/rte_rtu.c **** 
  15:../src/rte_rtu.c **** uint16_t rte_rtu_number_of_successfull_serial_comm = 0;
  16:../src/rte_rtu.c **** 
  17:../src/rte_rtu.c **** rtu_register_data_t rte_wx_modbus_rtu_f1;
  18:../src/rte_rtu.c **** 
  19:../src/rte_rtu.c **** rtu_register_data_t rte_wx_modbus_rtu_f2;
  20:../src/rte_rtu.c **** 
  21:../src/rte_rtu.c **** rtu_register_data_t rte_wx_modbus_rtu_f3;
  22:../src/rte_rtu.c **** 
  23:../src/rte_rtu.c **** rtu_register_data_t rte_wx_modbus_rtu_f4;
  24:../src/rte_rtu.c **** 
  25:../src/rte_rtu.c **** rtu_register_data_t rte_wx_modbus_rtu_f5;
  26:../src/rte_rtu.c **** 
  27:../src/rte_rtu.c **** rtu_register_data_t rte_wx_modbus_rtu_f6;
  28:../src/rte_rtu.c **** 
  29:../src/rte_rtu.c **** rtu_exception_t rte_rtu_last_modbus_exception;
  30:../src/rte_rtu.c **** uint32_t rte_rtu_last_modbus_exception_timestamp;
  31:../src/rte_rtu.c **** uint32_t rte_rtu_last_modbus_rx_error_timestamp;
  32:../src/rte_rtu.c **** rtu_pool_queue_t rte_rtu_pool_queue;
  33:../src/rte_rtu.c **** 
  34:../src/rte_rtu.c **** 
  35:../src/rte_rtu.c **** void rte_rtu_init(void) {
  28              		.loc 1 35 0
  29              		.cfi_startproc
  30              		@ args = 0, pretend = 0, frame = 0
  31              		@ frame_needed = 0, uses_anonymous_args = 0
  32              		@ link register save eliminated.
  36:../src/rte_rtu.c **** 	rte_rtu_last_modbus_exception_timestamp = 0;
  33              		.loc 1 36 0
  34 0000 0023     		movs	r3, #0
  35 0002 034A     		ldr	r2, .L2
  36 0004 1360     		str	r3, [r2]
  37:../src/rte_rtu.c **** 	rte_rtu_last_modbus_rx_error_timestamp = 0;
  37              		.loc 1 37 0
  38 0006 034A     		ldr	r2, .L2+4
  39 0008 1360     		str	r3, [r2]
  38:../src/rte_rtu.c **** 	rte_rtu_last_modbus_exception = RTU_EXCEPTION_OK;
  40              		.loc 1 38 0
  41 000a 034A     		ldr	r2, .L2+8
  42 000c 1370     		strb	r3, [r2]
  39:../src/rte_rtu.c **** }
  43              		.loc 1 39 0
  44 000e 7047     		bx	lr
  45              	.L3:
  46              		.align	2
  47              	.L2:
  48 0010 00000000 		.word	rte_rtu_last_modbus_exception_timestamp
  49 0014 00000000 		.word	rte_rtu_last_modbus_rx_error_timestamp
  50 0018 00000000 		.word	rte_rtu_last_modbus_exception
  51              		.cfi_endproc
  52              	.LFE1:
  54              		.comm	rte_rtu_pool_queue,68,4
  55              		.comm	rte_rtu_last_modbus_rx_error_timestamp,4,4
  56              		.comm	rte_rtu_last_modbus_exception_timestamp,4,4
  57              		.comm	rte_rtu_last_modbus_exception,1,1
  58              		.comm	rte_wx_modbus_rtu_f6,10,4
  59              		.comm	rte_wx_modbus_rtu_f5,10,4
  60              		.comm	rte_wx_modbus_rtu_f4,10,4
  61              		.comm	rte_wx_modbus_rtu_f3,10,4
  62              		.comm	rte_wx_modbus_rtu_f2,10,4
  63              		.comm	rte_wx_modbus_rtu_f1,10,4
  64              		.global	rte_rtu_number_of_successfull_serial_comm
  65              		.global	rte_rtu_number_of_serial_io_errors
  66              		.section	.bss.rte_rtu_number_of_serial_io_errors,"aw",%nobits
  69              	rte_rtu_number_of_serial_io_errors:
  70 0000 00       		.space	1
  71              		.section	.bss.rte_rtu_number_of_successfull_serial_comm,"aw",%nobits
  72              		.align	1
  75              	rte_rtu_number_of_successfull_serial_comm:
  76 0000 0000     		.space	2
  77              		.text
  78              	.Letext0:
  79              		.file 2 "/usr/local/bin/gcc-arm-none-eabi-7-2018-q2-update/lib/gcc/arm-none-eabi/7.3.1/include/std
  80              		.file 3 "../system/include/modbus_rtu/rtu_register_data_t.h"
  81              		.file 4 "../system/include/modbus_rtu/rtu_exception_t.h"
  82              		.file 5 "../system/include/modbus_rtu/rtu_pool_queue_t.h"
  83              		.file 6 "../include/rte_rtu.h"
DEFINED SYMBOLS
                            *ABS*:0000000000000000 rte_rtu.c
     /tmp/ccRyBIvX.s:18     .text.rte_rtu_init:0000000000000000 $t
     /tmp/ccRyBIvX.s:25     .text.rte_rtu_init:0000000000000000 rte_rtu_init
     /tmp/ccRyBIvX.s:48     .text.rte_rtu_init:0000000000000010 $d
                            *COM*:0000000000000004 rte_rtu_last_modbus_exception_timestamp
                            *COM*:0000000000000004 rte_rtu_last_modbus_rx_error_timestamp
                            *COM*:0000000000000001 rte_rtu_last_modbus_exception
                            *COM*:0000000000000044 rte_rtu_pool_queue
                            *COM*:000000000000000a rte_wx_modbus_rtu_f6
                            *COM*:000000000000000a rte_wx_modbus_rtu_f5
                            *COM*:000000000000000a rte_wx_modbus_rtu_f4
                            *COM*:000000000000000a rte_wx_modbus_rtu_f3
                            *COM*:000000000000000a rte_wx_modbus_rtu_f2
                            *COM*:000000000000000a rte_wx_modbus_rtu_f1
     /tmp/ccRyBIvX.s:75     .bss.rte_rtu_number_of_successfull_serial_comm:0000000000000000 rte_rtu_number_of_successfull_serial_comm
     /tmp/ccRyBIvX.s:69     .bss.rte_rtu_number_of_serial_io_errors:0000000000000000 rte_rtu_number_of_serial_io_errors
     /tmp/ccRyBIvX.s:70     .bss.rte_rtu_number_of_serial_io_errors:0000000000000000 $d
     /tmp/ccRyBIvX.s:72     .bss.rte_rtu_number_of_successfull_serial_comm:0000000000000000 $d
                           .group:0000000000000000 wm4.0.95bc707da9dcffdc6c8c58936cbc8421
                           .group:0000000000000000 wm4.station_config.h.9.d547169434a316afe56104ac612d2109
                           .group:0000000000000000 wm4.rtu_configuration.h.9.225559723a46d58da796e0ac6cb0b2ac
                           .group:0000000000000000 wm4.stdintgcc.h.29.6d480f4ba0f60596e88234283d42444f
                           .group:0000000000000000 wm4.config_data.h.9.6026a38cd2f39158a8fd50707ba1bf90

NO UNDEFINED SYMBOLS
