   1              		.cpu cortex-m3
   2              		.eabi_attribute 20, 1
   3              		.eabi_attribute 21, 1
   4              		.eabi_attribute 23, 3
   5              		.eabi_attribute 24, 1
   6              		.eabi_attribute 25, 1
   7              		.eabi_attribute 26, 1
   8              		.eabi_attribute 30, 1
   9              		.eabi_attribute 34, 1
  10              		.eabi_attribute 18, 4
  11              		.file	"config_data_second.c"
  12              		.text
  13              	.Ltext0:
  14              		.cfi_sections	.debug_frame
  15              		.global	config_data_rtu_second
  16              		.global	config_data_umb_second
  17              		.global	config_data_wx_sources_second
  18              		.global	config_data_basic_second
  19              		.global	config_data_mode_second
  20              		.global	config_data_crc_val_second
  21              		.global	config_data_pgm_cntr_second
  22              		.section	.config_section_second,"a",%progbits
  23              		.align	1
  26              	config_data_pgm_cntr_second:
  27 0000 0200     		.short	2
  28              		.section	.config_section_second.basic,"a",%progbits
  29              		.align	2
  32              	config_data_basic_second:
  33 0000 53503845 		.ascii	"SP8EBC\000"
  33      424300
  34 0007 01       		.byte	1
  35 0008 8FA69A45 		.word	1167763087
  36 000c 4E       		.byte	78
  37 000d 000000   		.space	3
  38 0010 00F0ED44 		.word	1156444160
  39 0014 45       		.byte	69
  40 0015 53657420 		.ascii	"Set Your configuration in this file and rename to s"
  40      596F7572 
  40      20636F6E 
  40      66696775 
  40      72617469 
  41 0048 74617469 		.ascii	"tation_config.h\000"
  41      6F6E5F63 
  41      6F6E6669 
  41      672E6800 
  42 0058 00000000 		.space	61
  42      00000000 
  42      00000000 
  42      00000000 
  42      00000000 
  43 0095 01       		.byte	1
  44 0096 01       		.byte	1
  45 0097 00       		.byte	0
  46 0098 04       		.byte	4
  47 0099 2D       		.byte	45
  48 009a 0000     		.space	2
  49              		.section	.config_section_second.crc,"a",%progbits
  50              		.align	2
  53              	config_data_crc_val_second:
  54 0000 EFBEADDE 		.word	-559038737
  55              		.section	.config_section_second.mode,"a",%progbits
  56              		.align	2
  59              	config_data_mode_second:
  60 0000 01       		.byte	1
  61 0001 01       		.byte	1
  62 0002 01       		.byte	1
  63 0003 00       		.byte	0
  64 0004 00       		.space	1
  65 0005 00       		.byte	0
  66 0006 00       		.byte	0
  67 0007 00       		.byte	0
  68 0008 00       		.byte	0
  69 0009 03       		.byte	3
  70              		.section	.config_section_second.rtu,"a",%progbits
  71              		.align	2
  74              	config_data_rtu_second:
  75 0000 8025     		.short	9600
  76 0002 00       		.byte	0
  77 0003 02       		.byte	2
  78 0004 00       		.byte	0
  79 0005 00       		.byte	0
  80 0006 02       		.byte	2
  81 0007 00       		.byte	0
  82 0008 00       		.byte	0
  83 0009 00       		.byte	0
  84 000a 00       		.byte	0
  85 000b 01       		.byte	1
  86 000c 03       		.byte	3
  87 000d 00       		.space	1
  88 000e 0000     		.short	0
  89 0010 0100     		.short	1
  90 0012 00       		.byte	0
  91 0013 01       		.byte	1
  92 0014 00       		.byte	0
  93 0015 0A       		.byte	10
  94 0016 00       		.byte	0
  95 0017 01       		.byte	1
  96 0018 03       		.byte	3
  97 0019 00       		.space	1
  98 001a 0100     		.short	1
  99 001c 0100     		.short	1
 100 001e 00       		.byte	0
 101 001f 01       		.byte	1
 102 0020 00       		.byte	0
 103 0021 01       		.byte	1
 104 0022 00       		.byte	0
 105 0023 01       		.byte	1
 106 0024 03       		.byte	3
 107 0025 00       		.space	1
 108 0026 0200     		.short	2
 109 0028 0100     		.short	1
 110 002a 00       		.byte	0
 111 002b 01       		.byte	1
 112 002c 00       		.byte	0
 113 002d 01       		.byte	1
 114 002e 00       		.byte	0
 115 002f 01       		.byte	1
 116 0030 03       		.byte	3
 117 0031 00       		.space	1
 118 0032 0300     		.short	3
 119 0034 0100     		.short	1
 120 0036 00       		.byte	0
 121 0037 01       		.byte	1
 122 0038 00       		.byte	0
 123 0039 01       		.byte	1
 124 003a 00       		.byte	0
 125 003b 00       		.byte	0
 126 003c 00       		.byte	0
 127 003d 00       		.space	1
 128 003e 0300     		.short	3
 129 0040 0100     		.short	1
 130 0042 00       		.byte	0
 131 0043 01       		.byte	1
 132 0044 00       		.byte	0
 133 0045 01       		.byte	1
 134 0046 00       		.byte	0
 135 0047 00       		.byte	0
 136 0048 00       		.byte	0
 137 0049 00       		.space	1
 138 004a 0000     		.short	0
 139 004c 0100     		.short	1
 140 004e 00       		.byte	0
 141 004f 01       		.byte	1
 142 0050 00       		.byte	0
 143 0051 01       		.byte	1
 144 0052 00       		.byte	0
 145 0053 00       		.space	1
 146              		.section	.config_section_second.sources,"a",%progbits
 147              		.align	2
 150              	config_data_wx_sources_second:
 151 0000 01       		.byte	1
 152 0001 02       		.byte	2
 153 0002 00       		.space	1
 154 0003 02       		.byte	2
 155              		.section	.config_section_second.umb,"a",%progbits
 156              		.align	2
 159              	config_data_umb_second:
 160 0000 0800     		.short	8
 161 0002 0100     		.short	1
 162 0004 CC01     		.short	460
 163 0006 B801     		.short	440
 164 0008 4402     		.short	580
 165 000a 6400     		.short	100
 166 000c 2C01     		.short	300
 167              		.text
 168              	.Letext0:
 169              		.file 1 "/usr/local/bin/gcc-arm-none-eabi-7-2018-q2-update/lib/gcc/arm-none-eabi/7.3.1/include/std
 170              		.file 2 "../include/config_data.h"
 171              		.file 3 "../src/config_data_second.c"
DEFINED SYMBOLS
                            *ABS*:0000000000000000 config_data_second.c
     /tmp/ccsnwrro.s:74     .config_section_second.rtu:0000000000000000 config_data_rtu_second
     /tmp/ccsnwrro.s:159    .config_section_second.umb:0000000000000000 config_data_umb_second
     /tmp/ccsnwrro.s:150    .config_section_second.sources:0000000000000000 config_data_wx_sources_second
     /tmp/ccsnwrro.s:32     .config_section_second.basic:0000000000000000 config_data_basic_second
     /tmp/ccsnwrro.s:59     .config_section_second.mode:0000000000000000 config_data_mode_second
     /tmp/ccsnwrro.s:53     .config_section_second.crc:0000000000000000 config_data_crc_val_second
     /tmp/ccsnwrro.s:26     .config_section_second:0000000000000000 config_data_pgm_cntr_second
     /tmp/ccsnwrro.s:23     .config_section_second:0000000000000000 $d
     /tmp/ccsnwrro.s:29     .config_section_second.basic:0000000000000000 $d
     /tmp/ccsnwrro.s:50     .config_section_second.crc:0000000000000000 $d
     /tmp/ccsnwrro.s:56     .config_section_second.mode:0000000000000000 $d
     /tmp/ccsnwrro.s:71     .config_section_second.rtu:0000000000000000 $d
     /tmp/ccsnwrro.s:147    .config_section_second.sources:0000000000000000 $d
     /tmp/ccsnwrro.s:156    .config_section_second.umb:0000000000000000 $d
                           .group:0000000000000000 wm4.0.879aed89c359f5856fe69c61b3590d34
                           .group:0000000000000000 wm4.stdintgcc.h.29.6d480f4ba0f60596e88234283d42444f
                           .group:0000000000000000 wm4.config_data.h.20.3fa825aa23b2311026266e3d076368dc
                           .group:0000000000000000 wm4.station_config.h.9.75b6c5687acc8f60d219d6a552b2bf59

NO UNDEFINED SYMBOLS
