   1              		.cpu cortex-m3
   2              		.eabi_attribute 20, 1
   3              		.eabi_attribute 21, 1
   4              		.eabi_attribute 23, 3
   5              		.eabi_attribute 24, 1
   6              		.eabi_attribute 25, 1
   7              		.eabi_attribute 26, 1
   8              		.eabi_attribute 30, 1
   9              		.eabi_attribute 34, 1
  10              		.eabi_attribute 18, 4
  11              		.file	"dummy.c"
  12              		.text
  13              	.Ltext0:
  14              		.cfi_sections	.debug_frame
  15              		.global	dummy
  16              		.section	.config_section_third,"a",%progbits
  17              		.align	2
  20              	dummy:
  21 0000 DDDDDDDD 		.word	-572662307
  22              		.text
  23              	.Letext0:
  24              		.file 1 "../src/dummy.c"
DEFINED SYMBOLS
                            *ABS*:0000000000000000 dummy.c
     /tmp/cc3qXaCd.s:20     .config_section_third:0000000000000000 dummy
     /tmp/cc3qXaCd.s:17     .config_section_third:0000000000000000 $d
                           .group:0000000000000000 wm4.0.879aed89c359f5856fe69c61b3590d34

NO UNDEFINED SYMBOLS
