   1              		.cpu cortex-m3
   2              		.eabi_attribute 20, 1
   3              		.eabi_attribute 21, 1
   4              		.eabi_attribute 23, 3
   5              		.eabi_attribute 24, 1
   6              		.eabi_attribute 25, 1
   7              		.eabi_attribute 26, 1
   8              		.eabi_attribute 30, 1
   9              		.eabi_attribute 34, 1
  10              		.eabi_attribute 18, 4
  11              		.file	"rte_rtu.c"
  12              		.text
  13              	.Ltext0:
  14              		.cfi_sections	.debug_frame
  15              		.section	.text.rte_rtu_init,"ax",%progbits
  16              		.align	1
  17              		.global	rte_rtu_init
  18              		.syntax unified
  19              		.thumb
  20              		.thumb_func
  21              		.fpu softvfp
  23              	rte_rtu_init:
  24              	.LFB1:
  25              		.file 1 "../src/rte_rtu.c"
   1:../src/rte_rtu.c **** /*
   2:../src/rte_rtu.c ****  * rte_rtu.c
   3:../src/rte_rtu.c ****  *
   4:../src/rte_rtu.c ****  *  Created on: Oct 30, 2020
   5:../src/rte_rtu.c ****  *      Author: mateusz
   6:../src/rte_rtu.c ****  */
   7:../src/rte_rtu.c **** 
   8:../src/rte_rtu.c **** #include <rte_rtu.h>
   9:../src/rte_rtu.c **** 
  10:../src/rte_rtu.c **** /**
  11:../src/rte_rtu.c ****  * This counts the consecutive serial I/O errors to trigger the modbur-rtu status frame
  12:../src/rte_rtu.c ****  */
  13:../src/rte_rtu.c **** uint8_t rte_rtu_number_of_serial_io_errors = 0;
  14:../src/rte_rtu.c **** 
  15:../src/rte_rtu.c **** uint16_t rte_rtu_number_of_successfull_serial_comm = 0;
  16:../src/rte_rtu.c **** 
  17:../src/rte_rtu.c **** rtu_register_data_t rte_wx_modbus_rtu_f1;
  18:../src/rte_rtu.c **** 
  19:../src/rte_rtu.c **** rtu_register_data_t rte_wx_modbus_rtu_f2;
  20:../src/rte_rtu.c **** 
  21:../src/rte_rtu.c **** rtu_register_data_t rte_wx_modbus_rtu_f3;
  22:../src/rte_rtu.c **** 
  23:../src/rte_rtu.c **** rtu_register_data_t rte_wx_modbus_rtu_f4;
  24:../src/rte_rtu.c **** 
  25:../src/rte_rtu.c **** rtu_register_data_t rte_wx_modbus_rtu_f5;
  26:../src/rte_rtu.c **** 
  27:../src/rte_rtu.c **** rtu_register_data_t rte_wx_modbus_rtu_f6;
  28:../src/rte_rtu.c **** 
  29:../src/rte_rtu.c **** rtu_exception_t rte_rtu_last_modbus_exception;
  30:../src/rte_rtu.c **** uint32_t rte_rtu_last_modbus_exception_timestamp;
  31:../src/rte_rtu.c **** uint32_t rte_rtu_last_modbus_rx_error_timestamp;
  32:../src/rte_rtu.c **** rtu_pool_queue_t rte_rtu_pool_queue;
  33:../src/rte_rtu.c **** 
  34:../src/rte_rtu.c **** 
  35:../src/rte_rtu.c **** void rte_rtu_init(void) {
  26              		.loc 1 35 0
  27              		.cfi_startproc
  28              		@ args = 0, pretend = 0, frame = 0
  29              		@ frame_needed = 0, uses_anonymous_args = 0
  30              		@ link register save eliminated.
  36:../src/rte_rtu.c **** 	rte_rtu_last_modbus_exception_timestamp = 0;
  31              		.loc 1 36 0
  32 0000 0023     		movs	r3, #0
  33 0002 034A     		ldr	r2, .L2
  34 0004 1360     		str	r3, [r2]
  37:../src/rte_rtu.c **** 	rte_rtu_last_modbus_rx_error_timestamp = 0;
  35              		.loc 1 37 0
  36 0006 034A     		ldr	r2, .L2+4
  37 0008 1360     		str	r3, [r2]
  38:../src/rte_rtu.c **** 	rte_rtu_last_modbus_exception = RTU_EXCEPTION_OK;
  38              		.loc 1 38 0
  39 000a 034A     		ldr	r2, .L2+8
  40 000c 1370     		strb	r3, [r2]
  39:../src/rte_rtu.c **** }
  41              		.loc 1 39 0
  42 000e 7047     		bx	lr
  43              	.L3:
  44              		.align	2
  45              	.L2:
  46 0010 00000000 		.word	rte_rtu_last_modbus_exception_timestamp
  47 0014 00000000 		.word	rte_rtu_last_modbus_rx_error_timestamp
  48 0018 00000000 		.word	rte_rtu_last_modbus_exception
  49              		.cfi_endproc
  50              	.LFE1:
  52              		.comm	rte_rtu_pool_queue,68,4
  53              		.comm	rte_rtu_last_modbus_rx_error_timestamp,4,4
  54              		.comm	rte_rtu_last_modbus_exception_timestamp,4,4
  55              		.comm	rte_rtu_last_modbus_exception,1,1
  56              		.comm	rte_wx_modbus_rtu_f6,10,4
  57              		.comm	rte_wx_modbus_rtu_f5,10,4
  58              		.comm	rte_wx_modbus_rtu_f4,10,4
  59              		.comm	rte_wx_modbus_rtu_f3,10,4
  60              		.comm	rte_wx_modbus_rtu_f2,10,4
  61              		.comm	rte_wx_modbus_rtu_f1,10,4
  62              		.global	rte_rtu_number_of_successfull_serial_comm
  63              		.global	rte_rtu_number_of_serial_io_errors
  64              		.section	.bss.rte_rtu_number_of_serial_io_errors,"aw",%nobits
  67              	rte_rtu_number_of_serial_io_errors:
  68 0000 00       		.space	1
  69              		.section	.bss.rte_rtu_number_of_successfull_serial_comm,"aw",%nobits
  70              		.align	1
  73              	rte_rtu_number_of_successfull_serial_comm:
  74 0000 0000     		.space	2
  75              		.text
  76              	.Letext0:
  77              		.file 2 "/usr/local/bin/gcc-arm-none-eabi-7-2018-q2-update/lib/gcc/arm-none-eabi/7.3.1/include/std
  78              		.file 3 "../system/include/modbus_rtu/rtu_register_data_t.h"
  79              		.file 4 "../system/include/modbus_rtu/rtu_exception_t.h"
  80              		.file 5 "../system/include/modbus_rtu/rtu_pool_queue_t.h"
  81              		.file 6 "../include/rte_rtu.h"
DEFINED SYMBOLS
                            *ABS*:0000000000000000 rte_rtu.c
     /tmp/ccZPhKVT.s:16     .text.rte_rtu_init:0000000000000000 $t
     /tmp/ccZPhKVT.s:23     .text.rte_rtu_init:0000000000000000 rte_rtu_init
     /tmp/ccZPhKVT.s:46     .text.rte_rtu_init:0000000000000010 $d
                            *COM*:0000000000000004 rte_rtu_last_modbus_exception_timestamp
                            *COM*:0000000000000004 rte_rtu_last_modbus_rx_error_timestamp
                            *COM*:0000000000000001 rte_rtu_last_modbus_exception
                            *COM*:0000000000000044 rte_rtu_pool_queue
                            *COM*:000000000000000a rte_wx_modbus_rtu_f6
                            *COM*:000000000000000a rte_wx_modbus_rtu_f5
                            *COM*:000000000000000a rte_wx_modbus_rtu_f4
                            *COM*:000000000000000a rte_wx_modbus_rtu_f3
                            *COM*:000000000000000a rte_wx_modbus_rtu_f2
                            *COM*:000000000000000a rte_wx_modbus_rtu_f1
     /tmp/ccZPhKVT.s:73     .bss.rte_rtu_number_of_successfull_serial_comm:0000000000000000 rte_rtu_number_of_successfull_serial_comm
     /tmp/ccZPhKVT.s:67     .bss.rte_rtu_number_of_serial_io_errors:0000000000000000 rte_rtu_number_of_serial_io_errors
     /tmp/ccZPhKVT.s:68     .bss.rte_rtu_number_of_serial_io_errors:0000000000000000 $d
     /tmp/ccZPhKVT.s:70     .bss.rte_rtu_number_of_successfull_serial_comm:0000000000000000 $d
                           .group:0000000000000000 wm4.0.879aed89c359f5856fe69c61b3590d34
                           .group:0000000000000000 wm4.station_config.h.9.39d8e1c3ae8d42c39bc1698d9fb88942
                           .group:0000000000000000 wm4.rtu_configuration.h.9.225559723a46d58da796e0ac6cb0b2ac
                           .group:0000000000000000 wm4.stdintgcc.h.29.6d480f4ba0f60596e88234283d42444f
                           .group:0000000000000000 wm4.config_data.h.9.cbb5077079a900a357fa92ca07074f04

NO UNDEFINED SYMBOLS
