   1              		.cpu cortex-m3
   2              		.eabi_attribute 20, 1
   3              		.eabi_attribute 21, 1
   4              		.eabi_attribute 23, 3
   5              		.eabi_attribute 24, 1
   6              		.eabi_attribute 25, 1
   7              		.eabi_attribute 26, 1
   8              		.eabi_attribute 30, 1
   9              		.eabi_attribute 34, 1
  10              		.eabi_attribute 18, 4
  11              		.file	"rte_wx.c"
  12              		.text
  13              	.Ltext0:
  14              		.cfi_sections	.debug_frame
  15              		.section	.text.rte_wx_init,"ax",%progbits
  16              		.align	1
  17              		.global	rte_wx_init
  18              		.syntax unified
  19              		.thumb
  20              		.thumb_func
  21              		.fpu softvfp
  23              	rte_wx_init:
  24              	.LFB91:
  25              		.file 1 "../src/rte_wx.c"
   1:../src/rte_wx.c **** /*
   2:../src/rte_wx.c ****  * rte_wx.c
   3:../src/rte_wx.c ****  *
   4:../src/rte_wx.c ****  *  Created on: 26.01.2019
   5:../src/rte_wx.c ****  *      Author: mateusz
   6:../src/rte_wx.c ****  */
   7:../src/rte_wx.c **** 
   8:../src/rte_wx.c **** 
   9:../src/rte_wx.c **** #include <rte_wx.h>
  10:../src/rte_wx.c **** #include <wx_handler.h>
  11:../src/rte_wx.c **** #include "main.h"
  12:../src/rte_wx.c **** 
  13:../src/rte_wx.c **** 
  14:../src/rte_wx.c **** float rte_wx_temperature_external = 0.0f, rte_wx_temperature_external_valid = 0.0f;
  15:../src/rte_wx.c **** float rte_wx_temperature_external_slew_rate = 0.0f;
  16:../src/rte_wx.c **** float rte_wx_temperature_average_external_valid = 0.0f;
  17:../src/rte_wx.c **** float rte_wx_temperature_min_external_valid = 0.0f, rte_wx_temperature_max_external_valid = 0.0f;
  18:../src/rte_wx.c **** float rte_wx_temperature_internal = 0.0f, rte_wx_temperature_internal_valid = 0.0f;
  19:../src/rte_wx.c **** float rte_wx_pressure = 0.0f, rte_wx_pressure_valid = 0.0f;
  20:../src/rte_wx.c **** float rte_wx_pressure_history[PRESSURE_AVERAGE_LN];
  21:../src/rte_wx.c **** uint8_t rte_wx_pressure_it;
  22:../src/rte_wx.c **** 
  23:../src/rte_wx.c **** uint16_t rte_wx_windspeed_pulses = 0;
  24:../src/rte_wx.c **** uint16_t rte_wx_windspeed[WIND_AVERAGE_LEN];
  25:../src/rte_wx.c **** uint8_t rte_wx_windspeed_it = 0;
  26:../src/rte_wx.c **** uint16_t rte_wx_winddirection[WIND_AVERAGE_LEN];
  27:../src/rte_wx.c **** uint8_t rte_wx_winddirection_it = 0;
  28:../src/rte_wx.c **** uint16_t rte_wx_winddirection_last = 0;
  29:../src/rte_wx.c **** uint16_t rte_wx_average_windspeed = 0;
  30:../src/rte_wx.c **** uint16_t rte_wx_max_windspeed = 0;
  31:../src/rte_wx.c **** uint16_t rte_wx_average_winddirection = 0;
  32:../src/rte_wx.c **** 
  33:../src/rte_wx.c **** int8_t rte_wx_humidity = 0, rte_wx_humidity_valid = 0;
  34:../src/rte_wx.c **** 
  35:../src/rte_wx.c **** dallas_qf_t rte_wx_current_dallas_qf, rte_wx_error_dallas_qf = DALLAS_QF_UNKNOWN;
  36:../src/rte_wx.c **** dallas_average_t rte_wx_dallas_average;
  37:../src/rte_wx.c **** ms5611_qf_t rte_wx_ms5611_qf = MS5611_QF_UNKNOWN;
  38:../src/rte_wx.c **** bme280_qf_t rte_wx_bme280_qf = BME280_QF_UKNOWN;
  39:../src/rte_wx.c **** analog_wind_qf_t rte_wx_wind_qf = AN_WIND_QF_UNKNOWN;
  40:../src/rte_wx.c **** 
  41:../src/rte_wx.c **** 
  42:../src/rte_wx.c **** umb_frame_t rte_wx_umb;
  43:../src/rte_wx.c **** umb_context_t rte_wx_umb_context;
  44:../src/rte_wx.c **** uint8_t rte_wx_umb_last_status = 0;
  45:../src/rte_wx.c **** int16_t rte_wx_umb_channel_values[UMB_CHANNELS_STORAGE_CAPAC][2];	// first dimension stores the cha
  46:../src/rte_wx.c **** 															// stores the value in 0.1 incremenets
  47:../src/rte_wx.c **** umb_qf_t rte_wx_umb_qf = UMB_QF_UNITIALIZED;
  48:../src/rte_wx.c **** 
  49:../src/rte_wx.c **** uint8_t rte_wx_davis_station_avaliable = 0;
  50:../src/rte_wx.c **** uint8_t rte_wx_davis_loop_packet_avaliable = 0;
  51:../src/rte_wx.c **** davis_loop_t rte_wx_davis_loop_content;
  52:../src/rte_wx.c **** 
  53:../src/rte_wx.c **** void rte_wx_init(void) {
  26              		.loc 1 53 0
  27              		.cfi_startproc
  28              		@ args = 0, pretend = 0, frame = 0
  29              		@ frame_needed = 0, uses_anonymous_args = 0
  30              		@ link register save eliminated.
  31              	.LVL0:
  54:../src/rte_wx.c **** 	int i = 0;
  32              		.loc 1 54 0
  33 0000 0023     		movs	r3, #0
  55:../src/rte_wx.c **** 
  56:../src/rte_wx.c **** 	for (; i < WIND_AVERAGE_LEN; i++) {
  34              		.loc 1 56 0
  35 0002 07E0     		b	.L2
  36              	.LVL1:
  37              	.L3:
  57:../src/rte_wx.c **** 		rte_wx_windspeed[i] = 0;
  38              		.loc 1 57 0 discriminator 2
  39 0004 0022     		movs	r2, #0
  40 0006 0A49     		ldr	r1, .L6
  41 0008 21F81320 		strh	r2, [r1, r3, lsl #1]	@ movhi
  58:../src/rte_wx.c **** 		rte_wx_winddirection[i] = 0;
  42              		.loc 1 58 0 discriminator 2
  43 000c 0949     		ldr	r1, .L6+4
  44 000e 21F81320 		strh	r2, [r1, r3, lsl #1]	@ movhi
  56:../src/rte_wx.c **** 		rte_wx_windspeed[i] = 0;
  45              		.loc 1 56 0 discriminator 2
  46 0012 0133     		adds	r3, r3, #1
  47              	.LVL2:
  48              	.L2:
  56:../src/rte_wx.c **** 		rte_wx_windspeed[i] = 0;
  49              		.loc 1 56 0 is_stmt 0 discriminator 1
  50 0014 112B     		cmp	r3, #17
  51 0016 F5DD     		ble	.L3
  59:../src/rte_wx.c **** 	}
  60:../src/rte_wx.c **** 
  61:../src/rte_wx.c **** 	rte_wx_pressure_it = 0;
  52              		.loc 1 61 0 is_stmt 1
  53 0018 0023     		movs	r3, #0
  54              	.LVL3:
  55 001a 074A     		ldr	r2, .L6+8
  56 001c 1370     		strb	r3, [r2]
  57              	.LVL4:
  62:../src/rte_wx.c **** 
  63:../src/rte_wx.c **** 	for (i = 0; i < 4; i++) {
  58              		.loc 1 63 0
  59 001e 04E0     		b	.L4
  60              	.LVL5:
  61              	.L5:
  64:../src/rte_wx.c **** 		rte_wx_pressure_history[i] = 0.0f;
  62              		.loc 1 64 0 discriminator 3
  63 0020 064A     		ldr	r2, .L6+12
  64 0022 0021     		movs	r1, #0
  65 0024 42F82310 		str	r1, [r2, r3, lsl #2]	@ float
  63:../src/rte_wx.c **** 		rte_wx_pressure_history[i] = 0.0f;
  66              		.loc 1 63 0 discriminator 3
  67 0028 0133     		adds	r3, r3, #1
  68              	.LVL6:
  69              	.L4:
  63:../src/rte_wx.c **** 		rte_wx_pressure_history[i] = 0.0f;
  70              		.loc 1 63 0 is_stmt 0 discriminator 1
  71 002a 032B     		cmp	r3, #3
  72 002c F8DD     		ble	.L5
  65:../src/rte_wx.c **** 	}
  66:../src/rte_wx.c **** 
  67:../src/rte_wx.c **** }
  73              		.loc 1 67 0 is_stmt 1
  74 002e 7047     		bx	lr
  75              	.L7:
  76              		.align	2
  77              	.L6:
  78 0030 00000000 		.word	rte_wx_windspeed
  79 0034 00000000 		.word	rte_wx_winddirection
  80 0038 00000000 		.word	rte_wx_pressure_it
  81 003c 00000000 		.word	rte_wx_pressure_history
  82              		.cfi_endproc
  83              	.LFE91:
  85              		.section	.text.rte_wx_update_last_measuremenet_timers,"ax",%progbits
  86              		.align	1
  87              		.global	rte_wx_update_last_measuremenet_timers
  88              		.syntax unified
  89              		.thumb
  90              		.thumb_func
  91              		.fpu softvfp
  93              	rte_wx_update_last_measuremenet_timers:
  94              	.LFB92:
  68:../src/rte_wx.c **** 
  69:../src/rte_wx.c **** void rte_wx_update_last_measuremenet_timers(uint16_t parameter_type) {
  95              		.loc 1 69 0
  96              		.cfi_startproc
  97              		@ args = 0, pretend = 0, frame = 0
  98              		@ frame_needed = 0, uses_anonymous_args = 0
  99              		@ link register save eliminated.
 100              	.LVL7:
  70:../src/rte_wx.c **** 	if (parameter_type == RTE_WX_MEASUREMENT_WIND)
 101              		.loc 1 70 0
 102 0000 B0F5E67F 		cmp	r0, #460
 103 0004 02D0     		beq	.L11
  71:../src/rte_wx.c **** 		wx_last_good_wind_time = master_time;
  72:../src/rte_wx.c **** 	else if (parameter_type == RTE_WX_MEASUREMENT_TEMPERATURE)
 104              		.loc 1 72 0
 105 0006 6428     		cmp	r0, #100
 106 0008 05D0     		beq	.L12
 107              	.L8:
  73:../src/rte_wx.c **** 		wx_last_good_temperature_time = master_time;
  74:../src/rte_wx.c **** 	else {
  75:../src/rte_wx.c **** 		;
  76:../src/rte_wx.c **** 	}
  77:../src/rte_wx.c **** }
 108              		.loc 1 77 0
 109 000a 7047     		bx	lr
 110              	.L11:
  71:../src/rte_wx.c **** 		wx_last_good_wind_time = master_time;
 111              		.loc 1 71 0
 112 000c 044B     		ldr	r3, .L13
 113 000e 1A68     		ldr	r2, [r3]
 114 0010 044B     		ldr	r3, .L13+4
 115 0012 1A60     		str	r2, [r3]
 116 0014 7047     		bx	lr
 117              	.L12:
  73:../src/rte_wx.c **** 		wx_last_good_temperature_time = master_time;
 118              		.loc 1 73 0
 119 0016 024B     		ldr	r3, .L13
 120 0018 1A68     		ldr	r2, [r3]
 121 001a 034B     		ldr	r3, .L13+8
 122 001c 1A60     		str	r2, [r3]
 123              		.loc 1 77 0
 124 001e F4E7     		b	.L8
 125              	.L14:
 126              		.align	2
 127              	.L13:
 128 0020 00000000 		.word	master_time
 129 0024 00000000 		.word	wx_last_good_wind_time
 130 0028 00000000 		.word	wx_last_good_temperature_time
 131              		.cfi_endproc
 132              	.LFE92:
 134              		.section	.text.rte_wx_reset_last_measuremenet_timers,"ax",%progbits
 135              		.align	1
 136              		.global	rte_wx_reset_last_measuremenet_timers
 137              		.syntax unified
 138              		.thumb
 139              		.thumb_func
 140              		.fpu softvfp
 142              	rte_wx_reset_last_measuremenet_timers:
 143              	.LFB93:
  78:../src/rte_wx.c **** 
  79:../src/rte_wx.c **** void rte_wx_reset_last_measuremenet_timers(uint16_t parameter_type) {
 144              		.loc 1 79 0
 145              		.cfi_startproc
 146              		@ args = 0, pretend = 0, frame = 0
 147              		@ frame_needed = 0, uses_anonymous_args = 0
 148              		@ link register save eliminated.
 149              	.LVL8:
  80:../src/rte_wx.c **** 	if (parameter_type == RTE_WX_MEASUREMENT_WIND)
 150              		.loc 1 80 0
 151 0000 B0F5E67F 		cmp	r0, #460
 152 0004 02D0     		beq	.L18
  81:../src/rte_wx.c **** 		wx_last_good_wind_time = 0xFFFFFFFF;
  82:../src/rte_wx.c **** 	else if (parameter_type == RTE_WX_MEASUREMENT_TEMPERATURE)
 153              		.loc 1 82 0
 154 0006 6428     		cmp	r0, #100
 155 0008 05D0     		beq	.L19
 156              	.L15:
  83:../src/rte_wx.c **** 		wx_last_good_temperature_time = 0xFFFFFFFF;
  84:../src/rte_wx.c **** 	else {
  85:../src/rte_wx.c **** 		;
  86:../src/rte_wx.c **** 	}
  87:../src/rte_wx.c **** }
 157              		.loc 1 87 0
 158 000a 7047     		bx	lr
 159              	.L18:
  81:../src/rte_wx.c **** 		wx_last_good_wind_time = 0xFFFFFFFF;
 160              		.loc 1 81 0
 161 000c 044B     		ldr	r3, .L20
 162 000e 4FF0FF32 		mov	r2, #-1
 163 0012 1A60     		str	r2, [r3]
 164 0014 7047     		bx	lr
 165              	.L19:
  83:../src/rte_wx.c **** 		wx_last_good_temperature_time = 0xFFFFFFFF;
 166              		.loc 1 83 0
 167 0016 034B     		ldr	r3, .L20+4
 168 0018 4FF0FF32 		mov	r2, #-1
 169 001c 1A60     		str	r2, [r3]
 170              		.loc 1 87 0
 171 001e F4E7     		b	.L15
 172              	.L21:
 173              		.align	2
 174              	.L20:
 175 0020 00000000 		.word	wx_last_good_wind_time
 176 0024 00000000 		.word	wx_last_good_temperature_time
 177              		.cfi_endproc
 178              	.LFE93:
 180              		.comm	rte_wx_davis_loop_content,20,4
 181              		.global	rte_wx_davis_loop_packet_avaliable
 182              		.global	rte_wx_davis_station_avaliable
 183              		.global	rte_wx_umb_qf
 184              		.comm	rte_wx_umb_channel_values,24,4
 185              		.global	rte_wx_umb_last_status
 186              		.comm	rte_wx_umb_context,48,4
 187              		.comm	rte_wx_umb,47,4
 188              		.global	rte_wx_wind_qf
 189              		.global	rte_wx_bme280_qf
 190              		.global	rte_wx_ms5611_qf
 191              		.comm	rte_wx_dallas_average,48,4
 192              		.global	rte_wx_error_dallas_qf
 193              		.comm	rte_wx_current_dallas_qf,1,1
 194              		.global	rte_wx_humidity_valid
 195              		.global	rte_wx_humidity
 196              		.global	rte_wx_average_winddirection
 197              		.global	rte_wx_max_windspeed
 198              		.global	rte_wx_average_windspeed
 199              		.global	rte_wx_winddirection_last
 200              		.global	rte_wx_winddirection_it
 201              		.comm	rte_wx_winddirection,36,4
 202              		.global	rte_wx_windspeed_it
 203              		.comm	rte_wx_windspeed,36,4
 204              		.global	rte_wx_windspeed_pulses
 205              		.comm	rte_wx_pressure_it,1,1
 206              		.comm	rte_wx_pressure_history,16,4
 207              		.global	rte_wx_pressure_valid
 208              		.global	rte_wx_pressure
 209              		.global	rte_wx_temperature_internal_valid
 210              		.global	rte_wx_temperature_internal
 211              		.global	rte_wx_temperature_max_external_valid
 212              		.global	rte_wx_temperature_min_external_valid
 213              		.global	rte_wx_temperature_average_external_valid
 214              		.global	rte_wx_temperature_external_slew_rate
 215              		.global	rte_wx_temperature_external_valid
 216              		.global	rte_wx_temperature_external
 217              		.section	.bss.rte_wx_average_winddirection,"aw",%nobits
 218              		.align	1
 221              	rte_wx_average_winddirection:
 222 0000 0000     		.space	2
 223              		.section	.bss.rte_wx_average_windspeed,"aw",%nobits
 224              		.align	1
 227              	rte_wx_average_windspeed:
 228 0000 0000     		.space	2
 229              		.section	.bss.rte_wx_davis_loop_packet_avaliable,"aw",%nobits
 232              	rte_wx_davis_loop_packet_avaliable:
 233 0000 00       		.space	1
 234              		.section	.bss.rte_wx_davis_station_avaliable,"aw",%nobits
 237              	rte_wx_davis_station_avaliable:
 238 0000 00       		.space	1
 239              		.section	.bss.rte_wx_error_dallas_qf,"aw",%nobits
 242              	rte_wx_error_dallas_qf:
 243 0000 00       		.space	1
 244              		.section	.bss.rte_wx_humidity,"aw",%nobits
 247              	rte_wx_humidity:
 248 0000 00       		.space	1
 249              		.section	.bss.rte_wx_humidity_valid,"aw",%nobits
 252              	rte_wx_humidity_valid:
 253 0000 00       		.space	1
 254              		.section	.bss.rte_wx_max_windspeed,"aw",%nobits
 255              		.align	1
 258              	rte_wx_max_windspeed:
 259 0000 0000     		.space	2
 260              		.section	.bss.rte_wx_ms5611_qf,"aw",%nobits
 263              	rte_wx_ms5611_qf:
 264 0000 00       		.space	1
 265              		.section	.bss.rte_wx_pressure,"aw",%nobits
 266              		.align	2
 269              	rte_wx_pressure:
 270 0000 00000000 		.space	4
 271              		.section	.bss.rte_wx_pressure_valid,"aw",%nobits
 272              		.align	2
 275              	rte_wx_pressure_valid:
 276 0000 00000000 		.space	4
 277              		.section	.bss.rte_wx_temperature_average_external_valid,"aw",%nobits
 278              		.align	2
 281              	rte_wx_temperature_average_external_valid:
 282 0000 00000000 		.space	4
 283              		.section	.bss.rte_wx_temperature_external,"aw",%nobits
 284              		.align	2
 287              	rte_wx_temperature_external:
 288 0000 00000000 		.space	4
 289              		.section	.bss.rte_wx_temperature_external_slew_rate,"aw",%nobits
 290              		.align	2
 293              	rte_wx_temperature_external_slew_rate:
 294 0000 00000000 		.space	4
 295              		.section	.bss.rte_wx_temperature_external_valid,"aw",%nobits
 296              		.align	2
 299              	rte_wx_temperature_external_valid:
 300 0000 00000000 		.space	4
 301              		.section	.bss.rte_wx_temperature_internal,"aw",%nobits
 302              		.align	2
 305              	rte_wx_temperature_internal:
 306 0000 00000000 		.space	4
 307              		.section	.bss.rte_wx_temperature_internal_valid,"aw",%nobits
 308              		.align	2
 311              	rte_wx_temperature_internal_valid:
 312 0000 00000000 		.space	4
 313              		.section	.bss.rte_wx_temperature_max_external_valid,"aw",%nobits
 314              		.align	2
 317              	rte_wx_temperature_max_external_valid:
 318 0000 00000000 		.space	4
 319              		.section	.bss.rte_wx_temperature_min_external_valid,"aw",%nobits
 320              		.align	2
 323              	rte_wx_temperature_min_external_valid:
 324 0000 00000000 		.space	4
 325              		.section	.bss.rte_wx_umb_last_status,"aw",%nobits
 328              	rte_wx_umb_last_status:
 329 0000 00       		.space	1
 330              		.section	.bss.rte_wx_winddirection_it,"aw",%nobits
 333              	rte_wx_winddirection_it:
 334 0000 00       		.space	1
 335              		.section	.bss.rte_wx_winddirection_last,"aw",%nobits
 336              		.align	1
 339              	rte_wx_winddirection_last:
 340 0000 0000     		.space	2
 341              		.section	.bss.rte_wx_windspeed_it,"aw",%nobits
 344              	rte_wx_windspeed_it:
 345 0000 00       		.space	1
 346              		.section	.bss.rte_wx_windspeed_pulses,"aw",%nobits
 347              		.align	1
 350              	rte_wx_windspeed_pulses:
 351 0000 0000     		.space	2
 352              		.section	.data.rte_wx_bme280_qf,"aw",%progbits
 355              	rte_wx_bme280_qf:
 356 0000 05       		.byte	5
 357              		.section	.data.rte_wx_umb_qf,"aw",%progbits
 360              	rte_wx_umb_qf:
 361 0000 04       		.byte	4
 362              		.section	.data.rte_wx_wind_qf,"aw",%progbits
 365              	rte_wx_wind_qf:
 366 0000 05       		.byte	5
 367              		.text
 368              	.Letext0:
 369              		.file 2 "/usr/local/bin/gcc-arm-none-eabi-7-2018-q2-update/lib/gcc/arm-none-eabi/7.3.1/include/std
 370              		.file 3 "../system/include/cmsis/core_cm3.h"
 371              		.file 4 "../system/include/cmsis/system_stm32f10x.h"
 372              		.file 5 "../system/include/cmsis/stm32f10x.h"
 373              		.file 6 "../system/include/drivers/dallas.h"
 374              		.file 7 "../system/include/drivers/analog_anemometer.h"
 375              		.file 8 "../system/include/davis_vantage/davis_loop_t.h"
 376              		.file 9 "../system/include/umb_master/umb_frame_t.h"
 377              		.file 10 "../system/include/umb_master/umb_state_t.h"
 378              		.file 11 "../system/include/drivers/serial.h"
 379              		.file 12 "../system/include/umb_master/umb_context_t.h"
 380              		.file 13 "../system/include/umb_master/umb_qf_t.h"
 381              		.file 14 "../include/config_data.h"
 382              		.file 15 "/usr/local/bin/gcc-arm-none-eabi-7-2018-q2-update/arm-none-eabi/include/sys/lock.h"
 383              		.file 16 "/usr/local/bin/gcc-arm-none-eabi-7-2018-q2-update/arm-none-eabi/include/sys/_types.h"
 384              		.file 17 "/usr/local/bin/gcc-arm-none-eabi-7-2018-q2-update/lib/gcc/arm-none-eabi/7.3.1/include/st
 385              		.file 18 "/usr/local/bin/gcc-arm-none-eabi-7-2018-q2-update/arm-none-eabi/include/sys/reent.h"
 386              		.file 19 "/usr/local/bin/gcc-arm-none-eabi-7-2018-q2-update/arm-none-eabi/include/math.h"
 387              		.file 20 "../system/include/drivers/ms5611.h"
 388              		.file 21 "../system/include/drivers/bme280.h"
 389              		.file 22 "../include/rte_wx.h"
 390              		.file 23 "../include/wx_handler.h"
 391              		.file 24 "../system/include/aprs/cfifo.h"
 392              		.file 25 "../system/include/aprs/afsk.h"
 393              		.file 26 "../system/include/aprs/ax25.h"
 394              		.file 27 "../include/main.h"
DEFINED SYMBOLS
                            *ABS*:0000000000000000 rte_wx.c
     /tmp/cc2UaOzB.s:16     .text.rte_wx_init:0000000000000000 $t
     /tmp/cc2UaOzB.s:23     .text.rte_wx_init:0000000000000000 rte_wx_init
     /tmp/cc2UaOzB.s:78     .text.rte_wx_init:0000000000000030 $d
                            *COM*:0000000000000024 rte_wx_windspeed
                            *COM*:0000000000000024 rte_wx_winddirection
                            *COM*:0000000000000001 rte_wx_pressure_it
                            *COM*:0000000000000010 rte_wx_pressure_history
     /tmp/cc2UaOzB.s:86     .text.rte_wx_update_last_measuremenet_timers:0000000000000000 $t
     /tmp/cc2UaOzB.s:93     .text.rte_wx_update_last_measuremenet_timers:0000000000000000 rte_wx_update_last_measuremenet_timers
     /tmp/cc2UaOzB.s:128    .text.rte_wx_update_last_measuremenet_timers:0000000000000020 $d
     /tmp/cc2UaOzB.s:135    .text.rte_wx_reset_last_measuremenet_timers:0000000000000000 $t
     /tmp/cc2UaOzB.s:142    .text.rte_wx_reset_last_measuremenet_timers:0000000000000000 rte_wx_reset_last_measuremenet_timers
     /tmp/cc2UaOzB.s:175    .text.rte_wx_reset_last_measuremenet_timers:0000000000000020 $d
                            *COM*:0000000000000014 rte_wx_davis_loop_content
     /tmp/cc2UaOzB.s:232    .bss.rte_wx_davis_loop_packet_avaliable:0000000000000000 rte_wx_davis_loop_packet_avaliable
     /tmp/cc2UaOzB.s:237    .bss.rte_wx_davis_station_avaliable:0000000000000000 rte_wx_davis_station_avaliable
     /tmp/cc2UaOzB.s:360    .data.rte_wx_umb_qf:0000000000000000 rte_wx_umb_qf
                            *COM*:0000000000000018 rte_wx_umb_channel_values
     /tmp/cc2UaOzB.s:328    .bss.rte_wx_umb_last_status:0000000000000000 rte_wx_umb_last_status
                            *COM*:0000000000000030 rte_wx_umb_context
                            *COM*:000000000000002f rte_wx_umb
     /tmp/cc2UaOzB.s:365    .data.rte_wx_wind_qf:0000000000000000 rte_wx_wind_qf
     /tmp/cc2UaOzB.s:355    .data.rte_wx_bme280_qf:0000000000000000 rte_wx_bme280_qf
     /tmp/cc2UaOzB.s:263    .bss.rte_wx_ms5611_qf:0000000000000000 rte_wx_ms5611_qf
                            *COM*:0000000000000030 rte_wx_dallas_average
     /tmp/cc2UaOzB.s:242    .bss.rte_wx_error_dallas_qf:0000000000000000 rte_wx_error_dallas_qf
                            *COM*:0000000000000001 rte_wx_current_dallas_qf
     /tmp/cc2UaOzB.s:252    .bss.rte_wx_humidity_valid:0000000000000000 rte_wx_humidity_valid
     /tmp/cc2UaOzB.s:247    .bss.rte_wx_humidity:0000000000000000 rte_wx_humidity
     /tmp/cc2UaOzB.s:221    .bss.rte_wx_average_winddirection:0000000000000000 rte_wx_average_winddirection
     /tmp/cc2UaOzB.s:258    .bss.rte_wx_max_windspeed:0000000000000000 rte_wx_max_windspeed
     /tmp/cc2UaOzB.s:227    .bss.rte_wx_average_windspeed:0000000000000000 rte_wx_average_windspeed
     /tmp/cc2UaOzB.s:339    .bss.rte_wx_winddirection_last:0000000000000000 rte_wx_winddirection_last
     /tmp/cc2UaOzB.s:333    .bss.rte_wx_winddirection_it:0000000000000000 rte_wx_winddirection_it
     /tmp/cc2UaOzB.s:344    .bss.rte_wx_windspeed_it:0000000000000000 rte_wx_windspeed_it
     /tmp/cc2UaOzB.s:350    .bss.rte_wx_windspeed_pulses:0000000000000000 rte_wx_windspeed_pulses
     /tmp/cc2UaOzB.s:275    .bss.rte_wx_pressure_valid:0000000000000000 rte_wx_pressure_valid
     /tmp/cc2UaOzB.s:269    .bss.rte_wx_pressure:0000000000000000 rte_wx_pressure
     /tmp/cc2UaOzB.s:311    .bss.rte_wx_temperature_internal_valid:0000000000000000 rte_wx_temperature_internal_valid
     /tmp/cc2UaOzB.s:305    .bss.rte_wx_temperature_internal:0000000000000000 rte_wx_temperature_internal
     /tmp/cc2UaOzB.s:317    .bss.rte_wx_temperature_max_external_valid:0000000000000000 rte_wx_temperature_max_external_valid
     /tmp/cc2UaOzB.s:323    .bss.rte_wx_temperature_min_external_valid:0000000000000000 rte_wx_temperature_min_external_valid
     /tmp/cc2UaOzB.s:281    .bss.rte_wx_temperature_average_external_valid:0000000000000000 rte_wx_temperature_average_external_valid
     /tmp/cc2UaOzB.s:293    .bss.rte_wx_temperature_external_slew_rate:0000000000000000 rte_wx_temperature_external_slew_rate
     /tmp/cc2UaOzB.s:299    .bss.rte_wx_temperature_external_valid:0000000000000000 rte_wx_temperature_external_valid
     /tmp/cc2UaOzB.s:287    .bss.rte_wx_temperature_external:0000000000000000 rte_wx_temperature_external
     /tmp/cc2UaOzB.s:218    .bss.rte_wx_average_winddirection:0000000000000000 $d
     /tmp/cc2UaOzB.s:224    .bss.rte_wx_average_windspeed:0000000000000000 $d
     /tmp/cc2UaOzB.s:233    .bss.rte_wx_davis_loop_packet_avaliable:0000000000000000 $d
     /tmp/cc2UaOzB.s:238    .bss.rte_wx_davis_station_avaliable:0000000000000000 $d
     /tmp/cc2UaOzB.s:243    .bss.rte_wx_error_dallas_qf:0000000000000000 $d
     /tmp/cc2UaOzB.s:248    .bss.rte_wx_humidity:0000000000000000 $d
     /tmp/cc2UaOzB.s:253    .bss.rte_wx_humidity_valid:0000000000000000 $d
     /tmp/cc2UaOzB.s:255    .bss.rte_wx_max_windspeed:0000000000000000 $d
     /tmp/cc2UaOzB.s:264    .bss.rte_wx_ms5611_qf:0000000000000000 $d
     /tmp/cc2UaOzB.s:266    .bss.rte_wx_pressure:0000000000000000 $d
     /tmp/cc2UaOzB.s:272    .bss.rte_wx_pressure_valid:0000000000000000 $d
     /tmp/cc2UaOzB.s:278    .bss.rte_wx_temperature_average_external_valid:0000000000000000 $d
     /tmp/cc2UaOzB.s:284    .bss.rte_wx_temperature_external:0000000000000000 $d
     /tmp/cc2UaOzB.s:290    .bss.rte_wx_temperature_external_slew_rate:0000000000000000 $d
     /tmp/cc2UaOzB.s:296    .bss.rte_wx_temperature_external_valid:0000000000000000 $d
     /tmp/cc2UaOzB.s:302    .bss.rte_wx_temperature_internal:0000000000000000 $d
     /tmp/cc2UaOzB.s:308    .bss.rte_wx_temperature_internal_valid:0000000000000000 $d
     /tmp/cc2UaOzB.s:314    .bss.rte_wx_temperature_max_external_valid:0000000000000000 $d
     /tmp/cc2UaOzB.s:320    .bss.rte_wx_temperature_min_external_valid:0000000000000000 $d
     /tmp/cc2UaOzB.s:329    .bss.rte_wx_umb_last_status:0000000000000000 $d
     /tmp/cc2UaOzB.s:334    .bss.rte_wx_winddirection_it:0000000000000000 $d
     /tmp/cc2UaOzB.s:336    .bss.rte_wx_winddirection_last:0000000000000000 $d
     /tmp/cc2UaOzB.s:345    .bss.rte_wx_windspeed_it:0000000000000000 $d
     /tmp/cc2UaOzB.s:347    .bss.rte_wx_windspeed_pulses:0000000000000000 $d
                           .group:0000000000000000 wm4.0.879aed89c359f5856fe69c61b3590d34
                           .group:0000000000000000 wm4.station_config.h.9.75b6c5687acc8f60d219d6a552b2bf59
                           .group:0000000000000000 wm4.stm32f10x.h.51.c58ea26c5150470d52680f0bbaa7049c
                           .group:0000000000000000 wm4.stdintgcc.h.29.6d480f4ba0f60596e88234283d42444f
                           .group:0000000000000000 wm4.core_cm3.h.82.57a0f9dd004efa579f86574376281d2f
                           .group:0000000000000000 wm4.cmsis_gcc.h.36.67d2dcde6a14ff518eedc1d545d89a76
                           .group:0000000000000000 wm4.core_cm3.h.183.ecfd9c316d6f10b73648f6e579b02c8b
                           .group:0000000000000000 wm4.stm32f10x.h.522.a925aafc848b1f088438cf0e9b167b78
                           .group:0000000000000000 wm4.stm32f10x_adc.h.89.9f2b285fa0070185d48a05b61a05798c
                           .group:0000000000000000 wm4.stm32f10x_bkp.h.25.4622919f1e30efdad5eb44e12edd5513
                           .group:0000000000000000 wm4.stm32f10x_can.h.25.e5e43f6bbc8fc7c8aa30ef2bc5610ced
                           .group:0000000000000000 wm4.stm32f10x_cec.h.25.8f03450e7bbb704d96e7bc73ec0f66a7
                           .group:0000000000000000 wm4.stm32f10x_dac.h.25.d946244edf026333094657d55ea894b8
                           .group:0000000000000000 wm4.stm32f10x_dbgmcu.h.25.d3351200fc7f9c8615d1ae81d40db08a
                           .group:0000000000000000 wm4.stm32f10x_dma.h.25.94e36204daa98cae5dcc70a10a9694d5
                           .group:0000000000000000 wm4.stm32f10x_exti.h.25.f52c69aad7d1994be5b2c4e2b8f4c595
                           .group:0000000000000000 wm4.stm32f10x_flash.h.25.4be61fcb02863962a1e006449d310650
                           .group:0000000000000000 wm4.stm32f10x_fsmc.h.25.bca154da2699cdb6024c0c6c4fc5aa89
                           .group:0000000000000000 wm4.stm32f10x_i2c.h.25.b124ac2c620f8ebddd92b6d95ca62176
                           .group:0000000000000000 wm4.stm32f10x_iwdg.h.25.da9374ab9856795610487f312ccf3122
                           .group:0000000000000000 wm4.stm32f10x_pwr.h.25.37ef75009f751ef5fe27910e0bf00a62
                           .group:0000000000000000 wm4.stm32f10x_rcc.h.25.fe8897e7491f2eb0cff54551d08eb765
                           .group:0000000000000000 wm4.stm32f10x_rtc.h.25.361142606ba98ddcd10369f321f6e636
                           .group:0000000000000000 wm4.stm32f10x_sdio.h.25.fb0db079f5c1412c40f359319f7c40b0
                           .group:0000000000000000 wm4.stm32f10x_spi.h.25.3f6dfa4abe177efb3c6f5a717c06b323
                           .group:0000000000000000 wm4.stm32f10x_tim.h.25.f709106ba77b314e6b070693f89f3c56
                           .group:0000000000000000 wm4.stm32f10x_usart.h.25.2e65e396239d0cc41fd0bf6faa2a32cb
                           .group:0000000000000000 wm4.stm32f10x_wwdg.h.25.dde12201d86b5aa9ecaafb5eccdc6549
                           .group:0000000000000000 wm4.misc.h.25.068e106f368fa5369a681ef57c106f4b
                           .group:0000000000000000 wm4.stm32f10x.h.8317.9a8e476d96d33bb2df9a9ad0775bd4a7
                           .group:0000000000000000 wm4.stm32f10x_gpio.h.46.4096b03458401eca76553253bd40f29d
                           .group:0000000000000000 wm4.dallas.h.19.15d389ea66759bb36d2e3183b267092a
                           .group:0000000000000000 wm4.analog_anemometer.h.9.8c21570f6fc3dcd7763ba4d0d5168e3c
                           .group:0000000000000000 wm4.umb_frame_t.h.9.05796095a57acd1575f07118cb6ab058
                           .group:0000000000000000 wm4.umb_defines.h.9.77e79b84cd2dd9a74204aaeb1ca9d6be
                           .group:0000000000000000 wm4.serial.h.2.3544b1c529a5f3b4e56f5aba673d9e30
                           .group:0000000000000000 wm4.config_data.h.9.6026a38cd2f39158a8fd50707ba1bf90
                           .group:0000000000000000 wm4._newlib_version.h.4.875b979a44719054cd750d0952ad3fd6
                           .group:0000000000000000 wm4.newlib.h.18.5e5ca3429233af402d406a202f1fc1ac
                           .group:0000000000000000 wm4.ieeefp.h.77.220d9cccac42cd58761758bee2df4ce6
                           .group:0000000000000000 wm4.features.h.22.fad1cec3bc7ff06488171438dbdcfd02
                           .group:0000000000000000 wm4.config.h.220.6cac6a9685cfce5e83c17784171638d9
                           .group:0000000000000000 wm4._ansi.h.31.de524f58584151836e90d8620a16f8e8
                           .group:0000000000000000 wm4.stddef.h.39.a38874c8f8a57e66301090908ec2a69f
                           .group:0000000000000000 wm4._default_types.h.6.959254cf5f09734ea7516c89e8bb21bd
                           .group:0000000000000000 wm4.lock.h.2.1461d1fff82dffe8bfddc23307f6484f
                           .group:0000000000000000 wm4._types.h.125.5cf8a495f1f7ef36777ad868a1e32068
                           .group:0000000000000000 wm4.stddef.h.161.5349cb105733e8777bfb0cf53c4e3f34
                           .group:0000000000000000 wm4._types.h.184.03611d4f6b5bec9997bcf4279eceba07
                           .group:0000000000000000 wm4.reent.h.17.90c2574d4acdcfce933db5cb09ff35fe
                           .group:0000000000000000 wm4.cdefs.h.47.0bcdf94cb40e176393dd1404056825b4
                           .group:0000000000000000 wm4.math.h.13.adb102f7bd7860b1f241e149d6914a1e
                           .group:0000000000000000 wm4.ms5611.h.13.84fbf6afa85557f675e3d85f1be6067c
                           .group:0000000000000000 wm4.bme280.h.9.aefe05f9329372f30337537cea488dce
                           .group:0000000000000000 wm4.rte_wx.h.30.cb80bd87f9fae81b43459954f1781e96
                           .group:0000000000000000 wm4.wx_handler.h.17.fa2077dbbd4afb2d90289f874af54dc5
                           .group:0000000000000000 wm4.stdbool.h.29.07dce69c3b78884144b7f7bd19483461
                           .group:0000000000000000 wm4.macros.h.2.7a7a5ac48d4160b7481c806e80b68442
                           .group:0000000000000000 wm4.config.h.2.f5e96167cb26b0ce97c5e7513a95bc8b
                           .group:0000000000000000 wm4.afsk.h.17.cf8f922069680e152e1eddb76cd4cc82
                           .group:0000000000000000 wm4.ax25.h.18.077e42a4af9016476e34900472a8fe18
                           .group:0000000000000000 wm4.main.h.8.3d6ad69e5f061008d8c5cc5f5c9dd15a

UNDEFINED SYMBOLS
master_time
wx_last_good_wind_time
wx_last_good_temperature_time
