   1              		.cpu cortex-m4
   2              		.eabi_attribute 27, 1
   3              		.eabi_attribute 28, 1
   4              		.eabi_attribute 20, 1
   5              		.eabi_attribute 21, 1
   6              		.eabi_attribute 23, 3
   7              		.eabi_attribute 24, 1
   8              		.eabi_attribute 25, 1
   9              		.eabi_attribute 26, 1
  10              		.eabi_attribute 30, 1
  11              		.eabi_attribute 34, 1
  12              		.eabi_attribute 18, 4
  13              		.file	"_sbrk.c"
  14              		.text
  15              	.Ltext0:
  16              		.cfi_sections	.debug_frame
  17              		.section	.text._sbrk,"ax",%progbits
  18              		.align	1
  19              		.global	_sbrk
  20              		.syntax unified
  21              		.thumb
  22              		.thumb_func
  23              		.fpu fpv4-sp-d16
  25              	_sbrk:
  26              	.LFB0:
  27              		.file 1 "../system/src/newlib/_sbrk.c"
   1:../system/src/newlib/_sbrk.c **** //
   2:../system/src/newlib/_sbrk.c **** // This file is part of the µOS++ III distribution.
   3:../system/src/newlib/_sbrk.c **** // Copyright (c) 2014 Liviu Ionescu.
   4:../system/src/newlib/_sbrk.c **** //
   5:../system/src/newlib/_sbrk.c **** 
   6:../system/src/newlib/_sbrk.c **** // ----------------------------------------------------------------------------
   7:../system/src/newlib/_sbrk.c **** 
   8:../system/src/newlib/_sbrk.c **** #include <sys/types.h>
   9:../system/src/newlib/_sbrk.c **** #include <errno.h>
  10:../system/src/newlib/_sbrk.c **** 
  11:../system/src/newlib/_sbrk.c **** // ----------------------------------------------------------------------------
  12:../system/src/newlib/_sbrk.c **** 
  13:../system/src/newlib/_sbrk.c **** caddr_t
  14:../system/src/newlib/_sbrk.c **** _sbrk(int incr);
  15:../system/src/newlib/_sbrk.c **** 
  16:../system/src/newlib/_sbrk.c **** // ----------------------------------------------------------------------------
  17:../system/src/newlib/_sbrk.c **** 
  18:../system/src/newlib/_sbrk.c **** // The definitions used here should be kept in sync with the
  19:../system/src/newlib/_sbrk.c **** // stack definitions in the linker script.
  20:../system/src/newlib/_sbrk.c **** 
  21:../system/src/newlib/_sbrk.c **** caddr_t
  22:../system/src/newlib/_sbrk.c **** _sbrk(int incr)
  23:../system/src/newlib/_sbrk.c **** {
  28              		.loc 1 23 0
  29              		.cfi_startproc
  30              		@ args = 0, pretend = 0, frame = 0
  31              		@ frame_needed = 0, uses_anonymous_args = 0
  32              	.LVL0:
  33 0000 08B5     		push	{r3, lr}
  34              		.cfi_def_cfa_offset 8
  35              		.cfi_offset 3, -8
  36              		.cfi_offset 14, -4
  37 0002 0346     		mov	r3, r0
  24:../system/src/newlib/_sbrk.c ****   extern char _Heap_Begin; // Defined by the linker.
  25:../system/src/newlib/_sbrk.c ****   extern char _Heap_Limit; // Defined by the linker.
  26:../system/src/newlib/_sbrk.c **** 
  27:../system/src/newlib/_sbrk.c ****   static char* current_heap_end;
  28:../system/src/newlib/_sbrk.c ****   char* current_block_address;
  29:../system/src/newlib/_sbrk.c **** 
  30:../system/src/newlib/_sbrk.c ****   if (current_heap_end == 0)
  38              		.loc 1 30 0
  39 0004 0C4A     		ldr	r2, .L8
  40 0006 1268     		ldr	r2, [r2]
  41 0008 5AB1     		cbz	r2, .L6
  42              	.L2:
  31:../system/src/newlib/_sbrk.c ****     {
  32:../system/src/newlib/_sbrk.c ****       current_heap_end = &_Heap_Begin;
  33:../system/src/newlib/_sbrk.c ****     }
  34:../system/src/newlib/_sbrk.c **** 
  35:../system/src/newlib/_sbrk.c ****   current_block_address = current_heap_end;
  43              		.loc 1 35 0
  44 000a 0B4A     		ldr	r2, .L8
  45 000c 1068     		ldr	r0, [r2]
  46              	.LVL1:
  36:../system/src/newlib/_sbrk.c **** 
  37:../system/src/newlib/_sbrk.c ****   // Need to align heap to word boundary, else will get
  38:../system/src/newlib/_sbrk.c ****   // hard faults on Cortex-M0. So we assume that heap starts on
  39:../system/src/newlib/_sbrk.c ****   // word boundary, hence make sure we always add a multiple of
  40:../system/src/newlib/_sbrk.c ****   // 4 to it.
  41:../system/src/newlib/_sbrk.c ****   incr = (incr + 3) & (~3); // align value to 4
  47              		.loc 1 41 0
  48 000e 0333     		adds	r3, r3, #3
  49              	.LVL2:
  50 0010 23F00303 		bic	r3, r3, #3
  51              	.LVL3:
  42:../system/src/newlib/_sbrk.c ****   if (current_heap_end + incr > &_Heap_Limit)
  52              		.loc 1 42 0
  53 0014 0344     		add	r3, r3, r0
  54              	.LVL4:
  55 0016 094A     		ldr	r2, .L8+4
  56 0018 9342     		cmp	r3, r2
  57 001a 06D8     		bhi	.L7
  43:../system/src/newlib/_sbrk.c ****     {
  44:../system/src/newlib/_sbrk.c ****       // Some of the libstdc++-v3 tests rely upon detecting
  45:../system/src/newlib/_sbrk.c ****       // out of memory errors, so do not abort here.
  46:../system/src/newlib/_sbrk.c **** #if 0
  47:../system/src/newlib/_sbrk.c ****       extern void abort (void);
  48:../system/src/newlib/_sbrk.c **** 
  49:../system/src/newlib/_sbrk.c ****       _write (1, "_sbrk: Heap and stack collision\n", 32);
  50:../system/src/newlib/_sbrk.c **** 
  51:../system/src/newlib/_sbrk.c ****       abort ();
  52:../system/src/newlib/_sbrk.c **** #else
  53:../system/src/newlib/_sbrk.c ****       // Heap has overflowed
  54:../system/src/newlib/_sbrk.c ****       errno = ENOMEM;
  55:../system/src/newlib/_sbrk.c ****       return (caddr_t) - 1;
  56:../system/src/newlib/_sbrk.c **** #endif
  57:../system/src/newlib/_sbrk.c ****     }
  58:../system/src/newlib/_sbrk.c **** 
  59:../system/src/newlib/_sbrk.c ****   current_heap_end += incr;
  58              		.loc 1 59 0
  59 001c 064A     		ldr	r2, .L8
  60 001e 1360     		str	r3, [r2]
  61              	.LVL5:
  62              	.L1:
  60:../system/src/newlib/_sbrk.c **** 
  61:../system/src/newlib/_sbrk.c ****   return (caddr_t) current_block_address;
  62:../system/src/newlib/_sbrk.c **** }
  63              		.loc 1 62 0
  64 0020 08BD     		pop	{r3, pc}
  65              	.LVL6:
  66              	.L6:
  32:../system/src/newlib/_sbrk.c ****     }
  67              		.loc 1 32 0
  68 0022 054A     		ldr	r2, .L8
  69 0024 0649     		ldr	r1, .L8+8
  70 0026 1160     		str	r1, [r2]
  71 0028 EFE7     		b	.L2
  72              	.LVL7:
  73              	.L7:
  54:../system/src/newlib/_sbrk.c ****       return (caddr_t) - 1;
  74              		.loc 1 54 0
  75 002a FFF7FEFF 		bl	__errno
  76              	.LVL8:
  77 002e 0C23     		movs	r3, #12
  78 0030 0360     		str	r3, [r0]
  55:../system/src/newlib/_sbrk.c **** #endif
  79              		.loc 1 55 0
  80 0032 4FF0FF30 		mov	r0, #-1
  81 0036 F3E7     		b	.L1
  82              	.L9:
  83              		.align	2
  84              	.L8:
  85 0038 00000000 		.word	.LANCHOR0
  86 003c 00000000 		.word	_Heap_Limit
  87 0040 00000000 		.word	_Heap_Begin
  88              		.cfi_endproc
  89              	.LFE0:
  91              		.section	.bss.current_heap_end.5236,"aw",%nobits
  92              		.align	2
  93              		.set	.LANCHOR0,. + 0
  96              	current_heap_end.5236:
  97 0000 00000000 		.space	4
  98              		.text
  99              	.Letext0:
 100              		.file 2 "/usr/local/bin/gcc-arm-none-eabi-7-2018-q2-update/arm-none-eabi/include/sys/lock.h"
 101              		.file 3 "/usr/local/bin/gcc-arm-none-eabi-7-2018-q2-update/arm-none-eabi/include/sys/_types.h"
 102              		.file 4 "/usr/local/bin/gcc-arm-none-eabi-7-2018-q2-update/lib/gcc/arm-none-eabi/7.3.1/include/std
 103              		.file 5 "/usr/local/bin/gcc-arm-none-eabi-7-2018-q2-update/arm-none-eabi/include/sys/types.h"
 104              		.file 6 "/usr/local/bin/gcc-arm-none-eabi-7-2018-q2-update/arm-none-eabi/include/sys/reent.h"
 105              		.file 7 "/usr/local/bin/gcc-arm-none-eabi-7-2018-q2-update/arm-none-eabi/include/sys/errno.h"
DEFINED SYMBOLS
                            *ABS*:0000000000000000 _sbrk.c
     /tmp/ccjtTClF.s:18     .text._sbrk:0000000000000000 $t
     /tmp/ccjtTClF.s:25     .text._sbrk:0000000000000000 _sbrk
     /tmp/ccjtTClF.s:85     .text._sbrk:0000000000000038 $d
     /tmp/ccjtTClF.s:92     .bss.current_heap_end.5236:0000000000000000 $d
     /tmp/ccjtTClF.s:96     .bss.current_heap_end.5236:0000000000000000 current_heap_end.5236
                           .group:0000000000000000 wm4.0.95bc707da9dcffdc6c8c58936cbc8421
                           .group:0000000000000000 wm4._newlib_version.h.4.875b979a44719054cd750d0952ad3fd6
                           .group:0000000000000000 wm4.newlib.h.18.5e5ca3429233af402d406a202f1fc1ac
                           .group:0000000000000000 wm4.ieeefp.h.77.220d9cccac42cd58761758bee2df4ce6
                           .group:0000000000000000 wm4.features.h.22.fad1cec3bc7ff06488171438dbdcfd02
                           .group:0000000000000000 wm4.config.h.220.6cac6a9685cfce5e83c17784171638d9
                           .group:0000000000000000 wm4._ansi.h.31.de524f58584151836e90d8620a16f8e8
                           .group:0000000000000000 wm4._default_types.h.6.959254cf5f09734ea7516c89e8bb21bd
                           .group:0000000000000000 wm4.stddef.h.39.a38874c8f8a57e66301090908ec2a69f
                           .group:0000000000000000 wm4.cdefs.h.47.0bcdf94cb40e176393dd1404056825b4
                           .group:0000000000000000 wm4.types.h.40.e8c16e7ec36ba55f133d0616070e25fc
                           .group:0000000000000000 wm4.lock.h.2.1461d1fff82dffe8bfddc23307f6484f
                           .group:0000000000000000 wm4._types.h.125.5cf8a495f1f7ef36777ad868a1e32068
                           .group:0000000000000000 wm4.stddef.h.161.5349cb105733e8777bfb0cf53c4e3f34
                           .group:0000000000000000 wm4._types.h.184.03611d4f6b5bec9997bcf4279eceba07
                           .group:0000000000000000 wm4._stdint.h.10.c24fa3af3bc1706662bb5593a907e841
                           .group:0000000000000000 wm4._endian.h.31.65a10590763c3dde1ac4a7f66d7d4891
                           .group:0000000000000000 wm4.endian.h.9.49f3a4695c1b61e8a0808de3c4a106cb
                           .group:0000000000000000 wm4._timeval.h.30.0e8bfd94e85db17dda3286ee81496fe6
                           .group:0000000000000000 wm4.timespec.h.41.d855182eb0e690443ab8651bcedca6e1
                           .group:0000000000000000 wm4.select.h.19.97ca6fd0c752a0f3b6719fd314d361e6
                           .group:0000000000000000 wm4.types.h.69.ed3eae3cf73030a737515151ebcab7a1
                           .group:0000000000000000 wm4.sched.h.22.c60982713a5c428609783c78f9c78d95
                           .group:0000000000000000 wm4._pthreadtypes.h.36.fcee9961c35163dde6267ef772ad1972
                           .group:0000000000000000 wm4.errno.h.2.ba016d646105af6cad23be83630b6a3f
                           .group:0000000000000000 wm4.reent.h.17.90c2574d4acdcfce933db5cb09ff35fe
                           .group:0000000000000000 wm4.errno.h.14.6a5939d3ae7434a1e97991a97123b12d

UNDEFINED SYMBOLS
__errno
_Heap_Limit
_Heap_Begin
