   1              		.cpu cortex-m4
   2              		.eabi_attribute 27, 1
   3              		.eabi_attribute 28, 1
   4              		.eabi_attribute 20, 1
   5              		.eabi_attribute 21, 1
   6              		.eabi_attribute 23, 3
   7              		.eabi_attribute 24, 1
   8              		.eabi_attribute 25, 1
   9              		.eabi_attribute 26, 1
  10              		.eabi_attribute 30, 1
  11              		.eabi_attribute 34, 1
  12              		.eabi_attribute 18, 4
  13              		.file	"assert.c"
  14              		.text
  15              	.Ltext0:
  16              		.cfi_sections	.debug_frame
  17              		.section	.text.__assert_func,"ax",%progbits
  18              		.align	1
  19              		.global	__assert_func
  20              		.syntax unified
  21              		.thumb
  22              		.thumb_func
  23              		.fpu fpv4-sp-d16
  25              	__assert_func:
  26              	.LFB6:
  27              		.file 1 "../system/src/newlib/assert.c"
   1:../system/src/newlib/assert.c **** //
   2:../system/src/newlib/assert.c **** // This file is part of the µOS++ III distribution.
   3:../system/src/newlib/assert.c **** // Copyright (c) 2014 Liviu Ionescu.
   4:../system/src/newlib/assert.c **** //
   5:../system/src/newlib/assert.c **** 
   6:../system/src/newlib/assert.c **** #include <assert.h>
   7:../system/src/newlib/assert.c **** #include <stdlib.h>
   8:../system/src/newlib/assert.c **** #include <stdint.h>
   9:../system/src/newlib/assert.c **** 
  10:../system/src/newlib/assert.c **** #include "diag/Trace.h"
  11:../system/src/newlib/assert.c **** 
  12:../system/src/newlib/assert.c **** // ----------------------------------------------------------------------------
  13:../system/src/newlib/assert.c **** 
  14:../system/src/newlib/assert.c **** void
  15:../system/src/newlib/assert.c **** __attribute__((noreturn))
  16:../system/src/newlib/assert.c **** __assert_func (const char *file, int line, const char *func,
  17:../system/src/newlib/assert.c ****                const char *failedexpr)
  18:../system/src/newlib/assert.c **** {
  28              		.loc 1 18 0
  29              		.cfi_startproc
  30              		@ Volatile: function does not return.
  31              		@ args = 0, pretend = 0, frame = 0
  32              		@ frame_needed = 0, uses_anonymous_args = 0
  33              	.LVL0:
  34 0000 08B5     		push	{r3, lr}
  35              		.cfi_def_cfa_offset 8
  36              		.cfi_offset 3, -8
  37              		.cfi_offset 14, -4
  19:../system/src/newlib/assert.c ****   trace_printf ("assertion \"%s\" failed: file \"%s\", line %d%s%s\n",
  20:../system/src/newlib/assert.c ****                 failedexpr, file, line, func ? ", function: " : "",
  21:../system/src/newlib/assert.c ****                 func ? func : "");
  22:../system/src/newlib/assert.c ****   abort ();
  38              		.loc 1 22 0
  39 0002 FFF7FEFF 		bl	abort
  40              	.LVL1:
  41              		.cfi_endproc
  42              	.LFE6:
  44              		.text
  45              	.Letext0:
  46              		.file 2 "/usr/local/bin/gcc-arm-none-eabi-7-2018-q2-update/arm-none-eabi/include/sys/lock.h"
  47              		.file 3 "/usr/local/bin/gcc-arm-none-eabi-7-2018-q2-update/arm-none-eabi/include/sys/_types.h"
  48              		.file 4 "/usr/local/bin/gcc-arm-none-eabi-7-2018-q2-update/lib/gcc/arm-none-eabi/7.3.1/include/std
  49              		.file 5 "/usr/local/bin/gcc-arm-none-eabi-7-2018-q2-update/arm-none-eabi/include/sys/reent.h"
  50              		.file 6 "/usr/local/bin/gcc-arm-none-eabi-7-2018-q2-update/arm-none-eabi/include/stdlib.h"
  51              		.file 7 "/usr/local/bin/gcc-arm-none-eabi-7-2018-q2-update/arm-none-eabi/include/sys/unistd.h"
  52              		.file 8 "/usr/local/bin/gcc-arm-none-eabi-7-2018-q2-update/arm-none-eabi/include/assert.h"
  53              		.file 9 "../system/include/diag/Trace.h"
DEFINED SYMBOLS
                            *ABS*:0000000000000000 assert.c
     /tmp/cc61gbis.s:18     .text.__assert_func:0000000000000000 $t
     /tmp/cc61gbis.s:25     .text.__assert_func:0000000000000000 __assert_func
                           .group:0000000000000000 wm4.0.95bc707da9dcffdc6c8c58936cbc8421
                           .group:0000000000000000 wm4._newlib_version.h.4.875b979a44719054cd750d0952ad3fd6
                           .group:0000000000000000 wm4.newlib.h.18.5e5ca3429233af402d406a202f1fc1ac
                           .group:0000000000000000 wm4.ieeefp.h.77.220d9cccac42cd58761758bee2df4ce6
                           .group:0000000000000000 wm4.features.h.22.fad1cec3bc7ff06488171438dbdcfd02
                           .group:0000000000000000 wm4.config.h.220.6cac6a9685cfce5e83c17784171638d9
                           .group:0000000000000000 wm4._ansi.h.31.de524f58584151836e90d8620a16f8e8
                           .group:0000000000000000 wm4.assert.h.11.db24e541f16414db224bf986d21017e2
                           .group:0000000000000000 wm4.stdlib.h.13.4ed386f5c1a80d71e72172885d946ef2
                           .group:0000000000000000 wm4.stddef.h.187.e1c83cba2098ce92b68f6311de19e6b1
                           .group:0000000000000000 wm4.stddef.h.39.57db33e786ccd422e31be63a26e19309
                           .group:0000000000000000 wm4._default_types.h.6.959254cf5f09734ea7516c89e8bb21bd
                           .group:0000000000000000 wm4.lock.h.2.1461d1fff82dffe8bfddc23307f6484f
                           .group:0000000000000000 wm4._types.h.125.5cf8a495f1f7ef36777ad868a1e32068
                           .group:0000000000000000 wm4.stddef.h.161.5349cb105733e8777bfb0cf53c4e3f34
                           .group:0000000000000000 wm4._types.h.184.03611d4f6b5bec9997bcf4279eceba07
                           .group:0000000000000000 wm4.reent.h.17.90c2574d4acdcfce933db5cb09ff35fe
                           .group:0000000000000000 wm4.cdefs.h.47.0bcdf94cb40e176393dd1404056825b4
                           .group:0000000000000000 wm4.alloca.h.8.dfc0c703c47ec3e69746825b17d9e66d
                           .group:0000000000000000 wm4.stdlib.h.56.d4493cd3736e51e9d56335045f26df45
                           .group:0000000000000000 wm4.stdintgcc.h.29.6d480f4ba0f60596e88234283d42444f
                           .group:0000000000000000 wm4.unistd.h.2.39165d5b7784d1815ef4b0c4be6df560
                           .group:0000000000000000 wm4.types.h.40.e8c16e7ec36ba55f133d0616070e25fc
                           .group:0000000000000000 wm4.stddef.h.161.19e15733342b50ead2919490b095303e
                           .group:0000000000000000 wm4._stdint.h.10.c24fa3af3bc1706662bb5593a907e841
                           .group:0000000000000000 wm4._endian.h.31.65a10590763c3dde1ac4a7f66d7d4891
                           .group:0000000000000000 wm4.endian.h.9.49f3a4695c1b61e8a0808de3c4a106cb
                           .group:0000000000000000 wm4._timeval.h.30.0e8bfd94e85db17dda3286ee81496fe6
                           .group:0000000000000000 wm4.timespec.h.41.d855182eb0e690443ab8651bcedca6e1
                           .group:0000000000000000 wm4.select.h.19.97ca6fd0c752a0f3b6719fd314d361e6
                           .group:0000000000000000 wm4.types.h.69.ed3eae3cf73030a737515151ebcab7a1
                           .group:0000000000000000 wm4.sched.h.22.c60982713a5c428609783c78f9c78d95
                           .group:0000000000000000 wm4._pthreadtypes.h.36.fcee9961c35163dde6267ef772ad1972
                           .group:0000000000000000 wm4.unistd.h.170.da6e816043042c61475c2b1f58468b37

UNDEFINED SYMBOLS
abort
