   1              		.cpu cortex-m3
   2              		.eabi_attribute 20, 1
   3              		.eabi_attribute 21, 1
   4              		.eabi_attribute 23, 3
   5              		.eabi_attribute 24, 1
   6              		.eabi_attribute 25, 1
   7              		.eabi_attribute 26, 1
   8              		.eabi_attribute 30, 1
   9              		.eabi_attribute 34, 1
  10              		.eabi_attribute 18, 4
  11              		.file	"crc.c"
  12              		.text
  13              	.Ltext0:
  14              		.cfi_sections	.debug_frame
  15              		.section	.text.updcrc_ccitt,"ax",%progbits
  16              		.align	1
  17              		.syntax unified
  18              		.thumb
  19              		.thumb_func
  20              		.fpu softvfp
  22              	updcrc_ccitt:
  23              	.LFB63:
  24              		.file 1 "../system/include/aprs/crc.h"
   1:../system/include/aprs/crc.h **** #ifndef CRC_H_
   2:../system/include/aprs/crc.h **** #define CRC_H_
   3:../system/include/aprs/crc.h **** 
   4:../system/include/aprs/crc.h **** #include "stm32f10x_conf.h"
   5:../system/include/aprs/crc.h **** 
   6:../system/include/aprs/crc.h **** #include <macros.h>
   7:../system/include/aprs/crc.h **** 
   8:../system/include/aprs/crc.h **** extern const uint16_t crc_ccitt_tab[256];
   9:../system/include/aprs/crc.h **** #ifdef __cplusplus
  10:../system/include/aprs/crc.h **** extern "C"
  11:../system/include/aprs/crc.h **** {
  12:../system/include/aprs/crc.h **** #endif
  13:../system/include/aprs/crc.h **** /**************************************************************************************************
  14:../system/include/aprs/crc.h **** static uint16_t updcrc_ccitt(uint8_t c, uint16_t oldcrc) {
  25              		.loc 1 14 0
  26              		.cfi_startproc
  27              		@ args = 0, pretend = 0, frame = 0
  28              		@ frame_needed = 0, uses_anonymous_args = 0
  29              		@ link register save eliminated.
  30              	.LVL0:
  15:../system/include/aprs/crc.h **** /**************************************************************************************************
  16:../system/include/aprs/crc.h **** 
  17:../system/include/aprs/crc.h **** 	return (oldcrc >> 8) ^ pgm_read16(&crc_ccitt_tab[(oldcrc ^ c) & 0xff]);
  31              		.loc 1 17 0
  32 0000 4840     		eors	r0, r0, r1
  33              	.LVL1:
  34 0002 C0B2     		uxtb	r0, r0
  35 0004 024B     		ldr	r3, .L2
  36 0006 33F81000 		ldrh	r0, [r3, r0, lsl #1]
  18:../system/include/aprs/crc.h **** }
  37              		.loc 1 18 0
  38 000a 80EA1120 		eor	r0, r0, r1, lsr #8
  39 000e 7047     		bx	lr
  40              	.L3:
  41              		.align	2
  42              	.L2:
  43 0010 00000000 		.word	.LANCHOR0
  44              		.cfi_endproc
  45              	.LFE63:
  47              		.section	.text.crc_ccitt,"ax",%progbits
  48              		.align	1
  49              		.global	crc_ccitt
  50              		.syntax unified
  51              		.thumb
  52              		.thumb_func
  53              		.fpu softvfp
  55              	crc_ccitt:
  56              	.LFB64:
  57              		.file 2 "../system/src/aprs/crc.c"
   1:../system/src/aprs/crc.c **** 
   2:../system/src/aprs/crc.c **** #include "crc.h"
   3:../system/src/aprs/crc.c **** 
   4:../system/src/aprs/crc.c **** const uint16_t crc_ccitt_tab[256] = {
   5:../system/src/aprs/crc.c **** 
   6:../system/src/aprs/crc.c **** 	0x0000, 0x1189, 0x2312, 0x329b, 0x4624, 0x57ad, 0x6536, 0x74bf,
   7:../system/src/aprs/crc.c **** 	0x8c48, 0x9dc1, 0xaf5a, 0xbed3, 0xca6c, 0xdbe5, 0xe97e, 0xf8f7,
   8:../system/src/aprs/crc.c **** 	0x1081, 0x0108, 0x3393, 0x221a, 0x56a5, 0x472c, 0x75b7, 0x643e,
   9:../system/src/aprs/crc.c **** 	0x9cc9, 0x8d40, 0xbfdb, 0xae52, 0xdaed, 0xcb64, 0xf9ff, 0xe876,
  10:../system/src/aprs/crc.c **** 	0x2102, 0x308b, 0x0210, 0x1399, 0x6726, 0x76af, 0x4434, 0x55bd,
  11:../system/src/aprs/crc.c **** 	0xad4a, 0xbcc3, 0x8e58, 0x9fd1, 0xeb6e, 0xfae7, 0xc87c, 0xd9f5,
  12:../system/src/aprs/crc.c **** 	0x3183, 0x200a, 0x1291, 0x0318, 0x77a7, 0x662e, 0x54b5, 0x453c,
  13:../system/src/aprs/crc.c **** 	0xbdcb, 0xac42, 0x9ed9, 0x8f50, 0xfbef, 0xea66, 0xd8fd, 0xc974,
  14:../system/src/aprs/crc.c **** 	0x4204, 0x538d, 0x6116, 0x709f, 0x0420, 0x15a9, 0x2732, 0x36bb,
  15:../system/src/aprs/crc.c **** 	0xce4c, 0xdfc5, 0xed5e, 0xfcd7, 0x8868, 0x99e1, 0xab7a, 0xbaf3,
  16:../system/src/aprs/crc.c **** 	0x5285, 0x430c, 0x7197, 0x601e, 0x14a1, 0x0528, 0x37b3, 0x263a,
  17:../system/src/aprs/crc.c **** 	0xdecd, 0xcf44, 0xfddf, 0xec56, 0x98e9, 0x8960, 0xbbfb, 0xaa72,
  18:../system/src/aprs/crc.c **** 	0x6306, 0x728f, 0x4014, 0x519d, 0x2522, 0x34ab, 0x0630, 0x17b9,
  19:../system/src/aprs/crc.c **** 	0xef4e, 0xfec7, 0xcc5c, 0xddd5, 0xa96a, 0xb8e3, 0x8a78, 0x9bf1,
  20:../system/src/aprs/crc.c **** 	0x7387, 0x620e, 0x5095, 0x411c, 0x35a3, 0x242a, 0x16b1, 0x0738,
  21:../system/src/aprs/crc.c **** 	0xffcf, 0xee46, 0xdcdd, 0xcd54, 0xb9eb, 0xa862, 0x9af9, 0x8b70,
  22:../system/src/aprs/crc.c **** 	0x8408, 0x9581, 0xa71a, 0xb693, 0xc22c, 0xd3a5, 0xe13e, 0xf0b7,
  23:../system/src/aprs/crc.c **** 	0x0840, 0x19c9, 0x2b52, 0x3adb, 0x4e64, 0x5fed, 0x6d76, 0x7cff,
  24:../system/src/aprs/crc.c **** 	0x9489, 0x8500, 0xb79b, 0xa612, 0xd2ad, 0xc324, 0xf1bf, 0xe036,
  25:../system/src/aprs/crc.c **** 	0x18c1, 0x0948, 0x3bd3, 0x2a5a, 0x5ee5, 0x4f6c, 0x7df7, 0x6c7e,
  26:../system/src/aprs/crc.c **** 	0xa50a, 0xb483, 0x8618, 0x9791, 0xe32e, 0xf2a7, 0xc03c, 0xd1b5,
  27:../system/src/aprs/crc.c **** 	0x2942, 0x38cb, 0x0a50, 0x1bd9, 0x6f66, 0x7eef, 0x4c74, 0x5dfd,
  28:../system/src/aprs/crc.c **** 	0xb58b, 0xa402, 0x9699, 0x8710, 0xf3af, 0xe226, 0xd0bd, 0xc134,
  29:../system/src/aprs/crc.c **** 	0x39c3, 0x284a, 0x1ad1, 0x0b58, 0x7fe7, 0x6e6e, 0x5cf5, 0x4d7c,
  30:../system/src/aprs/crc.c **** 	0xc60c, 0xd785, 0xe51e, 0xf497, 0x8028, 0x91a1, 0xa33a, 0xb2b3,
  31:../system/src/aprs/crc.c **** 	0x4a44, 0x5bcd, 0x6956, 0x78df, 0x0c60, 0x1de9, 0x2f72, 0x3efb,
  32:../system/src/aprs/crc.c **** 	0xd68d, 0xc704, 0xf59f, 0xe416, 0x90a9, 0x8120, 0xb3bb, 0xa232,
  33:../system/src/aprs/crc.c **** 	0x5ac5, 0x4b4c, 0x79d7, 0x685e, 0x1ce1, 0x0d68, 0x3ff3, 0x2e7a,
  34:../system/src/aprs/crc.c **** 	0xe70e, 0xf687, 0xc41c, 0xd595, 0xa12a, 0xb0a3, 0x8238, 0x93b1,
  35:../system/src/aprs/crc.c **** 	0x6b46, 0x7acf, 0x4854, 0x59dd, 0x2d62, 0x3ceb, 0x0e70, 0x1ff9,
  36:../system/src/aprs/crc.c **** 	0xf78f, 0xe606, 0xd49d, 0xc514, 0xb1ab, 0xa022, 0x92b9, 0x8330,
  37:../system/src/aprs/crc.c **** 	0x7bc7, 0x6a4e, 0x58d5, 0x495c, 0x3de3, 0x2c6a, 0x1ef1, 0x0f78,
  38:../system/src/aprs/crc.c **** 
  39:../system/src/aprs/crc.c **** };
  40:../system/src/aprs/crc.c **** 
  41:../system/src/aprs/crc.c **** 
  42:../system/src/aprs/crc.c **** /**************************************************************************************************
  43:../system/src/aprs/crc.c **** uint16_t crc_ccitt(uint16_t crc, const void *buffer, uint16_t len) {
  58              		.loc 2 43 0
  59              		.cfi_startproc
  60              		@ args = 0, pretend = 0, frame = 0
  61              		@ frame_needed = 0, uses_anonymous_args = 0
  62              	.LVL2:
  63 0000 70B5     		push	{r4, r5, r6, lr}
  64              		.cfi_def_cfa_offset 16
  65              		.cfi_offset 4, -16
  66              		.cfi_offset 5, -12
  67              		.cfi_offset 6, -8
  68              		.cfi_offset 14, -4
  69 0002 0D46     		mov	r5, r1
  70              	.LVL3:
  44:../system/src/aprs/crc.c **** /**************************************************************************************************
  45:../system/src/aprs/crc.c **** 
  46:../system/src/aprs/crc.c **** 	const unsigned char *buf = (const unsigned char *)buffer;
  47:../system/src/aprs/crc.c **** 
  48:../system/src/aprs/crc.c **** 	while (len--) crc = updcrc_ccitt(*buf++, crc);
  71              		.loc 2 48 0
  72 0004 06E0     		b	.L5
  73              	.LVL4:
  74              	.L6:
  75              		.loc 2 48 0 is_stmt 0 discriminator 2
  76 0006 6E1C     		adds	r6, r5, #1
  77              	.LVL5:
  78 0008 0146     		mov	r1, r0
  79 000a 2878     		ldrb	r0, [r5]	@ zero_extendqisi2
  80              	.LVL6:
  81 000c FFF7FEFF 		bl	updcrc_ccitt
  82              	.LVL7:
  83 0010 3546     		mov	r5, r6
  84 0012 2246     		mov	r2, r4
  85              	.LVL8:
  86              	.L5:
  87              		.loc 2 48 0 discriminator 1
  88 0014 531E     		subs	r3, r2, #1
  89 0016 9CB2     		uxth	r4, r3
  90              	.LVL9:
  91 0018 002A     		cmp	r2, #0
  92 001a F4D1     		bne	.L6
  49:../system/src/aprs/crc.c **** 
  50:../system/src/aprs/crc.c **** 	return crc;
  51:../system/src/aprs/crc.c **** 
  52:../system/src/aprs/crc.c **** }
  93              		.loc 2 52 0 is_stmt 1
  94 001c 70BD     		pop	{r4, r5, r6, pc}
  95              		.cfi_endproc
  96              	.LFE64:
  98              		.global	crc_ccitt_tab
  99              		.section	.rodata.crc_ccitt_tab,"a",%progbits
 100              		.align	2
 101              		.set	.LANCHOR0,. + 0
 104              	crc_ccitt_tab:
 105 0000 0000     		.short	0
 106 0002 8911     		.short	4489
 107 0004 1223     		.short	8978
 108 0006 9B32     		.short	12955
 109 0008 2446     		.short	17956
 110 000a AD57     		.short	22445
 111 000c 3665     		.short	25910
 112 000e BF74     		.short	29887
 113 0010 488C     		.short	-29624
 114 0012 C19D     		.short	-25151
 115 0014 5AAF     		.short	-20646
 116 0016 D3BE     		.short	-16685
 117 0018 6CCA     		.short	-13716
 118 001a E5DB     		.short	-9243
 119 001c 7EE9     		.short	-5762
 120 001e F7F8     		.short	-1801
 121 0020 8110     		.short	4225
 122 0022 0801     		.short	264
 123 0024 9333     		.short	13203
 124 0026 1A22     		.short	8730
 125 0028 A556     		.short	22181
 126 002a 2C47     		.short	18220
 127 002c B775     		.short	30135
 128 002e 3E64     		.short	25662
 129 0030 C99C     		.short	-25399
 130 0032 408D     		.short	-29376
 131 0034 DBBF     		.short	-16421
 132 0036 52AE     		.short	-20910
 133 0038 EDDA     		.short	-9491
 134 003a 64CB     		.short	-13468
 135 003c FFF9     		.short	-1537
 136 003e 76E8     		.short	-6026
 137 0040 0221     		.short	8450
 138 0042 8B30     		.short	12427
 139 0044 1002     		.short	528
 140 0046 9913     		.short	5017
 141 0048 2667     		.short	26406
 142 004a AF76     		.short	30383
 143 004c 3444     		.short	17460
 144 004e BD55     		.short	21949
 145 0050 4AAD     		.short	-21174
 146 0052 C3BC     		.short	-17213
 147 0054 588E     		.short	-29096
 148 0056 D19F     		.short	-24623
 149 0058 6EEB     		.short	-5266
 150 005a E7FA     		.short	-1305
 151 005c 7CC8     		.short	-14212
 152 005e F5D9     		.short	-9739
 153 0060 8331     		.short	12675
 154 0062 0A20     		.short	8202
 155 0064 9112     		.short	4753
 156 0066 1803     		.short	792
 157 0068 A777     		.short	30631
 158 006a 2E66     		.short	26158
 159 006c B554     		.short	21685
 160 006e 3C45     		.short	17724
 161 0070 CBBD     		.short	-16949
 162 0072 42AC     		.short	-21438
 163 0074 D99E     		.short	-24871
 164 0076 508F     		.short	-28848
 165 0078 EFFB     		.short	-1041
 166 007a 66EA     		.short	-5530
 167 007c FDD8     		.short	-9987
 168 007e 74C9     		.short	-13964
 169 0080 0442     		.short	16900
 170 0082 8D53     		.short	21389
 171 0084 1661     		.short	24854
 172 0086 9F70     		.short	28831
 173 0088 2004     		.short	1056
 174 008a A915     		.short	5545
 175 008c 3227     		.short	10034
 176 008e BB36     		.short	14011
 177 0090 4CCE     		.short	-12724
 178 0092 C5DF     		.short	-8251
 179 0094 5EED     		.short	-4770
 180 0096 D7FC     		.short	-809
 181 0098 6888     		.short	-30616
 182 009a E199     		.short	-26143
 183 009c 7AAB     		.short	-21638
 184 009e F3BA     		.short	-17677
 185 00a0 8552     		.short	21125
 186 00a2 0C43     		.short	17164
 187 00a4 9771     		.short	29079
 188 00a6 1E60     		.short	24606
 189 00a8 A114     		.short	5281
 190 00aa 2805     		.short	1320
 191 00ac B337     		.short	14259
 192 00ae 3A26     		.short	9786
 193 00b0 CDDE     		.short	-8499
 194 00b2 44CF     		.short	-12476
 195 00b4 DFFD     		.short	-545
 196 00b6 56EC     		.short	-5034
 197 00b8 E998     		.short	-26391
 198 00ba 6089     		.short	-30368
 199 00bc FBBB     		.short	-17413
 200 00be 72AA     		.short	-21902
 201 00c0 0663     		.short	25350
 202 00c2 8F72     		.short	29327
 203 00c4 1440     		.short	16404
 204 00c6 9D51     		.short	20893
 205 00c8 2225     		.short	9506
 206 00ca AB34     		.short	13483
 207 00cc 3006     		.short	1584
 208 00ce B917     		.short	6073
 209 00d0 4EEF     		.short	-4274
 210 00d2 C7FE     		.short	-313
 211 00d4 5CCC     		.short	-13220
 212 00d6 D5DD     		.short	-8747
 213 00d8 6AA9     		.short	-22166
 214 00da E3B8     		.short	-18205
 215 00dc 788A     		.short	-30088
 216 00de F19B     		.short	-25615
 217 00e0 8773     		.short	29575
 218 00e2 0E62     		.short	25102
 219 00e4 9550     		.short	20629
 220 00e6 1C41     		.short	16668
 221 00e8 A335     		.short	13731
 222 00ea 2A24     		.short	9258
 223 00ec B116     		.short	5809
 224 00ee 3807     		.short	1848
 225 00f0 CFFF     		.short	-49
 226 00f2 46EE     		.short	-4538
 227 00f4 DDDC     		.short	-8995
 228 00f6 54CD     		.short	-12972
 229 00f8 EBB9     		.short	-17941
 230 00fa 62A8     		.short	-22430
 231 00fc F99A     		.short	-25863
 232 00fe 708B     		.short	-29840
 233 0100 0884     		.short	-31736
 234 0102 8195     		.short	-27263
 235 0104 1AA7     		.short	-22758
 236 0106 93B6     		.short	-18797
 237 0108 2CC2     		.short	-15828
 238 010a A5D3     		.short	-11355
 239 010c 3EE1     		.short	-7874
 240 010e B7F0     		.short	-3913
 241 0110 4008     		.short	2112
 242 0112 C919     		.short	6601
 243 0114 522B     		.short	11090
 244 0116 DB3A     		.short	15067
 245 0118 644E     		.short	20068
 246 011a ED5F     		.short	24557
 247 011c 766D     		.short	28022
 248 011e FF7C     		.short	31999
 249 0120 8994     		.short	-27511
 250 0122 0085     		.short	-31488
 251 0124 9BB7     		.short	-18533
 252 0126 12A6     		.short	-23022
 253 0128 ADD2     		.short	-11603
 254 012a 24C3     		.short	-15580
 255 012c BFF1     		.short	-3649
 256 012e 36E0     		.short	-8138
 257 0130 C118     		.short	6337
 258 0132 4809     		.short	2376
 259 0134 D33B     		.short	15315
 260 0136 5A2A     		.short	10842
 261 0138 E55E     		.short	24293
 262 013a 6C4F     		.short	20332
 263 013c F77D     		.short	32247
 264 013e 7E6C     		.short	27774
 265 0140 0AA5     		.short	-23286
 266 0142 83B4     		.short	-19325
 267 0144 1886     		.short	-31208
 268 0146 9197     		.short	-26735
 269 0148 2EE3     		.short	-7378
 270 014a A7F2     		.short	-3417
 271 014c 3CC0     		.short	-16324
 272 014e B5D1     		.short	-11851
 273 0150 4229     		.short	10562
 274 0152 CB38     		.short	14539
 275 0154 500A     		.short	2640
 276 0156 D91B     		.short	7129
 277 0158 666F     		.short	28518
 278 015a EF7E     		.short	32495
 279 015c 744C     		.short	19572
 280 015e FD5D     		.short	24061
 281 0160 8BB5     		.short	-19061
 282 0162 02A4     		.short	-23550
 283 0164 9996     		.short	-26983
 284 0166 1087     		.short	-30960
 285 0168 AFF3     		.short	-3153
 286 016a 26E2     		.short	-7642
 287 016c BDD0     		.short	-12099
 288 016e 34C1     		.short	-16076
 289 0170 C339     		.short	14787
 290 0172 4A28     		.short	10314
 291 0174 D11A     		.short	6865
 292 0176 580B     		.short	2904
 293 0178 E77F     		.short	32743
 294 017a 6E6E     		.short	28270
 295 017c F55C     		.short	23797
 296 017e 7C4D     		.short	19836
 297 0180 0CC6     		.short	-14836
 298 0182 85D7     		.short	-10363
 299 0184 1EE5     		.short	-6882
 300 0186 97F4     		.short	-2921
 301 0188 2880     		.short	-32728
 302 018a A191     		.short	-28255
 303 018c 3AA3     		.short	-23750
 304 018e B3B2     		.short	-19789
 305 0190 444A     		.short	19012
 306 0192 CD5B     		.short	23501
 307 0194 5669     		.short	26966
 308 0196 DF78     		.short	30943
 309 0198 600C     		.short	3168
 310 019a E91D     		.short	7657
 311 019c 722F     		.short	12146
 312 019e FB3E     		.short	16123
 313 01a0 8DD6     		.short	-10611
 314 01a2 04C7     		.short	-14588
 315 01a4 9FF5     		.short	-2657
 316 01a6 16E4     		.short	-7146
 317 01a8 A990     		.short	-28503
 318 01aa 2081     		.short	-32480
 319 01ac BBB3     		.short	-19525
 320 01ae 32A2     		.short	-24014
 321 01b0 C55A     		.short	23237
 322 01b2 4C4B     		.short	19276
 323 01b4 D779     		.short	31191
 324 01b6 5E68     		.short	26718
 325 01b8 E11C     		.short	7393
 326 01ba 680D     		.short	3432
 327 01bc F33F     		.short	16371
 328 01be 7A2E     		.short	11898
 329 01c0 0EE7     		.short	-6386
 330 01c2 87F6     		.short	-2425
 331 01c4 1CC4     		.short	-15332
 332 01c6 95D5     		.short	-10859
 333 01c8 2AA1     		.short	-24278
 334 01ca A3B0     		.short	-20317
 335 01cc 3882     		.short	-32200
 336 01ce B193     		.short	-27727
 337 01d0 466B     		.short	27462
 338 01d2 CF7A     		.short	31439
 339 01d4 5448     		.short	18516
 340 01d6 DD59     		.short	23005
 341 01d8 622D     		.short	11618
 342 01da EB3C     		.short	15595
 343 01dc 700E     		.short	3696
 344 01de F91F     		.short	8185
 345 01e0 8FF7     		.short	-2161
 346 01e2 06E6     		.short	-6650
 347 01e4 9DD4     		.short	-11107
 348 01e6 14C5     		.short	-15084
 349 01e8 ABB1     		.short	-20053
 350 01ea 22A0     		.short	-24542
 351 01ec B992     		.short	-27975
 352 01ee 3083     		.short	-31952
 353 01f0 C77B     		.short	31687
 354 01f2 4E6A     		.short	27214
 355 01f4 D558     		.short	22741
 356 01f6 5C49     		.short	18780
 357 01f8 E33D     		.short	15843
 358 01fa 6A2C     		.short	11370
 359 01fc F11E     		.short	7921
 360 01fe 780F     		.short	3960
 361              		.text
 362              	.Letext0:
 363              		.file 3 "/usr/local/bin/gcc-arm-none-eabi-7-2018-q2-update/lib/gcc/arm-none-eabi/7.3.1/include/std
 364              		.file 4 "../system/include/cmsis/core_cm3.h"
 365              		.file 5 "../system/include/cmsis/system_stm32f10x.h"
DEFINED SYMBOLS
                            *ABS*:0000000000000000 crc.c
     /tmp/cc0YMuqu.s:16     .text.updcrc_ccitt:0000000000000000 $t
     /tmp/cc0YMuqu.s:22     .text.updcrc_ccitt:0000000000000000 updcrc_ccitt
     /tmp/cc0YMuqu.s:43     .text.updcrc_ccitt:0000000000000010 $d
     /tmp/cc0YMuqu.s:48     .text.crc_ccitt:0000000000000000 $t
     /tmp/cc0YMuqu.s:55     .text.crc_ccitt:0000000000000000 crc_ccitt
     /tmp/cc0YMuqu.s:104    .rodata.crc_ccitt_tab:0000000000000000 crc_ccitt_tab
     /tmp/cc0YMuqu.s:100    .rodata.crc_ccitt_tab:0000000000000000 $d
                           .group:0000000000000000 wm4.0.879aed89c359f5856fe69c61b3590d34
                           .group:0000000000000000 wm4.stm32f10x.h.51.c58ea26c5150470d52680f0bbaa7049c
                           .group:0000000000000000 wm4.stdintgcc.h.29.6d480f4ba0f60596e88234283d42444f
                           .group:0000000000000000 wm4.core_cm3.h.82.57a0f9dd004efa579f86574376281d2f
                           .group:0000000000000000 wm4.cmsis_gcc.h.36.67d2dcde6a14ff518eedc1d545d89a76
                           .group:0000000000000000 wm4.core_cm3.h.183.ecfd9c316d6f10b73648f6e579b02c8b
                           .group:0000000000000000 wm4.stm32f10x.h.522.a925aafc848b1f088438cf0e9b167b78
                           .group:0000000000000000 wm4.stm32f10x.h.8317.9a8e476d96d33bb2df9a9ad0775bd4a7
                           .group:0000000000000000 wm4.stm32f10x_adc.h.89.9f2b285fa0070185d48a05b61a05798c
                           .group:0000000000000000 wm4.stm32f10x_bkp.h.25.4622919f1e30efdad5eb44e12edd5513
                           .group:0000000000000000 wm4.stm32f10x_can.h.25.e5e43f6bbc8fc7c8aa30ef2bc5610ced
                           .group:0000000000000000 wm4.stm32f10x_cec.h.25.8f03450e7bbb704d96e7bc73ec0f66a7
                           .group:0000000000000000 wm4.stm32f10x_dac.h.25.d946244edf026333094657d55ea894b8
                           .group:0000000000000000 wm4.stm32f10x_dbgmcu.h.25.d3351200fc7f9c8615d1ae81d40db08a
                           .group:0000000000000000 wm4.stm32f10x_dma.h.25.94e36204daa98cae5dcc70a10a9694d5
                           .group:0000000000000000 wm4.stm32f10x_exti.h.25.f52c69aad7d1994be5b2c4e2b8f4c595
                           .group:0000000000000000 wm4.stm32f10x_flash.h.25.4be61fcb02863962a1e006449d310650
                           .group:0000000000000000 wm4.stm32f10x_fsmc.h.25.bca154da2699cdb6024c0c6c4fc5aa89
                           .group:0000000000000000 wm4.stm32f10x_gpio.h.25.80c981af0e637567395034c576cfb3ce
                           .group:0000000000000000 wm4.stm32f10x_i2c.h.25.b124ac2c620f8ebddd92b6d95ca62176
                           .group:0000000000000000 wm4.stm32f10x_iwdg.h.25.da9374ab9856795610487f312ccf3122
                           .group:0000000000000000 wm4.stm32f10x_pwr.h.25.37ef75009f751ef5fe27910e0bf00a62
                           .group:0000000000000000 wm4.stm32f10x_rcc.h.25.fe8897e7491f2eb0cff54551d08eb765
                           .group:0000000000000000 wm4.stm32f10x_rtc.h.25.361142606ba98ddcd10369f321f6e636
                           .group:0000000000000000 wm4.stm32f10x_sdio.h.25.fb0db079f5c1412c40f359319f7c40b0
                           .group:0000000000000000 wm4.stm32f10x_spi.h.25.3f6dfa4abe177efb3c6f5a717c06b323
                           .group:0000000000000000 wm4.stm32f10x_tim.h.25.f709106ba77b314e6b070693f89f3c56
                           .group:0000000000000000 wm4.stm32f10x_usart.h.25.2e65e396239d0cc41fd0bf6faa2a32cb
                           .group:0000000000000000 wm4.stm32f10x_wwdg.h.25.dde12201d86b5aa9ecaafb5eccdc6549
                           .group:0000000000000000 wm4.misc.h.25.068e106f368fa5369a681ef57c106f4b
                           .group:0000000000000000 wm4.macros.h.2.7a7a5ac48d4160b7481c806e80b68442

NO UNDEFINED SYMBOLS
