   1              		.cpu cortex-m3
   2              		.eabi_attribute 20, 1
   3              		.eabi_attribute 21, 1
   4              		.eabi_attribute 23, 3
   5              		.eabi_attribute 24, 1
   6              		.eabi_attribute 25, 1
   7              		.eabi_attribute 26, 1
   8              		.eabi_attribute 30, 1
   9              		.eabi_attribute 34, 1
  10              		.eabi_attribute 18, 4
  11              		.file	"_exit.c"
  12              		.text
  13              	.Ltext0:
  14              		.cfi_sections	.debug_frame
  15              		.section	.text._exit,"ax",%progbits
  16              		.align	1
  17              		.weak	_exit
  18              		.syntax unified
  19              		.thumb
  20              		.thumb_func
  21              		.fpu softvfp
  23              	_exit:
  24              	.LFB0:
  25              		.file 1 "../system/src/newlib/_exit.c"
   1:../system/src/newlib/_exit.c **** //
   2:../system/src/newlib/_exit.c **** // This file is part of the µOS++ III distribution.
   3:../system/src/newlib/_exit.c **** // Copyright (c) 2014 Liviu Ionescu.
   4:../system/src/newlib/_exit.c **** //
   5:../system/src/newlib/_exit.c **** 
   6:../system/src/newlib/_exit.c **** // ----------------------------------------------------------------------------
   7:../system/src/newlib/_exit.c **** 
   8:../system/src/newlib/_exit.c **** #include <stdlib.h>
   9:../system/src/newlib/_exit.c **** #include "diag/Trace.h"
  10:../system/src/newlib/_exit.c **** 
  11:../system/src/newlib/_exit.c **** // ----------------------------------------------------------------------------
  12:../system/src/newlib/_exit.c **** 
  13:../system/src/newlib/_exit.c **** #if !defined(DEBUG)
  14:../system/src/newlib/_exit.c **** extern void
  15:../system/src/newlib/_exit.c **** __attribute__((noreturn))
  16:../system/src/newlib/_exit.c **** __reset_hardware(void);
  17:../system/src/newlib/_exit.c **** #endif
  18:../system/src/newlib/_exit.c **** 
  19:../system/src/newlib/_exit.c **** // ----------------------------------------------------------------------------
  20:../system/src/newlib/_exit.c **** 
  21:../system/src/newlib/_exit.c **** // Forward declaration
  22:../system/src/newlib/_exit.c **** 
  23:../system/src/newlib/_exit.c **** void
  24:../system/src/newlib/_exit.c **** _exit(int code);
  25:../system/src/newlib/_exit.c **** 
  26:../system/src/newlib/_exit.c **** // ----------------------------------------------------------------------------
  27:../system/src/newlib/_exit.c **** 
  28:../system/src/newlib/_exit.c **** // On Release, call the hardware reset procedure.
  29:../system/src/newlib/_exit.c **** // On Debug we just enter an infinite loop, to be used as landmark when halting
  30:../system/src/newlib/_exit.c **** // the debugger.
  31:../system/src/newlib/_exit.c **** //
  32:../system/src/newlib/_exit.c **** // It can be redefined in the application, if more functionality
  33:../system/src/newlib/_exit.c **** // is required.
  34:../system/src/newlib/_exit.c **** 
  35:../system/src/newlib/_exit.c **** void
  36:../system/src/newlib/_exit.c **** __attribute__((weak))
  37:../system/src/newlib/_exit.c **** _exit(int code __attribute__((unused)))
  38:../system/src/newlib/_exit.c **** {
  26              		.loc 1 38 0
  27              		.cfi_startproc
  28              		@ Volatile: function does not return.
  29              		@ args = 0, pretend = 0, frame = 0
  30              		@ frame_needed = 0, uses_anonymous_args = 0
  31              		@ link register save eliminated.
  32              	.LVL0:
  33              	.L2:
  34 0000 FEE7     		b	.L2
  35              		.cfi_endproc
  36              	.LFE0:
  38              		.section	.text.abort,"ax",%progbits
  39              		.align	1
  40              		.weak	abort
  41              		.syntax unified
  42              		.thumb
  43              		.thumb_func
  44              		.fpu softvfp
  46              	abort:
  47              	.LFB1:
  39:../system/src/newlib/_exit.c **** #if !defined(DEBUG)
  40:../system/src/newlib/_exit.c ****   __reset_hardware();
  41:../system/src/newlib/_exit.c **** #endif
  42:../system/src/newlib/_exit.c **** 
  43:../system/src/newlib/_exit.c ****   // TODO: write on trace
  44:../system/src/newlib/_exit.c ****   while (1)
  45:../system/src/newlib/_exit.c ****     ;
  46:../system/src/newlib/_exit.c **** }
  47:../system/src/newlib/_exit.c **** 
  48:../system/src/newlib/_exit.c **** // ----------------------------------------------------------------------------
  49:../system/src/newlib/_exit.c **** 
  50:../system/src/newlib/_exit.c **** void
  51:../system/src/newlib/_exit.c **** __attribute__((weak,noreturn))
  52:../system/src/newlib/_exit.c **** abort(void)
  53:../system/src/newlib/_exit.c **** {
  48              		.loc 1 53 0
  49              		.cfi_startproc
  50              		@ Volatile: function does not return.
  51              		@ args = 0, pretend = 0, frame = 0
  52              		@ frame_needed = 0, uses_anonymous_args = 0
  53              		.loc 1 53 0
  54 0000 08B5     		push	{r3, lr}
  55              		.cfi_def_cfa_offset 8
  56              		.cfi_offset 3, -8
  57              		.cfi_offset 14, -4
  54:../system/src/newlib/_exit.c ****   trace_puts("abort(), exiting...");
  58              		.loc 1 54 0
  59 0002 0348     		ldr	r0, .L5
  60 0004 FFF7FEFF 		bl	trace_puts
  61              	.LVL1:
  55:../system/src/newlib/_exit.c **** 
  56:../system/src/newlib/_exit.c ****   _exit(1);
  62              		.loc 1 56 0
  63 0008 0120     		movs	r0, #1
  64 000a FFF7FEFF 		bl	_exit
  65              	.LVL2:
  66              	.L6:
  67 000e 00BF     		.align	2
  68              	.L5:
  69 0010 00000000 		.word	.LC0
  70              		.cfi_endproc
  71              	.LFE1:
  73              		.section	.rodata.abort.str1.4,"aMS",%progbits,1
  74              		.align	2
  75              	.LC0:
  76 0000 61626F72 		.ascii	"abort(), exiting...\000"
  76      7428292C 
  76      20657869 
  76      74696E67 
  76      2E2E2E00 
  77              		.text
  78              	.Letext0:
  79              		.file 2 "/usr/local/bin/gcc-arm-none-eabi-7-2018-q2-update/arm-none-eabi/include/sys/lock.h"
  80              		.file 3 "/usr/local/bin/gcc-arm-none-eabi-7-2018-q2-update/arm-none-eabi/include/sys/_types.h"
  81              		.file 4 "/usr/local/bin/gcc-arm-none-eabi-7-2018-q2-update/lib/gcc/arm-none-eabi/7.3.1/include/std
  82              		.file 5 "/usr/local/bin/gcc-arm-none-eabi-7-2018-q2-update/arm-none-eabi/include/sys/reent.h"
  83              		.file 6 "/usr/local/bin/gcc-arm-none-eabi-7-2018-q2-update/arm-none-eabi/include/stdlib.h"
  84              		.file 7 "/usr/local/bin/gcc-arm-none-eabi-7-2018-q2-update/arm-none-eabi/include/sys/unistd.h"
  85              		.file 8 "../system/include/diag/Trace.h"
DEFINED SYMBOLS
                            *ABS*:0000000000000000 _exit.c
     /tmp/ccnnPdLJ.s:16     .text._exit:0000000000000000 $t
     /tmp/ccnnPdLJ.s:23     .text._exit:0000000000000000 _exit
     /tmp/ccnnPdLJ.s:39     .text.abort:0000000000000000 $t
     /tmp/ccnnPdLJ.s:46     .text.abort:0000000000000000 abort
     /tmp/ccnnPdLJ.s:69     .text.abort:0000000000000010 $d
     /tmp/ccnnPdLJ.s:74     .rodata.abort.str1.4:0000000000000000 $d
                           .group:0000000000000000 wm4.0.879aed89c359f5856fe69c61b3590d34
                           .group:0000000000000000 wm4.ieeefp.h.77.220d9cccac42cd58761758bee2df4ce6
                           .group:0000000000000000 wm4._newlib_version.h.4.875b979a44719054cd750d0952ad3fd6
                           .group:0000000000000000 wm4.newlib.h.18.5e5ca3429233af402d406a202f1fc1ac
                           .group:0000000000000000 wm4.features.h.22.fad1cec3bc7ff06488171438dbdcfd02
                           .group:0000000000000000 wm4.config.h.220.6cac6a9685cfce5e83c17784171638d9
                           .group:0000000000000000 wm4._ansi.h.31.de524f58584151836e90d8620a16f8e8
                           .group:0000000000000000 wm4.stdlib.h.13.4ed386f5c1a80d71e72172885d946ef2
                           .group:0000000000000000 wm4.stddef.h.187.e1c83cba2098ce92b68f6311de19e6b1
                           .group:0000000000000000 wm4.stddef.h.39.57db33e786ccd422e31be63a26e19309
                           .group:0000000000000000 wm4._default_types.h.6.959254cf5f09734ea7516c89e8bb21bd
                           .group:0000000000000000 wm4.lock.h.2.1461d1fff82dffe8bfddc23307f6484f
                           .group:0000000000000000 wm4._types.h.125.5cf8a495f1f7ef36777ad868a1e32068
                           .group:0000000000000000 wm4.stddef.h.161.5349cb105733e8777bfb0cf53c4e3f34
                           .group:0000000000000000 wm4._types.h.184.03611d4f6b5bec9997bcf4279eceba07
                           .group:0000000000000000 wm4.reent.h.17.90c2574d4acdcfce933db5cb09ff35fe
                           .group:0000000000000000 wm4.cdefs.h.47.0bcdf94cb40e176393dd1404056825b4
                           .group:0000000000000000 wm4.alloca.h.8.dfc0c703c47ec3e69746825b17d9e66d
                           .group:0000000000000000 wm4.stdlib.h.56.d4493cd3736e51e9d56335045f26df45
                           .group:0000000000000000 wm4.unistd.h.2.39165d5b7784d1815ef4b0c4be6df560
                           .group:0000000000000000 wm4.types.h.40.e8c16e7ec36ba55f133d0616070e25fc
                           .group:0000000000000000 wm4.stddef.h.161.19e15733342b50ead2919490b095303e
                           .group:0000000000000000 wm4._stdint.h.10.c24fa3af3bc1706662bb5593a907e841
                           .group:0000000000000000 wm4._endian.h.31.65a10590763c3dde1ac4a7f66d7d4891
                           .group:0000000000000000 wm4.endian.h.9.49f3a4695c1b61e8a0808de3c4a106cb
                           .group:0000000000000000 wm4._timeval.h.30.0e8bfd94e85db17dda3286ee81496fe6
                           .group:0000000000000000 wm4.timespec.h.41.d855182eb0e690443ab8651bcedca6e1
                           .group:0000000000000000 wm4.select.h.19.97ca6fd0c752a0f3b6719fd314d361e6
                           .group:0000000000000000 wm4.types.h.69.ed3eae3cf73030a737515151ebcab7a1
                           .group:0000000000000000 wm4.sched.h.22.c60982713a5c428609783c78f9c78d95
                           .group:0000000000000000 wm4._pthreadtypes.h.36.fcee9961c35163dde6267ef772ad1972
                           .group:0000000000000000 wm4.unistd.h.170.da6e816043042c61475c2b1f58468b37

UNDEFINED SYMBOLS
trace_puts
